2018-06-25 22:13:50,717  INFO: 主引擎创建成功
2018-06-25 22:13:50,717  INFO: 注册日志事件监听
2018-06-25 22:13:50,902  INFO: CTP	交易服务器连接成功
2018-06-25 22:13:51,022  INFO: CTP	交易服务器登录完成
2018-06-25 22:13:51,190  INFO: CTP	结算信息确认完成
2018-06-25 22:13:53,021  INFO: CTP	交易合约信息获取完成
2018-06-25 22:14:01,903  INFO: CTP	行情服务器连接成功
2018-06-25 22:14:02,018  INFO: CTP	行情服务器登录完成
2018-06-25 22:14:20,851  INFO: 连接CTP接口
2018-06-25 22:14:20,860  INFO: MAIN_ENGINE	MongoDB连接失败
2018-06-25 22:15:17,387  INFO: 主引擎创建成功
2018-06-25 22:15:17,399  INFO: 注册日志事件监听
2018-06-25 22:15:17,458  INFO: CTP	行情服务器连接成功
2018-06-25 22:15:17,460  INFO: CTP	交易服务器连接成功
2018-06-25 22:15:17,525  INFO: CTP	行情服务器登录完成
2018-06-25 22:15:17,992  INFO: CTP	交易服务器登录完成
2018-06-25 22:15:18,024  INFO: CTP	结算信息确认完成
2018-06-25 22:15:18,162  INFO: CTP	交易合约信息获取完成
2018-06-25 22:15:47,544  INFO: 连接CTP接口
2018-06-25 22:15:47,545  INFO: MAIN_ENGINE	MongoDB连接失败
2018-06-25 22:17:36,566  INFO: 主引擎创建成功
2018-06-25 22:17:36,569  INFO: 注册日志事件监听
2018-06-25 22:17:36,610  INFO: CTP	交易服务器连接成功
2018-06-25 22:17:36,611  INFO: CTP	行情服务器连接成功
2018-06-25 22:17:43,581  INFO: 主引擎创建成功
2018-06-25 22:17:43,582  INFO: 注册日志事件监听
2018-06-25 22:17:43,619  INFO: CTP	行情服务器连接成功
2018-06-25 22:17:43,691  INFO: 连接CTP接口
2018-06-25 22:17:43,739  INFO: MAIN_ENGINE	MongoDB连接成功
2018-06-25 22:17:43,931  INFO: CTP	交易服务器连接成功
2018-06-25 22:17:43,933  INFO: CTP	交易服务器登录完成
2018-06-25 22:17:43,999  INFO: CTP	结算信息确认完成
2018-06-25 22:17:44,696  INFO: CTP	行情服务器登录完成
2018-06-25 22:17:45,172  INFO: CTP	交易合约信息获取完成
2018-06-25 22:19:46,653  INFO: 主引擎创建成功
2018-06-25 22:19:46,653  INFO: 注册日志事件监听
2018-06-25 22:19:46,818  INFO: CTP	交易服务器连接成功
2018-06-25 22:19:46,853  INFO: MAIN_ENGINE	MongoDB连接成功
2018-06-25 22:19:46,853  INFO: 连接CTP接口
2018-06-25 22:19:46,898  INFO: CTP	交易服务器登录完成
2018-06-25 22:19:47,832  INFO: CTP	行情服务器连接成功
2018-06-25 22:19:47,899  INFO: CTP	行情服务器登录完成
2018-06-25 22:21:47,893  INFO: CTP	交易服务器连接断开
2018-06-25 22:21:47,895  INFO: CTP	交易服务器连接成功
2018-06-25 22:21:47,896  INFO: CTP	交易服务器连接断开
2018-06-25 22:21:48,011  INFO: CTP	交易服务器连接成功
2018-06-25 22:21:48,077  INFO: CTP	交易服务器登录完成
2018-06-25 22:21:48,293  INFO: CTP	结算信息确认完成
2018-06-25 22:21:48,790  INFO: CTP	交易合约信息获取完成
