2018-07-09 21:13:54,267  INFO: 主引擎创建成功
2018-07-09 21:13:54,267  INFO: 注册日志事件监听
2018-07-09 21:13:54,371  INFO: CTP	行情服务器连接成功
2018-07-09 21:13:54,436  INFO: CTP	交易服务器连接成功
2018-07-09 21:13:54,468  INFO: CTP	行情服务器登录完成
2018-07-09 21:13:54,483  INFO: 连接CTP接口
2018-07-09 21:13:54,485  INFO: MAIN_ENGINE	MongoDB连接成功
2018-07-09 21:13:54,534  INFO: CTP	交易服务器登录完成
2018-07-09 21:13:54,715  INFO: CTP	结算信息确认完成
2018-07-09 21:13:56,219  INFO: CTP	交易合约信息获取完成
2018-07-09 21:36:11,652  INFO: CTP	交易服务器连接断开
2018-07-09 21:36:11,752  INFO: CTP	交易服务器连接成功
2018-07-09 21:36:11,868  INFO: CTP	交易服务器登录完成
2018-07-09 21:36:12,071  INFO: CTP	结算信息确认完成
2018-07-09 21:37:47,196  INFO: CTP	交易合约信息获取完成
2018-07-09 21:38:17,553  INFO: CTP	行情服务器连接断开
2018-07-09 21:38:17,572  INFO: CTP	行情服务器连接成功
2018-07-09 21:38:20,309  INFO: CTP	行情服务器登录完成
2018-07-09 21:44:05,865  INFO: CTP	行情服务器连接断开
2018-07-09 21:44:05,931  INFO: CTP	行情服务器连接成功
2018-07-09 21:44:06,101  INFO: CTP	行情服务器登录完成
2018-07-09 21:48:27,021  INFO: CTP	行情服务器连接断开
2018-07-09 21:48:27,023  INFO: CTP	行情服务器连接成功
2018-07-09 21:48:27,391  INFO: CTP	行情服务器登录完成
2018-07-09 22:15:16,588  INFO: 主引擎创建成功
2018-07-09 22:15:16,589  INFO: 注册日志事件监听
2018-07-09 22:15:16,640  INFO: 连接CTP接口
2018-07-09 22:15:16,658  INFO: MAIN_ENGINE	MongoDB连接成功
2018-07-09 22:15:16,724  INFO: CTP	交易服务器连接成功
2018-07-09 22:15:16,840  INFO: CTP	交易服务器登录完成
2018-07-09 22:15:17,020  INFO: CTP	结算信息确认完成
2018-07-09 22:15:18,007  INFO: CTP	交易合约信息获取完成
2018-07-09 22:15:19,771  INFO: CTP	行情服务器连接成功
2018-07-09 22:15:19,938  INFO: CTP	行情服务器登录完成
