2018-07-10 09:08:44,885  INFO: 主引擎创建成功
2018-07-10 09:08:44,886  INFO: 注册日志事件监听
2018-07-10 09:08:44,984  INFO: CTP	行情服务器连接成功
2018-07-10 09:08:45,050  INFO: CTP	行情服务器登录完成
2018-07-10 09:08:45,052  INFO: CTP	交易服务器连接成功
2018-07-10 09:08:45,149  INFO: 连接CTP接口
2018-07-10 09:08:45,167  INFO: MAIN_ENGINE	MongoDB连接成功
2018-07-10 09:08:45,482  INFO: CTP	交易服务器登录完成
2018-07-10 09:08:45,484  INFO: CTP	结算信息确认完成
2018-07-10 09:09:21,170  INFO: 主引擎创建成功
2018-07-10 09:09:21,171  INFO: 注册日志事件监听
2018-07-10 09:09:21,263  INFO: 连接CTP接口
2018-07-10 09:09:21,264  INFO: MAIN_ENGINE	MongoDB连接成功
2018-07-10 09:09:21,281  INFO: CTP	交易服务器连接成功
2018-07-10 09:09:21,283  INFO: CTP	行情服务器连接成功
2018-07-10 09:09:21,399  INFO: CTP	交易服务器登录完成
2018-07-10 09:09:21,465  INFO: CTP	行情服务器登录完成
2018-07-10 09:09:21,690  INFO: CTP	结算信息确认完成
2018-07-10 09:09:22,159  INFO: CTP	交易合约信息获取完成
2018-07-10 09:11:33,318  INFO: CTP	行情服务器连接断开
2018-07-10 09:11:33,417  INFO: CTP	行情服务器连接成功
2018-07-10 09:11:33,533  INFO: CTP	行情服务器登录完成
2018-07-10 12:47:32,462  INFO: 主引擎创建成功
2018-07-10 12:47:32,462  INFO: 注册日志事件监听
2018-07-10 12:47:32,527  INFO: CTP	行情服务器连接成功
2018-07-10 12:47:32,592  INFO: CTP	行情服务器登录完成
2018-07-10 12:47:32,624  INFO: CTP	交易服务器连接成功
2018-07-10 12:47:32,741  INFO: CTP	交易服务器登录完成
2018-07-10 12:47:33,120  INFO: CTP	结算信息确认完成
2018-07-10 12:47:33,538  INFO: CTP	交易合约信息获取完成
2018-07-10 12:48:02,655  INFO: 连接CTP接口
2018-07-10 12:48:02,681  INFO: MAIN_ENGINE	MongoDB连接失败
2018-07-10 12:51:06,165  INFO: 主引擎创建成功
2018-07-10 12:51:06,165  INFO: 注册日志事件监听
2018-07-10 12:51:06,179  INFO: CTP	行情服务器连接成功
2018-07-10 12:51:06,243  INFO: CTP	行情服务器登录完成
2018-07-10 12:51:36,299  INFO: 连接CTP接口
2018-07-10 12:51:36,342  INFO: MAIN_ENGINE	MongoDB连接失败
2018-07-10 12:51:39,426  INFO: CTP	交易服务器连接成功
2018-07-10 12:51:40,197  INFO: CTP	交易服务器登录完成
2018-07-10 12:51:50,713  INFO: CTP	结算信息确认完成
2018-07-10 12:52:27,994  INFO: 主引擎创建成功
2018-07-10 12:52:27,995  INFO: 注册日志事件监听
2018-07-10 12:52:28,133  INFO: CTP	交易服务器连接成功
2018-07-10 12:52:28,134  INFO: CTP	行情服务器连接成功
2018-07-10 12:52:28,250  INFO: CTP	交易服务器登录完成
2018-07-10 12:52:28,366  INFO: CTP	行情服务器登录完成
2018-07-10 12:52:34,258  INFO: CTP	结算信息确认完成
2018-07-10 12:52:36,522  INFO: MAIN_ENGINE	MongoDB连接成功
2018-07-10 12:52:44,383  INFO: 连接CTP接口
2018-07-10 12:53:00,073  INFO: 主引擎创建成功
2018-07-10 12:53:00,073  INFO: 注册日志事件监听
2018-07-10 12:53:00,109  INFO: CTP	行情服务器连接成功
2018-07-10 12:53:00,148  INFO: 连接CTP接口
2018-07-10 12:53:00,174  INFO: MAIN_ENGINE	MongoDB连接成功
2018-07-10 12:53:00,194  INFO: CTP	交易服务器连接成功
2018-07-10 12:53:00,197  INFO: CTP	行情服务器登录完成
2018-07-10 12:53:00,321  INFO: CTP	交易服务器登录完成
2018-07-10 12:53:14,803  INFO: 主引擎创建成功
2018-07-10 12:53:14,803  INFO: 注册日志事件监听
2018-07-10 12:53:14,834  INFO: CTP	行情服务器连接成功
2018-07-10 12:53:14,853  INFO: 连接CTP接口
2018-07-10 12:53:14,867  INFO: MAIN_ENGINE	MongoDB连接成功
2018-07-10 12:53:14,901  INFO: CTP	行情服务器登录完成
2018-07-10 12:53:14,905  INFO: CTP	交易服务器连接成功
2018-07-10 12:53:15,021  INFO: CTP	交易服务器登录完成
2018-07-10 12:53:16,929  INFO: CTP	结算信息确认完成
2018-07-10 12:53:17,338  INFO: CTP	交易合约信息获取完成
2018-07-10 13:01:35,253  INFO: 主引擎创建成功
2018-07-10 13:01:35,253  INFO: 注册日志事件监听
2018-07-10 13:01:35,295  INFO: 连接CTP接口
2018-07-10 13:01:35,316  INFO: MAIN_ENGINE	MongoDB连接成功
2018-07-10 13:01:36,453  INFO: CTP	交易服务器连接成功
2018-07-10 13:01:36,456  INFO: CTP	行情服务器连接成功
2018-07-10 13:01:37,225  INFO: CTP	交易服务器登录完成
2018-07-10 13:01:38,608  INFO: CTP	结算信息确认完成
2018-07-10 13:02:09,854  INFO: 主引擎创建成功
2018-07-10 13:02:09,854  INFO: 注册日志事件监听
2018-07-10 13:02:09,950  INFO: 连接CTP接口
2018-07-10 13:02:09,965  INFO: MAIN_ENGINE	MongoDB连接成功
2018-07-10 13:02:09,975  INFO: CTP	交易服务器连接成功
2018-07-10 13:02:09,977  INFO: CTP	行情服务器连接成功
2018-07-10 13:02:10,194  INFO: CTP	交易服务器登录完成
2018-07-10 13:02:12,512  INFO: CTP	行情服务器登录完成
2018-07-10 13:02:13,345  INFO: CTP	结算信息确认完成
2018-07-10 13:02:54,097  INFO: 主引擎创建成功
2018-07-10 13:02:54,098  INFO: 注册日志事件监听
2018-07-10 13:02:54,189  INFO: 连接CTP接口
2018-07-10 13:02:54,219  INFO: MAIN_ENGINE	MongoDB连接成功
2018-07-10 13:02:55,252  INFO: CTP	行情服务器连接成功
2018-07-10 13:02:55,254  INFO: CTP	交易服务器连接成功
2018-07-10 13:02:55,320  INFO: CTP	行情服务器登录完成
2018-07-10 13:02:55,340  INFO: CTP	交易服务器登录完成
2018-07-10 13:03:26,480  INFO: CTP	结算信息确认完成
2018-07-10 13:03:43,893  INFO: CTP	交易合约信息获取完成
2018-07-10 13:13:59,339  INFO: CTP	交易服务器连接断开
2018-07-10 13:13:59,455  INFO: CTP	交易服务器连接成功
2018-07-10 13:13:59,570  INFO: CTP	交易服务器登录完成
2018-07-10 13:14:00,001  INFO: CTP	结算信息确认完成
2018-07-10 13:53:43,736  INFO: CTP	行情服务器连接断开
2018-07-10 22:21:27,867  INFO: 主引擎创建成功
2018-07-10 22:21:27,887  INFO: 注册日志事件监听
2018-07-10 22:21:27,974  INFO: 连接CTP接口
2018-07-10 22:21:28,021  INFO: MAIN_ENGINE	MongoDB连接成功
2018-07-10 22:21:28,073  INFO: CTP	行情服务器连接成功
2018-07-10 22:21:28,075  INFO: CTP	交易服务器连接成功
2018-07-10 22:21:28,109  INFO: CTP	行情服务器登录完成
2018-07-10 22:21:28,149  INFO: CTP	交易服务器登录完成
2018-07-10 22:21:28,331  INFO: CTP	结算信息确认完成
2018-07-10 22:21:29,288  INFO: CTP	交易合约信息获取完成
