2018-06-28 08:57:04,926  INFO: 主引擎创建成功
2018-06-28 08:57:04,927  INFO: 注册日志事件监听
2018-06-28 08:57:04,987  INFO: CTP	交易服务器连接成功
2018-06-28 08:57:05,020  INFO: CTP	行情服务器连接成功
2018-06-28 08:57:05,086  INFO: CTP	行情服务器登录完成
2018-06-28 08:57:05,118  INFO: CTP	交易服务器登录完成
2018-06-28 08:57:05,120  INFO: 连接CTP接口
2018-06-28 08:57:05,123  INFO: MAIN_ENGINE	MongoDB连接成功
2018-06-28 08:57:05,457  INFO: CTP	结算信息确认完成
2018-06-28 08:57:05,891  INFO: CTP	交易合约信息获取完成
2018-06-28 09:12:09,156  INFO: CTP	交易服务器连接断开
2018-06-28 09:12:10,189  INFO: CTP	行情服务器连接断开
2018-06-28 10:39:05,318  INFO: 主引擎创建成功
2018-06-28 10:39:05,339  INFO: 注册日志事件监听
2018-06-28 10:39:05,422  INFO: CTP	行情服务器连接成功
2018-06-28 10:39:05,438  INFO: CTP	行情服务器登录完成
2018-06-28 10:39:05,470  INFO: CTP	交易服务器连接成功
2018-06-28 10:39:05,531  INFO: 连接CTP接口
2018-06-28 10:39:05,534  INFO: MAIN_ENGINE	MongoDB连接成功
2018-06-28 10:39:05,882  INFO: CTP	交易服务器登录完成
2018-06-28 10:39:06,380  INFO: CTP	结算信息确认完成
2018-06-28 10:39:08,231  INFO: CTP	交易合约信息获取完成
2018-06-28 11:06:14,741  INFO: 主引擎创建成功
2018-06-28 11:06:14,741  INFO: 注册日志事件监听
2018-06-28 11:06:14,756  INFO: CTP	行情服务器连接成功
2018-06-28 11:06:14,780  INFO: 连接CTP接口
2018-06-28 11:06:14,788  INFO: MAIN_ENGINE	MongoDB连接成功
2018-06-28 11:06:14,822  INFO: CTP	行情服务器登录完成
2018-06-28 11:06:14,855  INFO: CTP	交易服务器连接成功
2018-06-28 11:06:14,971  INFO: CTP	交易服务器登录完成
2018-06-28 11:06:15,540  INFO: CTP	结算信息确认完成
2018-06-28 11:06:17,510  INFO: CTP	交易合约信息获取完成
2018-06-28 14:37:55,804  INFO: 主引擎创建成功
2018-06-28 14:37:55,837  INFO: 注册日志事件监听
2018-06-28 14:37:55,853  INFO: CTP	行情服务器连接成功
2018-06-28 14:37:55,861  INFO: CTP	交易服务器连接成功
2018-06-28 14:37:55,975  INFO: CTP	交易服务器登录完成
2018-06-28 14:37:56,027  INFO: 连接CTP接口
2018-06-28 14:37:56,036  INFO: MAIN_ENGINE	MongoDB连接成功
2018-06-28 14:37:56,162  INFO: CTP	行情服务器登录完成
2018-06-28 14:37:56,229  INFO: CTP	结算信息确认完成
2018-06-28 14:37:57,128  INFO: CTP	交易合约信息获取完成
2018-06-28 14:39:11,533  INFO: 主引擎创建成功
2018-06-28 14:39:11,534  INFO: 注册日志事件监听
2018-06-28 14:39:11,619  INFO: 连接CTP接口
2018-06-28 14:39:11,656  INFO: CTP	行情服务器连接成功
2018-06-28 14:39:11,659  INFO: MAIN_ENGINE	MongoDB连接成功
2018-06-28 14:39:11,662  INFO: CTP	交易服务器连接成功
2018-06-28 14:39:11,695  INFO: CTP	行情服务器登录完成
2018-06-28 14:39:11,761  INFO: CTP	交易服务器登录完成
2018-06-28 14:39:12,745  INFO: CTP	结算信息确认完成
2018-06-28 14:39:33,070  INFO: 主引擎创建成功
2018-06-28 14:39:33,071  INFO: 注册日志事件监听
2018-06-28 14:39:33,105  INFO: CTP	交易服务器连接成功
2018-06-28 14:39:33,105  INFO: CTP	行情服务器连接成功
2018-06-28 14:39:33,117  INFO: 连接CTP接口
2018-06-28 14:39:33,121  INFO: MAIN_ENGINE	MongoDB连接成功
2018-06-28 14:39:33,187  INFO: CTP	行情服务器登录完成
2018-06-28 14:39:33,204  INFO: CTP	交易服务器登录完成
2018-06-28 14:39:33,743  INFO: CTP	结算信息确认完成
2018-06-28 14:39:35,292  INFO: CTP	交易合约信息获取完成
2018-06-28 14:46:19,134  INFO: 主引擎创建成功
2018-06-28 14:46:19,134  INFO: 注册日志事件监听
2018-06-28 14:46:19,185  INFO: 连接CTP接口
2018-06-28 14:46:19,196  INFO: MAIN_ENGINE	MongoDB连接成功
2018-06-28 14:46:19,214  INFO: CTP	行情服务器连接成功
2018-06-28 14:46:19,248  INFO: CTP	交易服务器连接成功
2018-06-28 14:46:19,314  INFO: CTP	行情服务器登录完成
2018-06-28 14:46:19,347  INFO: CTP	交易服务器登录完成
2018-06-28 14:46:20,359  INFO: CTP	结算信息确认完成
2018-06-28 14:46:21,209  INFO: CTP	交易合约信息获取完成
2018-06-28 14:52:42,064  INFO: 主引擎创建成功
2018-06-28 14:52:42,064  INFO: 注册日志事件监听
2018-06-28 14:52:42,115  INFO: 连接CTP接口
2018-06-28 14:52:42,128  INFO: MAIN_ENGINE	MongoDB连接成功
2018-06-28 14:52:42,138  INFO: CTP	行情服务器连接成功
2018-06-28 14:52:42,171  INFO: CTP	交易服务器连接成功
2018-06-28 14:52:42,237  INFO: CTP	行情服务器登录完成
2018-06-28 14:52:42,272  INFO: CTP	交易服务器登录完成
2018-06-28 14:52:42,627  INFO: CTP	结算信息确认完成
2018-06-28 14:52:43,675  INFO: CTP	交易合约信息获取完成
2018-06-28 15:15:36,414  INFO: 主引擎创建成功
2018-06-28 15:15:36,414  INFO: 注册日志事件监听
2018-06-28 15:15:36,462  INFO: 连接CTP接口
2018-06-28 15:15:36,480  INFO: MAIN_ENGINE	MongoDB连接成功
2018-06-28 15:15:36,489  INFO: CTP	行情服务器连接成功
2018-06-28 15:15:36,522  INFO: CTP	交易服务器连接成功
2018-06-28 15:15:36,588  INFO: CTP	行情服务器登录完成
2018-06-28 15:15:36,617  INFO: CTP	交易服务器登录完成
2018-06-28 15:15:37,026  INFO: CTP	结算信息确认完成
2018-06-28 15:15:37,305  INFO: CTP	交易合约信息获取完成
2018-06-28 15:15:46,378  INFO: 主引擎创建成功
2018-06-28 15:15:46,379  INFO: 注册日志事件监听
2018-06-28 15:15:46,417  INFO: 连接CTP接口
2018-06-28 15:15:46,436  INFO: MAIN_ENGINE	MongoDB连接成功
2018-06-28 15:15:46,604  INFO: CTP	交易服务器连接成功
2018-06-28 15:15:46,722  INFO: CTP	交易服务器登录完成
2018-06-28 15:15:47,039  INFO: CTP	结算信息确认完成
2018-06-28 15:15:47,423  INFO: CTP	交易合约信息获取完成
2018-06-28 15:15:47,492  INFO: CTP	行情服务器连接成功
2018-06-28 15:15:47,561  INFO: CTP	行情服务器登录完成
2018-06-28 15:16:10,308  INFO: 主引擎创建成功
2018-06-28 15:16:10,309  INFO: 注册日志事件监听
2018-06-28 15:16:10,338  INFO: CTP	行情服务器连接成功
2018-06-28 15:16:10,348  INFO: 连接CTP接口
2018-06-28 15:16:10,355  INFO: MAIN_ENGINE	MongoDB连接成功
2018-06-28 15:16:10,583  INFO: CTP	行情服务器登录完成
2018-06-28 15:16:20,425  INFO: CTP	交易服务器连接成功
2018-06-28 15:16:20,547  INFO: CTP	交易服务器登录完成
2018-06-28 15:16:20,912  INFO: CTP	结算信息确认完成
2018-06-28 15:16:21,338  INFO: CTP	交易合约信息获取完成
2018-06-28 15:19:10,056  INFO: 主引擎创建成功
2018-06-28 15:19:10,057  INFO: 注册日志事件监听
2018-06-28 15:19:10,095  INFO: 连接CTP接口
2018-06-28 15:19:10,113  INFO: MAIN_ENGINE	MongoDB连接成功
2018-06-28 15:19:10,133  INFO: CTP	行情服务器连接成功
2018-06-28 15:19:10,160  INFO: CTP	交易服务器连接成功
2018-06-28 15:19:10,207  INFO: CTP	行情服务器登录完成
2018-06-28 15:19:10,275  INFO: CTP	交易服务器登录完成
2018-06-28 15:19:10,663  INFO: CTP	结算信息确认完成
2018-06-28 15:19:11,032  INFO: CTP	交易合约信息获取完成
2018-06-28 15:20:01,865  INFO: 主引擎创建成功
2018-06-28 15:20:01,866  INFO: 注册日志事件监听
2018-06-28 15:20:01,901  INFO: 连接CTP接口
2018-06-28 15:20:01,922  INFO: MAIN_ENGINE	MongoDB连接成功
2018-06-28 15:20:01,944  INFO: CTP	行情服务器连接成功
2018-06-28 15:20:01,984  INFO: CTP	交易服务器连接成功
2018-06-28 15:20:02,012  INFO: CTP	行情服务器登录完成
2018-06-28 15:20:02,080  INFO: CTP	交易服务器登录完成
2018-06-28 15:20:02,424  INFO: CTP	结算信息确认完成
2018-06-28 15:20:02,722  INFO: CTP	交易合约信息获取完成
2018-06-28 15:22:37,404  INFO: 主引擎创建成功
2018-06-28 15:22:37,405  INFO: 注册日志事件监听
2018-06-28 15:22:37,510  INFO: CTP	行情服务器连接成功
2018-06-28 15:22:37,511  INFO: CTP	交易服务器连接成功
2018-06-28 15:22:37,577  INFO: CTP	行情服务器登录完成
2018-06-28 15:22:37,610  INFO: CTP	交易服务器登录完成
2018-06-28 15:22:38,010  INFO: CTP	结算信息确认完成
2018-06-28 15:22:38,285  INFO: CTP	交易合约信息获取完成
2018-06-28 15:22:39,644  INFO: 连接CTP接口
2018-06-28 15:22:39,666  INFO: MAIN_ENGINE	MongoDB连接成功
