2018-07-30 21:16:49,021  INFO: MAIN_ENGINE	接口不存在：CTP
2018-07-30 21:16:49,021  INFO: MAIN_ENGINE	接口不存在：CTP
2018-07-30 21:16:49,022  INFO: MAIN_ENGINE	接口不存在：CTP
2018-07-30 21:16:49,022  INFO: MAIN_ENGINE	接口不存在：CTP
2018-07-30 21:16:49,022  INFO: MAIN_ENGINE	接口不存在：CTP
2018-07-30 21:16:49,023  INFO: MAIN_ENGINE	接口不存在：CTP
2018-07-30 21:16:49,023  INFO: MAIN_ENGINE	接口不存在：CTP
2018-07-30 21:16:49,023  INFO: 主引擎创建成功
2018-07-30 21:16:49,024  INFO: 注册日志事件监听
2018-07-30 21:16:49,024  INFO: 连接CTP接口
2018-07-30 21:16:49,024  INFO: MAIN_ENGINE	接口不存在：CTP
2018-07-30 21:18:07,929  INFO: 主引擎创建成功
2018-07-30 21:18:07,929  INFO: 注册日志事件监听
2018-07-30 21:18:07,974  INFO: CTP	交易服务器连接成功
2018-07-30 21:18:08,016  INFO: CTP	行情服务器连接成功
2018-07-30 21:18:08,091  INFO: CTP	行情服务器登录完成
2018-07-30 21:18:08,110  INFO: CTP	交易服务器登录完成
2018-07-30 21:18:08,261  INFO: 连接CTP接口
2018-07-30 21:18:08,261  INFO: MAIN_ENGINE	MongoDB连接成功
2018-07-30 21:18:08,519  INFO: CTP	结算信息确认完成
2018-07-30 21:19:16,100  INFO: 主引擎创建成功
2018-07-30 21:19:16,101  INFO: 注册日志事件监听
2018-07-30 21:19:16,137  INFO: 连接CTP接口
2018-07-30 21:19:16,138  INFO: MAIN_ENGINE	MongoDB连接成功
2018-07-30 21:19:16,141  INFO: CTP	交易服务器连接成功
2018-07-30 21:19:16,182  INFO: CTP	行情服务器连接成功
2018-07-30 21:19:16,257  INFO: CTP	行情服务器登录完成
2018-07-30 21:19:16,480  INFO: CTP	交易服务器登录完成
2018-07-30 21:19:17,323  INFO: CTP	结算信息确认完成
2018-07-30 21:19:20,367  INFO: CTP	交易合约信息获取完成
2018-07-30 21:24:25,588  INFO: 主引擎创建成功
2018-07-30 21:24:25,589  INFO: 注册日志事件监听
2018-07-30 21:24:25,624  INFO: 连接CTP接口
2018-07-30 21:24:25,624  INFO: MAIN_ENGINE	MongoDB连接成功
2018-07-30 21:24:25,665  INFO: CTP	行情服务器连接成功
2018-07-30 21:24:25,742  INFO: CTP	行情服务器登录完成
2018-07-30 21:24:26,639  INFO: CTP	交易服务器连接成功
2018-07-30 21:24:27,004  INFO: CTP	交易服务器登录完成
2018-07-30 21:25:39,620  INFO: 主引擎创建成功
2018-07-30 21:25:39,620  INFO: 注册日志事件监听
2018-07-30 21:25:39,667  INFO: 连接CTP接口
2018-07-30 21:25:39,667  INFO: MAIN_ENGINE	MongoDB连接成功
2018-07-30 21:25:39,696  INFO: CTP	行情服务器连接成功
2018-07-30 21:25:39,698  INFO: CTP	交易服务器连接成功
2018-07-30 21:25:39,771  INFO: CTP	行情服务器登录完成
2018-07-30 21:25:40,036  INFO: CTP	交易服务器登录完成
2018-07-30 21:25:40,966  INFO: CTP	结算信息确认完成
2018-07-30 21:25:43,981  INFO: CTP	交易合约信息获取完成
2018-07-30 21:51:19,251  INFO: 主引擎创建成功
2018-07-30 21:51:19,269  INFO: 注册日志事件监听
2018-07-30 21:51:19,302  INFO: CTP	交易服务器连接成功
2018-07-30 21:51:19,327  INFO: 连接CTP接口
2018-07-30 21:51:19,327  INFO: MAIN_ENGINE	MongoDB连接成功
2018-07-30 21:51:19,363  INFO: CTP	交易服务器登录完成
2018-07-30 21:51:19,410  INFO: CTP	结算信息确认完成
2018-07-30 21:51:20,068  INFO: CTP	交易合约信息获取完成
2018-07-30 21:52:30,556  INFO: 主引擎创建成功
2018-07-30 21:52:30,557  INFO: 注册日志事件监听
2018-07-30 21:52:30,625  INFO: 连接CTP接口
2018-07-30 21:52:30,626  INFO: MAIN_ENGINE	MongoDB连接成功
2018-07-30 21:52:31,614  INFO: CTP	交易服务器连接成功
2018-07-30 21:52:32,172  INFO: CTP	交易服务器登录完成
2018-07-30 21:52:32,873  INFO: CTP	行情服务器连接成功
2018-07-30 21:52:33,224  INFO: CTP	结算信息确认完成
2018-07-30 21:52:36,155  INFO: CTP	交易合约信息获取完成
2018-07-30 21:52:39,601  INFO: CTP	行情服务器登录完成
2018-07-30 21:59:09,439  INFO: 主引擎创建成功
2018-07-30 21:59:09,439  INFO: 注册日志事件监听
2018-07-30 21:59:09,475  INFO: CTP	交易服务器连接成功
2018-07-30 21:59:09,486  INFO: 连接CTP接口
2018-07-30 21:59:09,486  INFO: MAIN_ENGINE	MongoDB连接成功
2018-07-30 21:59:09,987  INFO: CTP	交易服务器登录完成
2018-07-30 21:59:10,047  INFO: CTP	结算信息确认完成
2018-07-30 21:59:10,289  INFO: CTP	交易合约信息获取完成
2018-07-30 21:59:11,659  INFO: CTP	行情服务器连接成功
2018-07-30 21:59:12,010  INFO: CTP	行情服务器登录完成
2018-07-30 22:01:14,983  INFO: 主引擎创建成功
2018-07-30 22:01:14,984  INFO: 注册日志事件监听
2018-07-30 22:01:15,037  INFO: 连接CTP接口
2018-07-30 22:01:15,037  INFO: MAIN_ENGINE	MongoDB连接成功
2018-07-30 22:01:15,121  INFO: CTP	交易服务器连接成功
2018-07-30 22:01:15,581  INFO: CTP	交易服务器登录完成
2018-07-30 22:01:17,654  INFO: CTP	行情服务器连接成功
2018-07-30 22:01:17,998  INFO: CTP	行情服务器登录完成
2018-07-30 22:01:18,227  INFO: CTP	结算信息确认完成
2018-07-30 22:02:13,684  INFO: 主引擎创建成功
2018-07-30 22:02:13,684  INFO: 注册日志事件监听
2018-07-30 22:02:13,723  INFO: CTP	交易服务器连接成功
2018-07-30 22:02:13,739  INFO: 连接CTP接口
2018-07-30 22:02:13,740  INFO: MAIN_ENGINE	MongoDB连接成功
2018-07-30 22:02:14,424  INFO: CTP	交易服务器登录完成
2018-07-30 22:02:14,870  INFO: CTP	结算信息确认完成
2018-07-30 22:02:23,770  INFO: CTP	行情服务器连接成功
2018-07-30 22:02:23,846  INFO: CTP	行情服务器登录完成
2018-07-30 22:02:47,028  INFO: CTP	交易合约信息获取完成
2018-07-30 22:05:27,801  INFO: 主引擎创建成功
2018-07-30 22:05:27,802  INFO: 注册日志事件监听
2018-07-30 22:05:27,840  INFO: 连接CTP接口
2018-07-30 22:05:27,840  INFO: MAIN_ENGINE	MongoDB连接成功
2018-07-30 22:05:27,923  INFO: CTP	交易服务器连接成功
2018-07-30 22:05:28,043  INFO: CTP	交易服务器登录完成
2018-07-30 22:05:31,043  INFO: CTP	结算信息确认完成
2018-07-30 22:05:37,907  INFO: CTP	行情服务器连接成功
2018-07-30 22:05:37,998  INFO: CTP	行情服务器登录完成
2018-07-30 22:05:59,370  INFO: 主引擎创建成功
2018-07-30 22:05:59,370  INFO: 注册日志事件监听
2018-07-30 22:05:59,405  INFO: 连接CTP接口
2018-07-30 22:05:59,405  INFO: MAIN_ENGINE	MongoDB连接成功
2018-07-30 22:05:59,501  INFO: CTP	交易服务器连接成功
2018-07-30 22:06:00,172  INFO: CTP	交易服务器登录完成
2018-07-30 22:06:06,331  INFO: CTP	结算信息确认完成
2018-07-30 22:06:22,647  INFO: CTP	行情服务器连接成功
2018-07-30 22:06:22,802  INFO: CTP	行情服务器登录完成
2018-07-30 22:08:07,360  INFO: 主引擎创建成功
2018-07-30 22:08:07,361  INFO: 注册日志事件监听
2018-07-30 22:08:07,396  INFO: 连接CTP接口
2018-07-30 22:08:07,396  INFO: MAIN_ENGINE	MongoDB连接成功
2018-07-30 22:08:07,441  INFO: CTP	行情服务器连接成功
2018-07-30 22:08:07,514  INFO: CTP	行情服务器登录完成
2018-07-30 22:08:08,493  INFO: CTP	交易服务器连接成功
2018-07-30 22:08:08,612  INFO: CTP	交易服务器登录完成
2018-07-30 22:08:08,954  INFO: CTP	结算信息确认完成
2018-07-30 22:08:29,368  INFO: CTP	交易合约信息获取完成
2018-07-30 22:15:38,476  INFO: 主引擎创建成功
2018-07-30 22:15:38,477  INFO: 注册日志事件监听
2018-07-30 22:15:38,514  INFO: 连接CTP接口
2018-07-30 22:15:38,515  INFO: MAIN_ENGINE	MongoDB连接成功
2018-07-30 22:15:38,556  INFO: CTP	行情服务器连接成功
2018-07-30 22:15:38,631  INFO: CTP	行情服务器登录完成
2018-07-30 22:15:41,752  INFO: CTP	交易服务器连接成功
2018-07-30 22:15:42,106  INFO: CTP	交易服务器登录完成
2018-07-30 22:15:42,767  INFO: CTP	结算信息确认完成
2018-07-30 22:15:53,133  INFO: CTP	交易合约信息获取完成
2018-07-30 22:17:46,577  INFO: CTP	行情服务器连接断开
2018-07-30 22:17:47,654  INFO: CTP	行情服务器连接成功
2018-07-30 22:17:47,728  INFO: CTP	行情服务器登录完成
2018-07-30 22:25:11,493  INFO: 主引擎创建成功
2018-07-30 22:25:11,493  INFO: 注册日志事件监听
2018-07-30 22:25:11,528  INFO: 连接CTP接口
2018-07-30 22:25:11,528  INFO: MAIN_ENGINE	MongoDB连接成功
2018-07-30 22:25:12,545  INFO: CTP	交易服务器连接成功
2018-07-30 22:25:12,628  INFO: CTP	交易服务器登录完成
2018-07-30 22:25:12,689  INFO: CTP	结算信息确认完成
2018-07-30 22:25:59,787  INFO: 主引擎创建成功
2018-07-30 22:25:59,787  INFO: 注册日志事件监听
2018-07-30 22:25:59,822  INFO: 连接CTP接口
2018-07-30 22:25:59,823  INFO: MAIN_ENGINE	MongoDB连接成功
2018-07-30 22:26:00,879  INFO: CTP	行情服务器连接成功
2018-07-30 22:26:00,959  INFO: CTP	行情服务器登录完成
2018-07-30 22:26:09,805  INFO: CTP	交易服务器连接成功
2018-07-30 22:26:10,185  INFO: CTP	交易服务器登录完成
2018-07-30 22:26:10,817  INFO: CTP	结算信息确认完成
2018-07-30 22:26:15,067  INFO: CTP	交易合约信息获取完成
