2018-06-27 20:59:06,469  INFO: 主引擎创建成功
2018-06-27 20:59:06,469  INFO: 注册日志事件监听
2018-06-27 20:59:06,533  INFO: CTP	交易服务器连接成功
2018-06-27 20:59:06,643  INFO: 连接CTP接口
2018-06-27 20:59:06,647  INFO: MAIN_ENGINE	MongoDB连接成功
2018-06-27 20:59:06,866  INFO: CTP	交易服务器登录完成
2018-06-27 20:59:07,454  INFO: CTP	结算信息确认完成
2018-06-27 20:59:08,418  INFO: CTP	交易合约信息获取完成
2018-06-27 21:00:43,649  INFO: 主引擎创建成功
2018-06-27 21:00:43,649  INFO: 注册日志事件监听
2018-06-27 21:00:43,664  INFO: CTP	交易服务器连接成功
2018-06-27 21:00:43,675  INFO: 连接CTP接口
2018-06-27 21:00:43,679  INFO: MAIN_ENGINE	MongoDB连接成功
2018-06-27 21:00:43,795  INFO: CTP	行情服务器连接成功
2018-06-27 21:00:44,263  INFO: CTP	交易服务器登录完成
2018-06-27 21:00:44,685  INFO: CTP	结算信息确认完成
2018-06-27 21:00:44,751  INFO: CTP	行情服务器登录完成
2018-06-27 21:00:46,151  INFO: CTP	交易合约信息获取完成
2018-06-27 21:02:02,138  INFO: 主引擎创建成功
2018-06-27 21:02:02,139  INFO: 注册日志事件监听
2018-06-27 21:02:02,154  INFO: CTP	交易服务器连接成功
2018-06-27 21:02:02,165  INFO: 连接CTP接口
2018-06-27 21:02:02,170  INFO: MAIN_ENGINE	MongoDB连接成功
2018-06-27 21:02:02,285  INFO: CTP	交易服务器登录完成
2018-06-27 21:02:02,552  INFO: CTP	结算信息确认完成
2018-06-27 21:02:04,184  INFO: CTP	交易合约信息获取完成
2018-06-27 21:02:22,327  INFO: CTP	行情服务器连接成功
2018-06-27 21:02:23,046  INFO: CTP	行情服务器登录完成
2018-06-27 21:07:00,713  INFO: 主引擎创建成功
2018-06-27 21:07:00,713  INFO: 注册日志事件监听
2018-06-27 21:07:00,736  INFO: 连接CTP接口
2018-06-27 21:07:00,743  INFO: MAIN_ENGINE	MongoDB连接成功
2018-06-27 21:07:10,837  INFO: CTP	交易服务器连接成功
2018-06-27 21:07:10,953  INFO: CTP	交易服务器登录完成
2018-06-27 21:07:11,170  INFO: CTP	结算信息确认完成
2018-06-27 21:07:12,339  INFO: CTP	行情服务器连接成功
2018-06-27 21:07:12,438  INFO: CTP	行情服务器登录完成
2018-06-27 21:07:13,145  INFO: CTP	交易合约信息获取完成
2018-06-27 21:13:05,512  INFO: 主引擎创建成功
2018-06-27 21:13:05,512  INFO: 注册日志事件监听
2018-06-27 21:13:05,535  INFO: 连接CTP接口
2018-06-27 21:13:05,544  INFO: MAIN_ENGINE	MongoDB连接成功
2018-06-27 21:13:05,610  INFO: CTP	行情服务器连接成功
2018-06-27 21:13:05,612  INFO: CTP	交易服务器连接成功
2018-06-27 21:13:05,731  INFO: CTP	行情服务器登录完成
2018-06-27 21:13:05,734  INFO: CTP	交易服务器登录完成
2018-06-27 21:13:06,109  INFO: CTP	结算信息确认完成
2018-06-27 21:13:08,669  INFO: CTP	交易合约信息获取完成
2018-06-27 21:15:28,992  INFO: 主引擎创建成功
2018-06-27 21:15:28,993  INFO: 注册日志事件监听
2018-06-27 21:15:29,007  INFO: CTP	交易服务器连接成功
2018-06-27 21:15:29,016  INFO: 连接CTP接口
2018-06-27 21:15:29,023  INFO: MAIN_ENGINE	MongoDB连接成功
2018-06-27 21:15:29,139  INFO: CTP	行情服务器连接成功
2018-06-27 21:15:29,255  INFO: CTP	行情服务器登录完成
2018-06-27 21:15:29,322  INFO: CTP	交易服务器登录完成
2018-06-27 21:15:29,438  INFO: CTP	结算信息确认完成
2018-06-27 21:15:31,169  INFO: CTP	交易合约信息获取完成
2018-06-27 21:18:54,279  INFO: 主引擎创建成功
2018-06-27 21:18:54,279  INFO: 注册日志事件监听
2018-06-27 21:18:54,295  INFO: CTP	交易服务器连接成功
2018-06-27 21:18:54,302  INFO: 连接CTP接口
2018-06-27 21:18:54,303  INFO: MAIN_ENGINE	MongoDB连接成功
2018-06-27 21:18:54,305  INFO: CTP	交易服务器连接断开
2018-06-27 21:18:54,420  INFO: CTP	交易服务器连接成功
2018-06-27 21:18:54,537  INFO: CTP	交易服务器登录完成
2018-06-27 21:18:54,653  INFO: CTP	结算信息确认完成
2018-06-27 21:18:56,601  INFO: CTP	交易合约信息获取完成
2018-06-27 21:18:57,549  INFO: CTP	行情服务器连接成功
2018-06-27 21:18:57,766  INFO: CTP	行情服务器登录完成
2018-06-27 21:30:19,882  INFO: 主引擎创建成功
2018-06-27 21:30:19,883  INFO: 注册日志事件监听
2018-06-27 21:30:19,906  INFO: 连接CTP接口
2018-06-27 21:30:19,913  INFO: MAIN_ENGINE	MongoDB连接成功
2018-06-27 21:30:20,028  INFO: CTP	交易服务器连接成功
2018-06-27 21:30:20,094  INFO: CTP	交易服务器登录完成
2018-06-27 21:30:20,262  INFO: CTP	结算信息确认完成
2018-06-27 21:30:21,014  INFO: CTP	行情服务器连接成功
2018-06-27 21:30:21,050  INFO: CTP	交易合约信息获取完成
2018-06-27 21:30:21,116  INFO: CTP	行情服务器登录完成
2018-06-27 21:43:13,020  INFO: 主引擎创建成功
2018-06-27 21:43:13,020  INFO: 注册日志事件监听
2018-06-27 21:43:13,042  INFO: 连接CTP接口
2018-06-27 21:43:13,050  INFO: MAIN_ENGINE	MongoDB连接成功
2018-06-27 21:43:13,166  INFO: CTP	交易服务器连接成功
2018-06-27 21:43:13,233  INFO: CTP	交易服务器登录完成
2018-06-27 21:43:13,450  INFO: CTP	结算信息确认完成
2018-06-27 21:43:14,425  INFO: CTP	交易合约信息获取完成
2018-06-27 21:43:36,334  INFO: CTP	行情服务器连接成功
2018-06-27 21:43:36,802  INFO: CTP	行情服务器登录完成
2018-06-27 21:48:38,678  INFO: 主引擎创建成功
2018-06-27 21:48:38,678  INFO: 注册日志事件监听
2018-06-27 21:48:38,708  INFO: 连接CTP接口
2018-06-27 21:48:38,712  INFO: MAIN_ENGINE	MongoDB连接成功
2018-06-27 21:48:38,827  INFO: CTP	交易服务器连接成功
2018-06-27 21:48:38,944  INFO: CTP	交易服务器登录完成
2018-06-27 21:48:39,111  INFO: CTP	结算信息确认完成
2018-06-27 21:48:41,119  INFO: CTP	交易合约信息获取完成
2018-06-27 21:48:41,801  INFO: CTP	行情服务器连接成功
2018-06-27 21:48:46,486  INFO: CTP	行情服务器登录完成
