2018-08-10 14:33:07,687  INFO: CTP	行情服务器连接成功
2018-08-10 14:33:07,692  INFO: CTP	交易服务器连接成功
2018-08-10 14:33:07,707  INFO: CTP	行情服务器登录完成
2018-08-10 14:33:07,717  INFO: CTP	交易服务器登录完成
2018-08-10 14:33:07,840  INFO: CTP	结算信息确认完成
2018-08-10 14:33:08,164  INFO: CTP	交易合约信息获取完成
2018-08-10 14:33:09,902  INFO: MAIN_ENGINE	MongoDB连接成功
2018-08-10 14:33:27,267  INFO: CTA_STRATEGY	CTA引擎启动成功
2018-08-10 14:33:30,907  INFO: CTA_STRATEGY	策略加载成功
2018-08-10 14:33:32,818  INFO: CTA_STRATEGY	HorizBreakout:HorizBreakout策略初始化
2018-08-10 14:43:40,032  INFO: CTP	交易服务器连接成功
2018-08-10 14:43:40,033  INFO: CTP	行情服务器连接成功
2018-08-10 14:43:40,053  INFO: CTP	交易服务器登录完成
2018-08-10 14:43:40,054  INFO: CTP	行情服务器登录完成
2018-08-10 14:43:40,094  INFO: CTP	结算信息确认完成
2018-08-10 14:43:40,614  INFO: CTP	交易合约信息获取完成
2018-08-10 14:43:42,197  INFO: MAIN_ENGINE	MongoDB连接成功
2018-08-10 14:44:02,207  INFO: CTA_STRATEGY	CTA引擎启动成功
2018-08-10 14:44:03,846  INFO: CTA_STRATEGY	策略加载成功
2018-08-10 14:44:08,041  INFO: CTA_STRATEGY	AvgBreak:AvgBreak策略初始化
2018-08-10 14:44:14,174  INFO: CTA_STRATEGY	HorizBreakout:HorizBreakout策略初始化
2018-08-10 15:02:14,512  INFO: CTP	行情服务器连接成功
2018-08-10 15:02:14,517  INFO: CTP	交易服务器连接成功
2018-08-10 15:02:14,530  INFO: CTP	行情服务器登录完成
2018-08-10 15:02:14,538  INFO: CTP	交易服务器登录完成
2018-08-10 15:02:14,582  INFO: CTP	结算信息确认完成
2018-08-10 15:02:14,714  INFO: CTP	交易合约信息获取完成
2018-08-10 15:02:16,678  INFO: MAIN_ENGINE	MongoDB连接成功
2018-08-10 15:41:08,126  INFO: CTP	交易服务器连接成功
2018-08-10 15:41:08,143  INFO: CTP	行情服务器连接成功
2018-08-10 15:41:08,148  INFO: CTP	交易服务器登录完成
2018-08-10 15:41:08,149  INFO: CTP	行情服务器登录完成
2018-08-10 15:41:08,184  INFO: CTP	结算信息确认完成
2018-08-10 15:41:08,349  INFO: CTP	交易合约信息获取完成
2018-08-10 15:41:10,234  INFO: MAIN_ENGINE	MongoDB连接成功
2018-08-10 21:28:47,900  INFO: CTP	行情服务器连接成功
2018-08-10 21:28:47,928  INFO: CTP	交易服务器连接成功
2018-08-10 21:28:47,928  INFO: CTP	行情服务器登录完成
2018-08-10 21:28:47,928  INFO: CTP	交易服务器登录完成
2018-08-10 21:28:47,956  INFO: CTP	结算信息确认完成
2018-08-10 21:28:48,096  INFO: CTP	交易合约信息获取完成
2018-08-10 21:28:50,034  INFO: MAIN_ENGINE	MongoDB连接成功
