2018-08-18 09:54:37,550  INFO: CTP	行情服务器连接成功
2018-08-18 09:54:37,561  INFO: CTP	交易服务器连接成功
2018-08-18 09:54:37,562  INFO: CTP	行情服务器登录完成
2018-08-18 09:54:37,579  INFO: CTP	交易服务器登录完成
2018-08-18 09:54:37,609  INFO: CTP	结算信息确认完成
2018-08-18 09:54:37,775  INFO: CTP	交易合约信息获取完成
2018-08-18 09:54:39,810  INFO: MAIN_ENGINE	MongoDB连接成功
2018-08-18 09:55:43,578  INFO: CTP	行情服务器连接成功
2018-08-18 09:55:43,580  INFO: CTP	交易服务器连接成功
2018-08-18 09:55:43,594  INFO: CTP	行情服务器登录完成
2018-08-18 09:55:43,601  INFO: CTP	交易服务器登录完成
2018-08-18 09:55:43,640  INFO: CTP	结算信息确认完成
2018-08-18 09:55:43,764  INFO: CTP	交易合约信息获取完成
2018-08-18 09:55:45,790  INFO: MAIN_ENGINE	MongoDB连接成功
2018-08-18 10:07:37,756  INFO: CTP	行情服务器连接成功
2018-08-18 10:07:37,757  INFO: CTP	交易服务器连接成功
2018-08-18 10:07:37,772  INFO: CTP	交易服务器登录完成
2018-08-18 10:07:37,773  INFO: CTP	行情服务器登录完成
2018-08-18 10:07:37,802  INFO: CTP	结算信息确认完成
2018-08-18 10:07:37,910  INFO: CTP	交易合约信息获取完成
2018-08-18 10:07:40,071  INFO: MAIN_ENGINE	MongoDB连接成功
2018-08-18 10:26:46,361  INFO: CTP	交易服务器连接成功
2018-08-18 10:26:46,362  INFO: CTP	行情服务器连接成功
2018-08-18 10:26:46,379  INFO: CTP	交易服务器登录完成
2018-08-18 10:26:46,380  INFO: CTP	行情服务器登录完成
2018-08-18 10:26:46,410  INFO: CTP	结算信息确认完成
2018-08-18 10:26:46,518  INFO: CTP	交易合约信息获取完成
2018-08-18 10:26:49,258  INFO: MAIN_ENGINE	MongoDB连接成功
2018-08-18 10:29:52,715  INFO: CTP	行情服务器连接成功
2018-08-18 10:29:52,717  INFO: CTP	交易服务器连接成功
2018-08-18 10:29:52,728  INFO: CTP	行情服务器登录完成
2018-08-18 10:29:52,731  INFO: CTP	交易服务器登录完成
2018-08-18 10:29:52,761  INFO: CTP	结算信息确认完成
2018-08-18 10:29:52,901  INFO: CTP	交易合约信息获取完成
2018-08-18 10:29:55,033  INFO: MAIN_ENGINE	MongoDB连接成功
2018-08-18 10:32:43,286  INFO: CTP	行情服务器连接成功
2018-08-18 10:32:43,288  INFO: CTP	交易服务器连接成功
2018-08-18 10:32:43,302  INFO: CTP	行情服务器登录完成
2018-08-18 10:32:43,306  INFO: CTP	交易服务器登录完成
2018-08-18 10:32:43,336  INFO: CTP	结算信息确认完成
2018-08-18 10:32:44,120  INFO: CTP	交易合约信息获取完成
2018-08-18 10:32:45,528  INFO: MAIN_ENGINE	MongoDB连接成功
2018-08-18 10:34:32,221  INFO: CTP	行情服务器连接成功
2018-08-18 10:34:32,223  INFO: CTP	交易服务器连接成功
2018-08-18 10:34:32,237  INFO: CTP	行情服务器登录完成
2018-08-18 10:34:32,244  INFO: CTP	交易服务器登录完成
2018-08-18 10:34:32,282  INFO: CTP	结算信息确认完成
2018-08-18 10:34:32,406  INFO: CTP	交易合约信息获取完成
2018-08-18 10:34:34,558  INFO: MAIN_ENGINE	MongoDB连接成功
2018-08-18 10:38:30,620  INFO: CTP	行情服务器连接成功
2018-08-18 10:38:30,621  INFO: CTP	交易服务器连接成功
2018-08-18 10:38:30,641  INFO: CTP	交易服务器登录完成
2018-08-18 10:38:30,642  INFO: CTP	行情服务器登录完成
2018-08-18 10:38:30,672  INFO: CTP	结算信息确认完成
2018-08-18 10:38:30,770  INFO: CTP	交易合约信息获取完成
2018-08-18 10:38:32,841  INFO: MAIN_ENGINE	MongoDB连接成功
2018-08-18 11:10:09,632  INFO: CTP	行情服务器连接成功
2018-08-18 11:10:09,637  INFO: CTP	交易服务器连接成功
2018-08-18 11:10:09,652  INFO: CTP	行情服务器登录完成
2018-08-18 11:10:09,660  INFO: CTP	交易服务器登录完成
2018-08-18 11:10:09,691  INFO: CTP	结算信息确认完成
2018-08-18 11:10:09,801  INFO: CTP	交易合约信息获取完成
2018-08-18 11:10:11,883  INFO: MAIN_ENGINE	MongoDB连接成功
2018-08-18 11:17:04,758  INFO: CTP	行情服务器连接成功
2018-08-18 11:17:04,761  INFO: CTP	交易服务器连接成功
2018-08-18 11:17:04,772  INFO: CTP	行情服务器登录完成
2018-08-18 11:17:04,778  INFO: CTP	交易服务器登录完成
2018-08-18 11:17:04,810  INFO: CTP	结算信息确认完成
2018-08-18 11:17:04,917  INFO: CTP	交易合约信息获取完成
2018-08-18 11:17:07,613  INFO: MAIN_ENGINE	MongoDB连接成功
2018-08-18 11:55:11,020  INFO: CTP	交易服务器连接成功
2018-08-18 11:55:11,021  INFO: CTP	行情服务器连接成功
2018-08-18 11:55:11,039  INFO: CTP	行情服务器登录完成
2018-08-18 11:55:11,054  INFO: CTP	交易服务器登录完成
2018-08-18 11:55:11,103  INFO: CTP	结算信息确认完成
2018-08-18 11:55:11,313  INFO: CTP	交易合约信息获取完成
2018-08-18 11:55:13,270  INFO: MAIN_ENGINE	MongoDB连接成功
2018-08-18 12:35:45,236  INFO: CTP	交易服务器连接成功
2018-08-18 12:35:45,237  INFO: CTP	行情服务器连接成功
2018-08-18 12:35:45,252  INFO: CTP	行情服务器登录完成
2018-08-18 12:35:45,254  INFO: CTP	交易服务器登录完成
2018-08-18 12:35:45,284  INFO: CTP	结算信息确认完成
2018-08-18 12:35:45,394  INFO: CTP	交易合约信息获取完成
2018-08-18 12:35:47,523  INFO: MAIN_ENGINE	MongoDB连接成功
2018-08-18 12:50:25,583  INFO: CTP	行情服务器连接成功
2018-08-18 12:50:25,589  INFO: CTP	交易服务器连接成功
2018-08-18 12:50:25,600  INFO: CTP	行情服务器登录完成
2018-08-18 12:50:25,607  INFO: CTP	交易服务器登录完成
2018-08-18 12:50:25,641  INFO: CTP	结算信息确认完成
2018-08-18 12:50:25,761  INFO: CTP	交易合约信息获取完成
2018-08-18 12:50:27,907  INFO: MAIN_ENGINE	MongoDB连接成功
2018-08-18 12:52:22,130  INFO: CTP	行情服务器连接成功
2018-08-18 12:52:22,140  INFO: CTP	交易服务器连接成功
2018-08-18 12:52:22,147  INFO: CTP	行情服务器登录完成
2018-08-18 12:52:22,166  INFO: CTP	交易服务器登录完成
2018-08-18 12:52:22,198  INFO: CTP	结算信息确认完成
2018-08-18 12:52:22,329  INFO: CTP	交易合约信息获取完成
2018-08-18 12:52:24,372  INFO: MAIN_ENGINE	MongoDB连接成功
2018-08-18 20:39:38,655  INFO: CTP	行情服务器连接成功
2018-08-18 20:39:38,667  INFO: CTP	交易服务器连接成功
2018-08-18 20:39:38,670  INFO: CTP	行情服务器登录完成
2018-08-18 20:39:38,677  INFO: CTP	交易服务器登录完成
2018-08-18 20:39:38,708  INFO: CTP	结算信息确认完成
2018-08-18 20:39:38,847  INFO: CTP	交易合约信息获取完成
2018-08-18 20:39:40,883  INFO: MAIN_ENGINE	MongoDB连接成功
2018-08-18 21:15:37,793  INFO: CTP	行情服务器连接成功
2018-08-18 21:15:37,803  INFO: CTP	交易服务器连接成功
2018-08-18 21:15:37,813  INFO: CTP	行情服务器登录完成
2018-08-18 21:15:37,827  INFO: CTP	交易服务器登录完成
2018-08-18 21:15:37,862  INFO: CTP	结算信息确认完成
2018-08-18 21:15:37,980  INFO: CTP	交易合约信息获取完成
2018-08-18 21:15:40,028  INFO: MAIN_ENGINE	MongoDB连接成功
2018-08-18 21:15:42,616  INFO: CTA_STRATEGY	CTA引擎启动成功
2018-08-18 21:15:47,065  INFO: CTA_STRATEGY	策略加载成功
2018-08-18 21:15:54,244  INFO: CTA_STRATEGY	AvgBreak:AvgBreak策略初始化
2018-08-18 21:15:55,130  INFO: CTA_STRATEGY	策略AvgBreak触发异常已停止
Traceback (most recent call last):
  File "/home/linlin/pytrader/cyvn/trader/app/ctaStrategy/ctaEngine.py", line 576, in callStrategyFunc
    func()
  File "/home/linlin/pytrader/cyvn/trader/app/ctaStrategy/strategy/strategyAvgBreak.py", line 85, in onInit
    self.onMyBar(bar)
  File "/home/linlin/pytrader/cyvn/trader/app/ctaStrategy/strategy/strategyAvgBreak.py", line 143, in onMyBar
    self.setTargetPos(self.fixedSize)
  File "/home/linlin/pytrader/cyvn/trader/app/ctaStrategy/ctaTemplate.py", line 273, in setTargetPos
    self.trade()
  File "/home/linlin/pytrader/cyvn/trader/app/ctaStrategy/ctaTemplate.py", line 301, in trade
    longPrice = self.lastBar.close + self.tickAdd
AttributeError: 'NoneType' object has no attribute 'close'

2018-08-18 21:16:20,172  INFO: CTA_STRATEGY	HorizBreakout:HorizBreakout策略初始化
2018-08-18 21:17:41,144  INFO: CTA_STRATEGY	HorizBreakout:HorizBreakout策略启动
2018-08-18 21:21:48,703  INFO: CTP	行情服务器连接成功
2018-08-18 21:21:48,708  INFO: CTP	交易服务器连接成功
2018-08-18 21:21:48,718  INFO: CTP	行情服务器登录完成
2018-08-18 21:21:48,729  INFO: CTP	交易服务器登录完成
2018-08-18 21:21:48,759  INFO: CTP	结算信息确认完成
2018-08-18 21:21:48,866  INFO: CTP	交易合约信息获取完成
2018-08-18 21:21:50,918  INFO: MAIN_ENGINE	MongoDB连接成功
2018-08-18 21:21:58,041  INFO: CTA_STRATEGY	CTA引擎启动成功
2018-08-18 21:22:01,531  INFO: CTA_STRATEGY	策略加载成功
2018-08-18 21:22:06,546  INFO: CTA_STRATEGY	AvgBreak:AvgBreak策略初始化
2018-08-18 21:22:10,053  INFO: CTA_STRATEGY	AvgBreak:AvgBreak策略启动
2018-08-18 21:22:13,591  INFO: CTA_STRATEGY	HorizBreakout:HorizBreakout策略初始化
2018-08-18 21:23:14,751  INFO: CTA_STRATEGY	HorizBreakout:HorizBreakout策略启动
2018-08-18 23:02:02,674  INFO: CTP	行情服务器连接成功
2018-08-18 23:02:02,684  INFO: CTP	交易服务器连接成功
2018-08-18 23:02:02,686  INFO: CTP	行情服务器登录完成
2018-08-18 23:02:02,695  INFO: CTP	交易服务器登录完成
2018-08-18 23:02:02,726  INFO: CTP	结算信息确认完成
2018-08-18 23:02:02,851  INFO: CTP	交易合约信息获取完成
2018-08-18 23:02:04,903  INFO: MAIN_ENGINE	MongoDB连接成功
