2018-08-01 09:07:10,196  INFO: CTP	交易服务器连接成功
2018-08-01 09:07:10,232  INFO: CTP	行情服务器连接成功
2018-08-01 09:07:10,275  INFO: CTP	交易服务器登录完成
2018-08-01 09:07:10,300  INFO: CTP	行情服务器登录完成
2018-08-01 09:07:10,369  INFO: CTP	结算信息确认完成
2018-08-01 09:07:10,579  INFO: CTP	交易合约信息获取完成
2018-08-01 09:07:12,326  INFO: MAIN_ENGINE	MongoDB连接成功
2018-08-01 09:08:10,042  INFO: CTP	交易服务器连接成功
2018-08-01 09:08:10,079  INFO: CTP	行情服务器连接成功
2018-08-01 09:08:10,146  INFO: CTP	行情服务器登录完成
2018-08-01 09:08:10,148  INFO: CTP	交易服务器登录完成
2018-08-01 09:08:10,214  INFO: CTP	结算信息确认完成
2018-08-01 09:08:11,296  INFO: CTP	交易合约信息获取完成
2018-08-01 09:08:12,316  INFO: MAIN_ENGINE	MongoDB连接成功
2018-08-01 09:12:13,429  INFO: CTP	交易服务器连接成功
2018-08-01 09:12:13,698  INFO: CTP	交易服务器登录完成
2018-08-01 09:12:14,725  INFO: CTP	行情服务器连接成功
2018-08-01 09:12:15,339  INFO: CTP	行情服务器登录完成
2018-08-01 09:12:15,483  INFO: CTP	结算信息确认完成
2018-08-01 09:12:16,439  INFO: MAIN_ENGINE	MongoDB连接成功
2018-08-01 09:12:20,747  INFO: CTP	交易合约信息获取完成
2018-08-01 09:15:46,005  INFO: CTP	交易服务器连接成功
2018-08-01 09:15:46,321  INFO: CTP	交易服务器登录完成
2018-08-01 09:15:46,417  INFO: CTP	结算信息确认完成
2018-08-01 09:15:47,050  INFO: CTP	行情服务器连接成功
2018-08-01 09:15:47,122  INFO: CTP	行情服务器登录完成
2018-08-01 09:15:48,120  INFO: MAIN_ENGINE	MongoDB连接成功
2018-08-01 09:15:48,974  INFO: CTP	交易合约信息获取完成
2018-08-01 09:21:07,962  INFO: CTP	行情服务器连接成功
2018-08-01 09:21:08,028  INFO: CTP	行情服务器登录完成
2018-08-01 09:21:08,936  INFO: CTP	交易服务器连接成功
2018-08-01 09:21:09,016  INFO: CTP	交易服务器登录完成
2018-08-01 09:21:10,148  INFO: MAIN_ENGINE	MongoDB连接成功
2018-08-01 09:21:27,970  INFO: CTP	结算信息确认完成
2018-08-01 09:22:41,024  INFO: CTP	行情服务器连接成功
2018-08-01 09:22:41,104  INFO: CTP	行情服务器登录完成
2018-08-01 09:22:42,055  INFO: CTP	交易服务器连接成功
2018-08-01 09:22:42,088  INFO: CTP	交易服务器登录完成
2018-08-01 09:22:42,673  INFO: CTP	结算信息确认完成
2018-08-01 09:22:43,312  INFO: MAIN_ENGINE	MongoDB连接成功
2018-08-01 09:22:43,605  INFO: CTP	交易合约信息获取完成
2018-08-01 09:26:53,096  INFO: CTP	交易服务器连接断开
2018-08-01 09:26:53,383  INFO: CTP	交易服务器连接成功
2018-08-01 09:26:54,376  INFO: CTP	交易服务器登录完成
2018-08-01 09:26:54,666  INFO: CTP	结算信息确认完成
2018-08-01 09:26:55,997  INFO: CTP	交易合约信息获取完成
2018-08-01 09:34:48,044  INFO: CTP	行情服务器连接成功
2018-08-01 09:34:48,067  INFO: CTP	交易服务器连接成功
2018-08-01 09:34:48,106  INFO: CTP	行情服务器登录完成
2018-08-01 09:34:50,196  INFO: MAIN_ENGINE	MongoDB连接成功
2018-08-01 09:34:56,985  INFO: CTP	交易服务器登录完成
2018-08-01 09:35:06,894  INFO: CTP	结算信息确认完成
2018-08-01 09:36:07,488  INFO: CTP	交易合约信息获取完成
2018-08-01 11:14:44,877  INFO: CTP	交易服务器连接成功
2018-08-01 11:14:44,903  INFO: CTP	行情服务器连接成功
2018-08-01 11:14:44,957  INFO: CTP	交易服务器登录完成
2018-08-01 11:14:45,006  INFO: MAIN_ENGINE	MongoDB连接成功
2018-08-01 11:14:45,313  INFO: CTP	行情服务器登录完成
2018-08-01 11:14:45,330  INFO: CTP	结算信息确认完成
2018-08-01 11:14:45,723  INFO: CTP	交易合约信息获取完成
2018-08-01 12:09:08,993  INFO: CTP	行情服务器连接成功
2018-08-01 12:09:09,013  INFO: CTP	交易服务器连接成功
2018-08-01 12:09:09,015  INFO: MAIN_ENGINE	MongoDB连接成功
2018-08-01 12:09:09,052  INFO: CTP	交易服务器登录完成
2018-08-01 12:09:09,070  INFO: CTP	行情服务器登录完成
2018-08-01 12:09:09,332  INFO: CTP	结算信息确认完成
2018-08-01 12:09:09,561  INFO: CTP	交易合约信息获取完成
