2018-07-28 09:03:11,603  INFO: CTP	交易服务器连接成功
2018-07-28 09:03:11,645  INFO: CTP	交易服务器登录完成
2018-07-28 09:03:11,769  INFO: CTP	结算信息确认完成
2018-07-28 09:03:12,961  INFO: CTP	交易合约信息获取完成
2018-07-28 09:03:13,836  INFO: MAIN_ENGINE	MongoDB连接成功
2018-07-28 09:03:35,054  INFO: CTP	交易服务器连接成功
2018-07-28 09:03:35,158  INFO: CTP	交易服务器登录完成
2018-07-28 09:03:35,631  INFO: CTP	结算信息确认完成
2018-07-28 09:03:36,781  INFO: CTP	交易合约信息获取完成
2018-07-28 09:03:37,248  INFO: MAIN_ENGINE	MongoDB连接成功
2018-07-28 09:04:52,880  INFO: CTP	交易服务器连接成功
2018-07-28 09:04:52,956  INFO: CTP	交易服务器登录完成
2018-07-28 09:04:52,996  INFO: CTP	结算信息确认完成
2018-07-28 09:04:53,381  INFO: CTP	交易合约信息获取完成
2018-07-28 09:04:55,138  INFO: MAIN_ENGINE	MongoDB连接成功
2018-07-28 09:05:52,919  INFO: CTP	交易服务器连接成功
2018-07-28 09:05:52,999  INFO: CTP	交易服务器登录完成
2018-07-28 09:05:53,067  INFO: CTP	结算信息确认完成
2018-07-28 09:05:53,249  INFO: CTP	交易合约信息获取完成
2018-07-28 09:05:55,185  INFO: MAIN_ENGINE	MongoDB连接成功
2018-07-28 09:06:42,530  INFO: CTP	交易服务器连接成功
2018-07-28 09:06:42,568  INFO: CTP	交易服务器登录完成
2018-07-28 09:06:42,635  INFO: CTP	结算信息确认完成
2018-07-28 09:06:43,887  INFO: CTP	交易合约信息获取完成
2018-07-28 09:06:44,725  INFO: MAIN_ENGINE	MongoDB连接成功
2018-07-28 11:19:32,774  INFO: CTP	交易服务器连接成功
2018-07-28 11:19:32,899  INFO: CTP	交易服务器登录完成
2018-07-28 11:19:32,964  INFO: CTP	结算信息确认完成
2018-07-28 11:19:33,226  INFO: CTP	交易合约信息获取完成
2018-07-28 11:19:35,045  INFO: MAIN_ENGINE	MongoDB连接成功
2018-07-28 11:27:56,320  INFO: CTP	交易服务器连接成功
2018-07-28 11:27:56,357  INFO: CTP	交易服务器登录完成
2018-07-28 11:27:57,181  INFO: CTP	结算信息确认完成
2018-07-28 11:27:58,622  INFO: MAIN_ENGINE	MongoDB连接成功
2018-07-28 11:27:59,555  INFO: CTP	交易合约信息获取完成
2018-07-28 11:32:34,261  INFO: CTP	交易服务器连接成功
2018-07-28 11:32:34,304  INFO: CTP	交易服务器登录完成
2018-07-28 11:32:34,647  INFO: CTP	结算信息确认完成
2018-07-28 11:32:36,450  INFO: MAIN_ENGINE	MongoDB连接成功
2018-07-28 11:32:39,576  INFO: CTP	交易合约信息获取完成
2018-07-28 11:34:37,654  INFO: MAIN_ENGINE	MongoDB连接成功
2018-07-28 11:35:13,791  INFO: CTP	交易服务器连接成功
2018-07-28 11:35:14,060  INFO: CTP	交易服务器登录完成
2018-07-28 11:35:14,797  INFO: CTP	结算信息确认完成
2018-07-28 11:37:37,462  INFO: MAIN_ENGINE	MongoDB连接成功
2018-07-28 11:37:38,251  INFO: CTP	交易服务器连接成功
2018-07-28 11:37:38,543  INFO: CTP	交易服务器登录完成
2018-07-28 11:39:10,674  INFO: CTP	交易服务器连接成功
2018-07-28 11:39:14,664  INFO: CTP	交易服务器登录完成
2018-07-28 11:39:14,728  INFO: CTP	结算信息确认完成
2018-07-28 11:39:15,642  INFO: MAIN_ENGINE	MongoDB连接成功
2018-07-28 11:39:24,157  INFO: CTP	交易合约信息获取完成
2018-07-28 11:40:30,278  INFO: CTP	交易服务器连接成功
2018-07-28 11:40:30,314  INFO: CTP	交易服务器登录完成
2018-07-28 11:40:30,375  INFO: CTP	结算信息确认完成
2018-07-28 11:40:32,445  INFO: MAIN_ENGINE	MongoDB连接成功
2018-07-28 11:40:34,082  INFO: CTP	交易合约信息获取完成
2018-07-28 11:43:54,687  INFO: CTP	交易服务器连接成功
2018-07-28 11:43:54,771  INFO: CTP	交易服务器登录完成
2018-07-28 11:43:54,872  INFO: CTP	结算信息确认完成
2018-07-28 11:43:55,600  INFO: CTP	交易合约信息获取完成
2018-07-28 11:43:56,917  INFO: MAIN_ENGINE	MongoDB连接成功
2018-07-28 11:47:08,680  INFO: CTP	交易服务器连接成功
2018-07-28 11:47:08,713  INFO: CTP	交易服务器登录完成
2018-07-28 11:47:08,783  INFO: CTP	结算信息确认完成
2018-07-28 11:47:10,893  INFO: MAIN_ENGINE	MongoDB连接成功
2018-07-28 11:47:11,589  INFO: CTP	交易合约信息获取完成
2018-07-28 11:50:46,454  INFO: CTP	交易服务器连接成功
2018-07-28 11:50:46,488  INFO: CTP	交易服务器登录完成
2018-07-28 11:50:46,566  INFO: CTP	结算信息确认完成
2018-07-28 11:50:47,694  INFO: MAIN_ENGINE	MongoDB连接成功
2018-07-28 11:50:48,854  INFO: CTP	交易合约信息获取完成
