2018-08-14 08:58:39,663  INFO: CTP	行情服务器连接成功
2018-08-14 08:58:39,665  INFO: CTP	交易服务器连接成功
2018-08-14 08:58:39,679  INFO: CTP	行情服务器登录完成
2018-08-14 08:58:39,687  INFO: CTP	交易服务器登录完成
2018-08-14 08:58:39,725  INFO: CTP	结算信息确认完成
2018-08-14 08:58:39,867  INFO: CTP	交易合约信息获取完成
2018-08-14 08:58:41,809  INFO: MAIN_ENGINE	MongoDB连接成功
2018-08-14 21:04:11,831  INFO: CTP	行情服务器连接成功
2018-08-14 21:04:11,839  INFO: CTP	交易服务器连接成功
2018-08-14 21:04:11,852  INFO: CTP	行情服务器登录完成
2018-08-14 21:04:11,852  INFO: CTP	交易服务器登录完成
2018-08-14 21:04:11,907  INFO: CTP	结算信息确认完成
2018-08-14 21:04:12,064  INFO: CTP	交易合约信息获取完成
2018-08-14 21:04:14,017  INFO: MAIN_ENGINE	MongoDB连接成功
2018-08-14 22:50:59,454  INFO: CTP	行情服务器连接成功
2018-08-14 22:50:59,476  INFO: CTP	交易服务器连接成功
2018-08-14 22:50:59,476  INFO: CTP	行情服务器登录完成
2018-08-14 22:50:59,477  INFO: CTP	交易服务器登录完成
2018-08-14 22:50:59,512  INFO: CTP	结算信息确认完成
2018-08-14 22:50:59,656  INFO: CTP	交易合约信息获取完成
2018-08-14 22:51:01,637  INFO: MAIN_ENGINE	MongoDB连接成功
2018-08-14 22:52:32,146  INFO: CTP	行情服务器连接成功
2018-08-14 22:52:32,146  INFO: CTP	交易服务器连接成功
2018-08-14 22:52:32,167  INFO: CTP	行情服务器登录完成
2018-08-14 22:52:32,170  INFO: CTP	交易服务器登录完成
2018-08-14 22:52:32,207  INFO: CTP	结算信息确认完成
2018-08-14 22:52:32,487  INFO: CTP	交易合约信息获取完成
2018-08-14 22:52:34,341  INFO: MAIN_ENGINE	MongoDB连接成功
2018-08-14 22:52:36,035  INFO: CTA_STRATEGY	CTA引擎启动成功
2018-08-14 22:52:39,930  INFO: CTA_STRATEGY	策略加载成功
2018-08-14 22:52:47,916  INFO: CTA_STRATEGY	BollingerBot:BollingerBot策略初始化
2018-08-14 22:53:10,265  INFO: CTA_STRATEGY	BollingerBot:BollingerBot策略启动
2018-08-14 22:56:34,204  INFO: CTP	行情服务器连接成功
2018-08-14 22:56:34,207  INFO: CTP	交易服务器连接成功
2018-08-14 22:56:34,220  INFO: CTP	行情服务器登录完成
2018-08-14 22:56:34,227  INFO: CTP	交易服务器登录完成
2018-08-14 22:56:34,264  INFO: CTP	结算信息确认完成
2018-08-14 22:56:34,457  INFO: CTP	交易合约信息获取完成
2018-08-14 22:56:36,343  INFO: MAIN_ENGINE	MongoDB连接成功
2018-08-14 22:56:39,110  INFO: CTA_STRATEGY	CTA引擎启动成功
2018-08-14 22:56:42,917  INFO: CTA_STRATEGY	策略加载成功
2018-08-14 22:56:48,683  INFO: CTA_STRATEGY	BollingerBot:BollingerBot策略初始化
2018-08-14 23:00:09,251  INFO: CTP	交易服务器连接成功
2018-08-14 23:00:09,253  INFO: CTP	行情服务器连接成功
2018-08-14 23:00:09,273  INFO: CTP	交易服务器登录完成
2018-08-14 23:00:09,275  INFO: CTP	行情服务器登录完成
2018-08-14 23:00:09,304  INFO: CTP	结算信息确认完成
2018-08-14 23:00:09,445  INFO: CTP	交易合约信息获取完成
2018-08-14 23:00:11,426  INFO: MAIN_ENGINE	MongoDB连接成功
2018-08-14 23:00:58,330  INFO: CTA_STRATEGY	CTA引擎启动成功
2018-08-14 23:01:01,794  INFO: CTA_STRATEGY	策略加载成功
2018-08-14 23:01:10,337  INFO: CTA_STRATEGY	BollingerBot:BollingerBot策略初始化
2018-08-14 23:03:09,241  INFO: CTP	行情服务器连接成功
2018-08-14 23:03:09,243  INFO: CTP	交易服务器连接成功
2018-08-14 23:03:09,268  INFO: CTP	交易服务器登录完成
2018-08-14 23:03:09,618  INFO: CTP	结算信息确认完成
2018-08-14 23:03:09,665  INFO: CTP	行情服务器登录完成
2018-08-14 23:03:10,222  INFO: CTP	交易合约信息获取完成
2018-08-14 23:03:11,714  INFO: MAIN_ENGINE	MongoDB连接成功
2018-08-14 23:03:16,071  INFO: CTA_STRATEGY	CTA引擎启动成功
2018-08-14 23:03:19,807  INFO: CTA_STRATEGY	策略加载成功
2018-08-14 23:03:32,616  INFO: CTA_STRATEGY	BollingerBot:BollingerBot策略初始化
2018-08-14 23:04:46,294  INFO: CTA_STRATEGY	BollingerBot:BollingerBot策略启动
