2018-08-08 19:04:18,150  INFO: CTP	行情服务器连接成功
2018-08-08 19:04:18,151  INFO: CTP	交易服务器连接成功
2018-08-08 19:04:18,169  INFO: CTP	行情服务器登录完成
2018-08-08 19:04:18,170  INFO: CTP	交易服务器登录完成
2018-08-08 19:04:18,190  INFO: CTP	结算信息确认完成
2018-08-08 19:04:18,351  INFO: CTP	交易合约信息获取完成
2018-08-08 19:04:20,388  INFO: MAIN_ENGINE	MongoDB连接成功
2018-08-08 19:05:39,161  INFO: CTP	行情服务器连接成功
2018-08-08 19:05:39,165  INFO: CTP	交易服务器连接成功
2018-08-08 19:05:39,179  INFO: CTP	行情服务器登录完成
2018-08-08 19:05:39,191  INFO: CTP	交易服务器登录完成
2018-08-08 19:05:39,214  INFO: CTP	结算信息确认完成
2018-08-08 19:05:39,380  INFO: CTP	交易合约信息获取完成
2018-08-08 19:05:41,399  INFO: MAIN_ENGINE	MongoDB连接成功
2018-08-08 21:02:34,023  INFO: CTP	行情服务器连接成功
2018-08-08 21:02:34,024  INFO: CTP	交易服务器连接成功
2018-08-08 21:02:34,039  INFO: CTP	行情服务器登录完成
2018-08-08 21:02:34,047  INFO: CTP	交易服务器登录完成
2018-08-08 21:02:34,316  INFO: CTP	结算信息确认完成
2018-08-08 21:02:34,502  INFO: CTP	交易合约信息获取完成
2018-08-08 21:02:36,240  INFO: MAIN_ENGINE	MongoDB连接成功
2018-08-08 21:57:16,455  INFO: CTP	行情服务器连接成功
2018-08-08 21:57:16,475  INFO: CTP	交易服务器连接成功
2018-08-08 21:57:16,476  INFO: CTP	行情服务器登录完成
2018-08-08 21:57:16,477  INFO: CTP	交易服务器登录完成
2018-08-08 21:57:16,518  INFO: CTP	结算信息确认完成
2018-08-08 21:57:16,919  INFO: CTP	交易合约信息获取完成
2018-08-08 21:57:18,768  INFO: MAIN_ENGINE	MongoDB连接成功
