2018-08-03 11:19:29,271  INFO: CTP	行情服务器连接成功
2018-08-03 11:19:29,272  INFO: CTP	交易服务器连接成功
2018-08-03 11:19:29,333  INFO: CTP	行情服务器登录完成
2018-08-03 11:19:29,598  INFO: MAIN_ENGINE	MongoDB连接成功
2018-08-03 11:19:29,903  INFO: CTP	交易服务器登录完成
2018-08-03 11:19:29,907  INFO: CTP	结算信息确认完成
2018-08-03 11:19:30,233  INFO: CTP	交易合约信息获取完成
2018-08-03 13:00:36,278  INFO: CTP	行情服务器连接成功
2018-08-03 13:00:36,330  INFO: CTP	交易服务器连接成功
2018-08-03 13:00:36,331  INFO: CTP	行情服务器登录完成
2018-08-03 13:00:36,331  INFO: CTP	交易服务器登录完成
2018-08-03 13:00:36,394  INFO: MAIN_ENGINE	MongoDB连接成功
2018-08-03 13:00:36,470  INFO: CTP	结算信息确认完成
2018-08-03 13:00:41,170  INFO: CTP	交易合约信息获取完成
2018-08-03 21:00:01,150  INFO: CTP	行情服务器连接成功
2018-08-03 21:00:01,248  INFO: CTP	交易服务器连接成功
2018-08-03 21:00:01,420  INFO: CTP	行情服务器登录完成
2018-08-03 21:00:02,003  INFO: MAIN_ENGINE	MongoDB连接成功
2018-08-03 21:00:02,219  INFO: CTP	交易服务器登录完成
2018-08-03 21:00:02,406  INFO: CTP	结算信息确认完成
2018-08-03 21:00:32,425  INFO: CTP	交易合约信息获取完成
2018-08-03 21:03:56,992  INFO: MAIN_ENGINE	MongoDB连接成功
2018-08-03 21:03:57,019  INFO: CTP	行情服务器连接成功
2018-08-03 21:03:58,035  INFO: CTP	交易服务器连接成功
2018-08-03 21:03:58,078  INFO: CTP	交易服务器登录完成
2018-08-03 21:03:58,156  INFO: CTP	结算信息确认完成
2018-08-03 21:03:58,682  INFO: CTP	交易合约信息获取完成
2018-08-03 21:03:59,135  INFO: CTP	行情服务器登录完成
2018-08-03 21:05:17,031  INFO: MAIN_ENGINE	MongoDB连接成功
2018-08-03 21:05:17,055  INFO: CTP	交易服务器连接成功
2018-08-03 21:05:17,191  INFO: CTP	交易服务器登录完成
2018-08-03 21:05:18,064  INFO: CTP	行情服务器连接成功
2018-08-03 21:05:18,414  INFO: CTP	结算信息确认完成
2018-08-03 21:05:18,467  INFO: CTP	行情服务器登录完成
2018-08-03 21:06:19,235  INFO: CTP	交易合约信息获取完成
2018-08-03 21:09:08,390  INFO: CTA_STRATEGY	CTA引擎启动成功
2018-08-03 21:09:10,730  INFO: CTA_STRATEGY	策略加载成功
2018-08-03 21:11:06,585  INFO: CTP	行情服务器连接成功
2018-08-03 21:11:06,597  INFO: MAIN_ENGINE	MongoDB连接成功
2018-08-03 21:11:06,643  INFO: CTP	交易服务器连接成功
2018-08-03 21:11:06,740  INFO: CTP	交易服务器登录完成
2018-08-03 21:11:06,743  INFO: CTP	行情服务器登录完成
2018-08-03 21:11:11,045  INFO: CTP	结算信息确认完成
2018-08-03 21:24:36,196  INFO: CTP	交易服务器连接断开
2018-08-03 21:24:36,249  INFO: CTP	交易服务器连接成功
2018-08-03 21:24:37,240  INFO: CTP	交易服务器登录完成
2018-08-03 21:24:37,375  INFO: CTP	结算信息确认完成
2018-08-03 21:26:47,676  INFO: CTP	交易合约信息获取完成
2018-08-03 21:32:15,269  INFO: CTP	交易服务器连接断开
2018-08-03 21:32:15,333  INFO: CTP	交易服务器连接成功
2018-08-03 21:32:15,970  INFO: CTP	交易服务器登录完成
2018-08-03 21:32:16,926  INFO: CTP	结算信息确认完成
2018-08-03 21:44:40,611  INFO: CTP	交易服务器连接断开
2018-08-03 21:44:53,874  INFO: CTP	交易服务器连接成功
2018-08-03 21:45:02,828  INFO: CTP	交易服务器登录完成
2018-08-03 21:45:02,970  INFO: CTP	结算信息确认完成
