2018-07-31 20:58:56,143  INFO: CTP	交易服务器连接成功
2018-07-31 20:58:56,509  INFO: CTP	交易服务器登录完成
2018-07-31 20:58:56,614  INFO: CTP	结算信息确认完成
2018-07-31 20:58:57,198  INFO: CTP	行情服务器连接成功
2018-07-31 20:58:57,267  INFO: CTP	行情服务器登录完成
2018-07-31 20:58:58,386  INFO: MAIN_ENGINE	MongoDB连接成功
2018-07-31 20:58:59,400  INFO: CTP	交易合约信息获取完成
2018-07-31 21:06:21,566  INFO: CTP	行情服务器连接成功
2018-07-31 21:06:22,449  INFO: CTP	行情服务器登录完成
2018-07-31 21:06:22,551  INFO: CTP	交易服务器连接成功
2018-07-31 21:06:22,593  INFO: CTP	交易服务器登录完成
2018-07-31 21:06:23,164  INFO: CTP	结算信息确认完成
2018-07-31 21:06:23,638  INFO: MAIN_ENGINE	MongoDB连接成功
2018-07-31 21:07:10,953  INFO: CTP	交易合约信息获取完成
2018-07-31 21:14:10,396  INFO: CTP	行情服务器连接成功
2018-07-31 21:14:10,468  INFO: CTP	行情服务器登录完成
2018-07-31 21:14:12,514  INFO: MAIN_ENGINE	MongoDB连接成功
2018-07-31 21:14:20,371  INFO: CTP	交易服务器连接成功
2018-07-31 21:14:21,149  INFO: CTP	交易服务器登录完成
2018-07-31 21:14:22,503  INFO: CTP	结算信息确认完成
2018-07-31 21:14:38,049  INFO: CTP	交易合约信息获取完成
2018-07-31 21:21:18,289  INFO: CTP	交易服务器连接成功
2018-07-31 21:21:18,367  INFO: CTP	交易服务器登录完成
2018-07-31 21:21:18,475  INFO: CTP	结算信息确认完成
2018-07-31 21:21:20,425  INFO: MAIN_ENGINE	MongoDB连接成功
2018-07-31 21:21:21,494  INFO: CTP	行情服务器连接成功
2018-07-31 21:21:21,907  INFO: CTP	行情服务器登录完成
2018-07-31 21:21:25,861  INFO: CTP	交易合约信息获取完成
2018-07-31 21:54:49,020  INFO: CTP	行情服务器连接成功
2018-07-31 21:54:49,042  INFO: CTP	交易服务器连接成功
2018-07-31 21:54:49,081  INFO: CTP	交易服务器登录完成
2018-07-31 21:54:49,145  INFO: CTP	行情服务器登录完成
2018-07-31 21:54:49,375  INFO: CTP	结算信息确认完成
2018-07-31 21:54:51,184  INFO: MAIN_ENGINE	MongoDB连接成功
2018-07-31 21:55:00,632  INFO: CTP	交易合约信息获取完成
2018-07-31 22:01:51,842  INFO: CTP	行情服务器连接成功
2018-07-31 22:01:51,845  INFO: CTP	交易服务器连接成功
2018-07-31 22:01:51,874  INFO: CTP	交易服务器登录完成
2018-07-31 22:01:51,917  INFO: CTP	行情服务器登录完成
2018-07-31 22:01:52,019  INFO: CTP	结算信息确认完成
2018-07-31 22:01:54,023  INFO: MAIN_ENGINE	MongoDB连接成功
2018-07-31 22:01:55,155  INFO: CTP	交易合约信息获取完成
2018-07-31 22:03:10,949  INFO: CTP	交易服务器连接成功
2018-07-31 22:03:10,980  INFO: CTP	交易服务器登录完成
2018-07-31 22:03:11,313  INFO: CTP	结算信息确认完成
2018-07-31 22:03:11,972  INFO: CTP	行情服务器连接成功
2018-07-31 22:03:12,846  INFO: CTP	行情服务器登录完成
2018-07-31 22:03:13,144  INFO: MAIN_ENGINE	MongoDB连接成功
2018-07-31 22:03:19,764  INFO: CTP	交易合约信息获取完成
2018-07-31 22:05:53,823  INFO: CTP	行情服务器连接成功
2018-07-31 22:05:53,828  INFO: CTP	交易服务器连接成功
2018-07-31 22:05:54,254  INFO: CTP	行情服务器登录完成
2018-07-31 22:05:54,555  INFO: CTP	交易服务器登录完成
2018-07-31 22:05:54,963  INFO: CTP	结算信息确认完成
2018-07-31 22:05:56,072  INFO: MAIN_ENGINE	MongoDB连接成功
2018-07-31 22:05:56,656  INFO: CTP	交易合约信息获取完成
2018-07-31 22:41:10,348  INFO: CTP	行情服务器连接成功
2018-07-31 22:41:10,351  INFO: CTP	交易服务器连接成功
2018-07-31 22:41:10,386  INFO: CTP	交易服务器登录完成
2018-07-31 22:41:10,421  INFO: CTP	行情服务器登录完成
2018-07-31 22:41:10,456  INFO: CTP	结算信息确认完成
2018-07-31 22:41:12,636  INFO: MAIN_ENGINE	MongoDB连接成功
2018-07-31 22:41:13,409  INFO: CTP	交易合约信息获取完成
2018-07-31 22:41:58,176  INFO: CTP	交易服务器连接成功
2018-07-31 22:41:58,215  INFO: CTP	行情服务器连接成功
2018-07-31 22:41:58,217  INFO: CTP	交易服务器登录完成
2018-07-31 22:41:58,282  INFO: CTP	结算信息确认完成
2018-07-31 22:41:58,285  INFO: CTP	行情服务器登录完成
2018-07-31 22:41:58,651  INFO: CTP	交易合约信息获取完成
2018-07-31 22:41:59,443  INFO: MAIN_ENGINE	MongoDB连接成功
2018-07-31 22:48:32,238  INFO: CTP	行情服务器连接成功
2018-07-31 22:48:32,574  INFO: CTP	行情服务器登录完成
2018-07-31 22:48:33,308  INFO: MAIN_ENGINE	MongoDB连接成功
2018-07-31 22:48:34,309  INFO: CTP	交易服务器连接成功
2018-07-31 22:48:34,627  INFO: CTP	交易服务器登录完成
2018-07-31 22:48:35,286  INFO: CTP	结算信息确认完成
2018-07-31 22:48:36,640  INFO: CTP	交易合约信息获取完成
2018-07-31 22:50:01,616  INFO: CTP	交易服务器连接成功
2018-07-31 22:50:01,651  INFO: CTP	交易服务器登录完成
2018-07-31 22:50:01,656  INFO: CTP	行情服务器连接成功
2018-07-31 22:50:02,007  INFO: CTP	行情服务器登录完成
2018-07-31 22:50:02,087  INFO: CTP	结算信息确认完成
2018-07-31 22:50:03,772  INFO: MAIN_ENGINE	MongoDB连接成功
2018-07-31 22:54:08,488  INFO: CTP	交易服务器连接成功
2018-07-31 22:54:08,536  INFO: CTP	交易服务器登录完成
2018-07-31 22:54:08,611  INFO: CTP	结算信息确认完成
2018-07-31 22:54:10,590  INFO: MAIN_ENGINE	MongoDB连接成功
2018-07-31 22:55:56,735  INFO: CTP	行情服务器连接成功
2018-07-31 22:55:56,878  INFO: CTP	行情服务器登录完成
2018-07-31 22:55:58,783  INFO: MAIN_ENGINE	MongoDB连接成功
2018-07-31 22:55:59,762  INFO: CTP	交易服务器连接成功
2018-07-31 22:56:00,136  INFO: CTP	交易服务器登录完成
2018-07-31 22:56:00,542  INFO: CTP	结算信息确认完成
2018-07-31 22:56:12,057  INFO: CTP	交易合约信息获取完成
2018-07-31 22:58:32,565  INFO: CTP	交易服务器连接成功
2018-07-31 22:58:32,602  INFO: CTP	交易服务器登录完成
2018-07-31 22:58:33,349  INFO: CTP	结算信息确认完成
2018-07-31 22:58:34,809  INFO: MAIN_ENGINE	MongoDB连接成功
2018-07-31 22:58:35,780  INFO: CTP	交易合约信息获取完成
2018-07-31 22:58:42,567  INFO: CTP	行情服务器连接成功
2018-07-31 22:58:42,908  INFO: CTP	行情服务器登录完成
2018-07-31 23:01:00,434  INFO: CTP	交易服务器连接成功
2018-07-31 23:01:00,770  INFO: CTP	交易服务器登录完成
2018-07-31 23:01:00,857  INFO: CTP	结算信息确认完成
2018-07-31 23:01:01,465  INFO: CTP	行情服务器连接成功
2018-07-31 23:01:01,540  INFO: CTP	行情服务器登录完成
2018-07-31 23:01:02,723  INFO: MAIN_ENGINE	MongoDB连接成功
2018-07-31 23:01:25,278  INFO: CTP	交易合约信息获取完成
2018-07-31 23:02:45,810  INFO: CTP	行情服务器连接成功
2018-07-31 23:02:46,149  INFO: CTP	行情服务器登录完成
2018-07-31 23:02:46,943  INFO: MAIN_ENGINE	MongoDB连接成功
2018-07-31 23:02:47,861  INFO: CTP	交易服务器连接成功
2018-07-31 23:02:48,132  INFO: CTP	交易服务器登录完成
2018-07-31 23:02:48,422  INFO: CTP	结算信息确认完成
2018-07-31 23:03:11,236  INFO: CTP	交易合约信息获取完成
2018-07-31 23:06:51,632  INFO: CTP	交易服务器连接成功
2018-07-31 23:06:51,640  INFO: CTP	行情服务器连接成功
2018-07-31 23:06:51,711  INFO: CTP	行情服务器登录完成
2018-07-31 23:06:51,904  INFO: CTP	交易服务器登录完成
2018-07-31 23:06:52,211  INFO: CTP	结算信息确认完成
2018-07-31 23:06:53,913  INFO: MAIN_ENGINE	MongoDB连接成功
2018-07-31 23:06:54,380  INFO: CTP	交易合约信息获取完成
2018-07-31 23:11:18,618  INFO: CTP	行情服务器连接成功
2018-07-31 23:11:18,685  INFO: CTP	行情服务器登录完成
2018-07-31 23:11:19,592  INFO: CTP	交易服务器连接成功
2018-07-31 23:11:19,628  INFO: CTP	交易服务器登录完成
2018-07-31 23:11:19,735  INFO: CTP	结算信息确认完成
2018-07-31 23:11:20,468  INFO: CTP	交易合约信息获取完成
2018-07-31 23:11:20,809  INFO: MAIN_ENGINE	MongoDB连接成功
2018-07-31 23:13:14,506  INFO: CTP	行情服务器连接成功
2018-07-31 23:13:14,534  INFO: CTP	交易服务器连接成功
2018-07-31 23:13:14,575  INFO: CTP	交易服务器登录完成
2018-07-31 23:13:14,655  INFO: CTP	行情服务器登录完成
2018-07-31 23:13:15,257  INFO: CTP	结算信息确认完成
2018-07-31 23:13:16,005  INFO: CTP	交易合约信息获取完成
2018-07-31 23:13:16,684  INFO: MAIN_ENGINE	MongoDB连接成功
2018-07-31 23:17:08,862  INFO: CTP	行情服务器连接成功
2018-07-31 23:17:08,867  INFO: CTP	交易服务器连接成功
2018-07-31 23:17:08,894  INFO: CTP	行情服务器登录完成
2018-07-31 23:17:08,942  INFO: CTP	交易服务器登录完成
2018-07-31 23:17:09,294  INFO: CTP	结算信息确认完成
2018-07-31 23:17:11,114  INFO: MAIN_ENGINE	MongoDB连接成功
2018-07-31 23:17:12,622  INFO: CTP	交易合约信息获取完成
2018-07-31 23:19:29,852  INFO: CTP	交易服务器连接成功
2018-07-31 23:19:29,856  INFO: CTP	行情服务器连接成功
2018-07-31 23:19:29,933  INFO: CTP	交易服务器登录完成
2018-07-31 23:19:29,935  INFO: CTP	行情服务器登录完成
2018-07-31 23:19:32,070  INFO: MAIN_ENGINE	MongoDB连接成功
2018-07-31 23:19:32,359  INFO: CTP	结算信息确认完成
2018-07-31 23:19:41,899  INFO: CTP	交易合约信息获取完成
2018-07-31 23:21:11,956  INFO: CTP	交易服务器连接成功
2018-07-31 23:21:11,986  INFO: CTP	交易服务器登录完成
2018-07-31 23:21:12,048  INFO: CTP	结算信息确认完成
2018-07-31 23:21:12,501  INFO: CTP	交易合约信息获取完成
2018-07-31 23:21:14,217  INFO: MAIN_ENGINE	MongoDB连接成功
2018-07-31 23:21:15,095  INFO: CTP	行情服务器连接成功
2018-07-31 23:21:15,378  INFO: CTP	行情服务器登录完成
2018-07-31 23:24:16,448  INFO: CTP	交易服务器连接成功
2018-07-31 23:24:16,473  INFO: CTP	行情服务器连接成功
2018-07-31 23:24:16,575  INFO: CTP	交易服务器登录完成
2018-07-31 23:24:16,644  INFO: CTP	行情服务器登录完成
2018-07-31 23:24:16,748  INFO: CTP	结算信息确认完成
2018-07-31 23:24:18,020  INFO: CTP	交易合约信息获取完成
2018-07-31 23:24:18,610  INFO: MAIN_ENGINE	MongoDB连接成功
2018-07-31 23:25:24,785  INFO: CTP	交易服务器连接成功
2018-07-31 23:25:24,822  INFO: CTP	行情服务器连接成功
2018-07-31 23:25:24,892  INFO: CTP	行情服务器登录完成
2018-07-31 23:25:25,142  INFO: CTP	交易服务器登录完成
2018-07-31 23:25:26,130  INFO: CTP	结算信息确认完成
2018-07-31 23:25:27,014  INFO: MAIN_ENGINE	MongoDB连接成功
2018-07-31 23:25:27,311  INFO: CTP	交易合约信息获取完成
2018-07-31 23:27:25,928  INFO: CTP	交易服务器连接成功
2018-07-31 23:27:25,963  INFO: CTP	交易服务器登录完成
2018-07-31 23:27:25,964  INFO: CTP	行情服务器连接成功
2018-07-31 23:27:26,034  INFO: CTP	行情服务器登录完成
2018-07-31 23:27:26,036  INFO: CTP	结算信息确认完成
2018-07-31 23:27:27,705  INFO: CTP	交易合约信息获取完成
2018-07-31 23:27:28,091  INFO: MAIN_ENGINE	MongoDB连接成功
