2018-08-15 12:25:55,050  INFO: CTP	行情服务器连接成功
2018-08-15 12:25:55,051  INFO: CTP	交易服务器连接成功
2018-08-15 12:25:55,073  INFO: CTP	行情服务器登录完成
2018-08-15 12:25:55,075  INFO: CTP	交易服务器登录完成
2018-08-15 12:25:55,111  INFO: CTP	结算信息确认完成
2018-08-15 12:25:55,375  INFO: CTP	交易合约信息获取完成
2018-08-15 12:25:57,160  INFO: MAIN_ENGINE	MongoDB连接成功
2018-08-15 13:14:46,001  INFO: CTP	行情服务器连接成功
2018-08-15 13:14:46,004  INFO: CTP	交易服务器连接成功
2018-08-15 13:14:46,018  INFO: CTP	行情服务器登录完成
2018-08-15 13:14:46,023  INFO: CTP	交易服务器登录完成
2018-08-15 13:14:46,066  INFO: CTP	结算信息确认完成
2018-08-15 13:14:46,316  INFO: CTP	交易合约信息获取完成
2018-08-15 13:14:48,166  INFO: MAIN_ENGINE	MongoDB连接成功
2018-08-15 13:15:01,086  INFO: CTA_STRATEGY	CTA引擎启动成功
2018-08-15 13:15:02,774  INFO: CTA_STRATEGY	策略加载成功
2018-08-15 13:15:08,125  INFO: CTA_STRATEGY	BollingerBot:BollingerBot策略初始化
2018-08-15 13:15:39,237  INFO: CTA_STRATEGY	BollingerBot:BollingerBot策略启动
2018-08-15 13:15:53,569  INFO: CTA_STRATEGY	BollingerBot:BollingerBot策略停止
2018-08-15 13:18:27,449  INFO: CTP	交易服务器连接成功
2018-08-15 13:18:27,450  INFO: CTP	行情服务器连接成功
2018-08-15 13:18:27,469  INFO: CTP	行情服务器登录完成
2018-08-15 13:18:27,471  INFO: CTP	交易服务器登录完成
2018-08-15 13:18:27,511  INFO: CTP	结算信息确认完成
2018-08-15 13:18:27,634  INFO: CTP	交易合约信息获取完成
2018-08-15 13:18:29,606  INFO: MAIN_ENGINE	MongoDB连接成功
2018-08-15 13:18:44,191  INFO: CTA_STRATEGY	CTA引擎启动成功
2018-08-15 13:18:47,753  INFO: CTA_STRATEGY	策略加载成功
2018-08-15 13:19:06,977  INFO: CTA_STRATEGY	BollChannel01:BollChannel01策略初始化
2018-08-15 13:19:40,725  INFO: CTA_STRATEGY	BollingerBot:BollingerBot策略初始化
2018-08-15 13:21:09,891  INFO: CTA_STRATEGY	BollingerBot:BollingerBot策略启动
2018-08-15 21:32:27,017  INFO: CTP	行情服务器连接成功
2018-08-15 21:32:27,034  INFO: CTP	交易服务器连接成功
2018-08-15 21:32:27,043  INFO: CTP	行情服务器登录完成
2018-08-15 21:32:27,045  INFO: CTP	交易服务器登录完成
2018-08-15 21:32:27,087  INFO: CTP	结算信息确认完成
2018-08-15 21:32:27,546  INFO: CTP	交易合约信息获取完成
2018-08-15 21:32:29,239  INFO: MAIN_ENGINE	MongoDB连接成功
2018-08-15 21:33:32,084  INFO: CTA_STRATEGY	CTA引擎启动成功
2018-08-15 21:44:48,757  INFO: CTA_STRATEGY	策略加载成功
2018-08-15 21:45:07,058  INFO: CTA_STRATEGY	BollingerBot:BollingerBot策略初始化
