2018-08-02 13:24:20,954  INFO: MAIN_ENGINE	MongoDB连接成功
2018-08-02 13:24:21,849  INFO: CTP	行情服务器连接成功
2018-08-02 13:24:21,876  INFO: CTP	行情服务器登录完成
2018-08-02 13:24:23,930  INFO: CTP	交易服务器连接成功
2018-08-02 13:24:24,463  INFO: CTP	交易服务器登录完成
2018-08-02 13:24:24,525  INFO: CTP	结算信息确认完成
2018-08-02 13:24:28,076  INFO: CTP	交易合约信息获取完成
2018-08-02 13:29:32,803  INFO: MAIN_ENGINE	MongoDB连接成功
2018-08-02 13:29:32,808  INFO: CTP	行情服务器连接成功
2018-08-02 13:29:33,341  INFO: CTP	行情服务器登录完成
2018-08-02 13:29:52,814  INFO: CTP	交易服务器连接成功
2018-08-02 13:29:57,994  INFO: CTP	交易服务器登录完成
2018-08-02 13:29:58,277  INFO: CTP	结算信息确认完成
2018-08-02 13:31:01,866  INFO: MAIN_ENGINE	MongoDB连接成功
2018-08-02 13:31:01,869  INFO: CTP	行情服务器连接成功
2018-08-02 13:31:01,873  INFO: CTP	交易服务器连接成功
2018-08-02 13:31:02,226  INFO: CTP	交易服务器登录完成
2018-08-02 13:31:02,290  INFO: CTP	结算信息确认完成
2018-08-02 13:31:03,640  INFO: CTP	行情服务器登录完成
2018-08-02 13:32:03,318  INFO: CTP	交易服务器连接成功
2018-08-02 13:32:03,336  INFO: MAIN_ENGINE	MongoDB连接成功
2018-08-02 13:32:03,383  INFO: CTP	交易服务器登录完成
2018-08-02 13:32:03,450  INFO: CTP	结算信息确认完成
2018-08-02 13:32:03,655  INFO: CTP	交易合约信息获取完成
2018-08-02 13:32:04,357  INFO: CTP	行情服务器连接成功
2018-08-02 13:32:04,385  INFO: CTP	行情服务器登录完成
2018-08-02 13:33:56,279  INFO: MAIN_ENGINE	MongoDB连接成功
2018-08-02 13:33:56,282  INFO: CTP	行情服务器连接成功
2018-08-02 13:33:56,352  INFO: CTP	行情服务器登录完成
2018-08-02 13:33:57,270  INFO: CTP	交易服务器连接成功
2018-08-02 13:33:57,329  INFO: CTP	交易服务器登录完成
2018-08-02 13:33:57,399  INFO: CTP	结算信息确认完成
2018-08-02 13:33:57,535  INFO: CTP	交易合约信息获取完成
2018-08-02 13:35:54,276  INFO: MAIN_ENGINE	MongoDB连接成功
2018-08-02 13:35:54,280  INFO: CTP	行情服务器连接成功
2018-08-02 13:35:54,308  INFO: CTP	行情服务器登录完成
2018-08-02 13:35:55,290  INFO: CTP	交易服务器连接成功
2018-08-02 13:35:55,321  INFO: CTP	交易服务器登录完成
2018-08-02 13:35:55,384  INFO: CTP	结算信息确认完成
2018-08-02 13:37:04,773  INFO: CTP	交易服务器连接成功
2018-08-02 13:37:04,800  INFO: MAIN_ENGINE	MongoDB连接成功
2018-08-02 13:37:04,837  INFO: CTP	交易服务器登录完成
2018-08-02 13:37:04,907  INFO: CTP	结算信息确认完成
2018-08-02 13:37:05,399  INFO: CTP	交易合约信息获取完成
2018-08-02 13:37:05,825  INFO: CTP	行情服务器连接成功
2018-08-02 13:37:05,852  INFO: CTP	行情服务器登录完成
2018-08-02 14:18:04,018  INFO: CTP	行情服务器连接成功
2018-08-02 14:18:04,039  INFO: MAIN_ENGINE	MongoDB连接成功
2018-08-02 14:18:04,154  INFO: CTP	行情服务器登录完成
2018-08-02 14:18:05,049  INFO: CTP	交易服务器连接成功
2018-08-02 14:18:05,583  INFO: CTP	交易服务器登录完成
2018-08-02 14:18:05,995  INFO: CTP	结算信息确认完成
2018-08-02 14:18:06,493  INFO: CTP	交易合约信息获取完成
2018-08-02 14:18:34,629  INFO: CTP	行情服务器连接成功
2018-08-02 14:18:34,647  INFO: MAIN_ENGINE	MongoDB连接成功
2018-08-02 14:18:35,038  INFO: CTP	行情服务器登录完成
2018-08-02 14:18:44,654  INFO: CTP	交易服务器连接成功
2018-08-02 14:18:44,689  INFO: CTP	交易服务器登录完成
2018-08-02 14:18:45,031  INFO: CTP	结算信息确认完成
2018-08-02 14:18:56,069  INFO: CTP	交易合约信息获取完成
2018-08-02 14:21:21,014  INFO: MAIN_ENGINE	MongoDB连接成功
2018-08-02 14:21:21,018  INFO: CTP	交易服务器连接成功
2018-08-02 14:21:22,062  INFO: CTP	交易服务器登录完成
2018-08-02 14:21:22,183  INFO: CTP	结算信息确认完成
2018-08-02 14:21:24,089  INFO: CTP	行情服务器连接成功
2018-08-02 14:21:24,623  INFO: CTP	行情服务器登录完成
2018-08-02 14:21:37,178  INFO: CTP	交易合约信息获取完成
2018-08-02 14:24:49,909  INFO: MAIN_ENGINE	MongoDB连接成功
2018-08-02 14:24:49,912  INFO: CTP	交易服务器连接成功
2018-08-02 14:24:50,463  INFO: CTP	交易服务器登录完成
2018-08-02 14:27:02,877  INFO: MAIN_ENGINE	MongoDB连接成功
2018-08-02 14:27:02,881  INFO: CTP	交易服务器连接成功
2018-08-02 14:27:03,753  INFO: CTP	交易服务器登录完成
2018-08-02 14:27:03,902  INFO: CTP	行情服务器连接成功
2018-08-02 14:27:05,666  INFO: CTP	行情服务器登录完成
2018-08-02 14:27:09,871  INFO: CTP	结算信息确认完成
2018-08-02 14:29:38,325  INFO: MAIN_ENGINE	MongoDB连接成功
2018-08-02 14:29:38,327  INFO: CTP	行情服务器连接成功
2018-08-02 14:29:38,331  INFO: CTP	交易服务器连接成功
2018-08-02 14:29:38,356  INFO: CTP	行情服务器登录完成
2018-08-02 14:29:40,278  INFO: CTP	交易服务器登录完成
2018-08-02 14:29:40,364  INFO: CTP	结算信息确认完成
2018-08-02 14:29:55,204  INFO: CTP	交易合约信息获取完成
2018-08-02 14:39:25,385  INFO: MAIN_ENGINE	MongoDB连接成功
2018-08-02 14:39:25,388  INFO: CTP	行情服务器连接成功
2018-08-02 14:39:25,743  INFO: CTP	行情服务器登录完成
2018-08-02 14:39:26,409  INFO: CTP	交易服务器连接成功
2018-08-02 14:39:26,440  INFO: CTP	交易服务器登录完成
2018-08-02 14:39:27,421  INFO: CTP	结算信息确认完成
2018-08-02 14:39:36,786  INFO: CTP	交易合约信息获取完成
2018-08-02 14:43:10,211  INFO: MAIN_ENGINE	MongoDB连接成功
2018-08-02 14:43:11,234  INFO: CTP	行情服务器连接成功
2018-08-02 14:43:11,527  INFO: CTP	行情服务器登录完成
2018-08-02 14:43:13,315  INFO: CTP	交易服务器连接成功
2018-08-02 14:43:13,371  INFO: CTP	交易服务器登录完成
2018-08-02 14:43:13,499  INFO: CTP	结算信息确认完成
2018-08-02 14:43:20,652  INFO: CTP	交易合约信息获取完成
2018-08-02 15:04:31,485  INFO: CTP	交易服务器连接成功
2018-08-02 15:04:31,502  INFO: MAIN_ENGINE	MongoDB连接成功
2018-08-02 15:04:32,516  INFO: CTP	行情服务器连接成功
2018-08-02 15:04:32,590  INFO: CTP	行情服务器登录完成
2018-08-02 15:04:34,547  INFO: CTP	交易服务器登录完成
2018-08-02 15:04:34,844  INFO: CTP	结算信息确认完成
2018-08-02 15:04:57,784  INFO: CTP	交易服务器连接成功
2018-08-02 15:04:57,801  INFO: MAIN_ENGINE	MongoDB连接成功
2018-08-02 15:04:57,804  INFO: CTP	行情服务器连接成功
2018-08-02 15:04:57,836  INFO: CTP	行情服务器登录完成
2018-08-02 15:04:58,024  INFO: CTP	交易服务器登录完成
2018-08-02 15:04:58,259  INFO: CTP	结算信息确认完成
2018-08-02 15:04:59,078  INFO: CTP	交易合约信息获取完成
2018-08-02 15:05:34,604  INFO: MAIN_ENGINE	MongoDB连接成功
2018-08-02 15:05:34,608  INFO: CTP	行情服务器连接成功
2018-08-02 15:05:34,611  INFO: CTP	交易服务器连接成功
2018-08-02 15:05:34,916  INFO: CTP	行情服务器登录完成
2018-08-02 15:05:36,568  INFO: CTP	交易服务器登录完成
2018-08-02 15:05:36,660  INFO: CTP	结算信息确认完成
2018-08-02 15:06:06,644  INFO: CTP	交易合约信息获取完成
2018-08-02 15:12:13,931  INFO: MAIN_ENGINE	MongoDB连接成功
2018-08-02 15:12:13,935  INFO: CTP	行情服务器连接成功
2018-08-02 15:12:13,938  INFO: CTP	交易服务器连接成功
2018-08-02 15:12:14,004  INFO: CTP	行情服务器登录完成
2018-08-02 15:12:15,291  INFO: CTP	交易服务器登录完成
2018-08-02 15:12:15,389  INFO: CTP	结算信息确认完成
2018-08-02 15:12:48,260  INFO: CTP	交易合约信息获取完成
2018-08-02 15:15:04,931  INFO: MAIN_ENGINE	MongoDB连接成功
2018-08-02 15:15:04,937  INFO: CTP	交易服务器连接成功
2018-08-02 15:15:04,939  INFO: CTP	行情服务器连接成功
2018-08-02 15:15:04,966  INFO: CTP	行情服务器登录完成
2018-08-02 15:15:04,969  INFO: CTP	交易服务器登录完成
2018-08-02 15:15:05,061  INFO: CTP	结算信息确认完成
2018-08-02 15:15:37,311  INFO: CTP	交易合约信息获取完成
2018-08-02 15:16:11,009  INFO: MAIN_ENGINE	MongoDB连接成功
2018-08-02 15:16:11,013  INFO: CTP	交易服务器连接成功
2018-08-02 15:16:12,970  INFO: CTP	交易服务器登录完成
2018-08-02 15:16:13,520  INFO: CTP	结算信息确认完成
2018-08-02 15:16:21,020  INFO: CTP	行情服务器连接成功
2018-08-02 15:16:21,371  INFO: CTP	行情服务器登录完成
2018-08-02 15:18:49,310  INFO: MAIN_ENGINE	MongoDB连接成功
2018-08-02 15:18:49,314  INFO: CTP	交易服务器连接成功
2018-08-02 15:18:49,386  INFO: CTP	交易服务器登录完成
2018-08-02 15:18:49,477  INFO: CTP	结算信息确认完成
2018-08-02 15:18:50,228  INFO: CTP	交易合约信息获取完成
2018-08-02 15:18:52,410  INFO: CTP	行情服务器连接成功
2018-08-02 15:18:52,708  INFO: CTP	行情服务器登录完成
2018-08-02 15:21:08,632  INFO: MAIN_ENGINE	MongoDB连接成功
2018-08-02 15:21:08,635  INFO: CTP	行情服务器连接成功
2018-08-02 15:21:08,967  INFO: CTP	行情服务器登录完成
2018-08-02 15:21:09,636  INFO: CTP	交易服务器连接成功
2018-08-02 15:21:10,063  INFO: CTP	交易服务器登录完成
2018-08-02 15:21:10,124  INFO: CTP	结算信息确认完成
2018-08-02 15:21:11,297  INFO: CTP	交易合约信息获取完成
2018-08-02 15:23:35,758  INFO: CTP	交易服务器连接成功
2018-08-02 15:23:35,776  INFO: MAIN_ENGINE	MongoDB连接成功
2018-08-02 15:23:35,779  INFO: CTP	行情服务器连接成功
2018-08-02 15:23:35,809  INFO: CTP	行情服务器登录完成
2018-08-02 15:23:35,819  INFO: CTP	交易服务器登录完成
2018-08-02 15:23:35,886  INFO: CTP	结算信息确认完成
2018-08-02 15:23:36,014  INFO: CTP	交易合约信息获取完成
2018-08-02 15:26:49,524  INFO: MAIN_ENGINE	MongoDB连接成功
2018-08-02 15:26:49,529  INFO: CTP	行情服务器连接成功
2018-08-02 15:26:49,531  INFO: CTP	交易服务器连接成功
2018-08-02 15:26:49,556  INFO: CTP	行情服务器登录完成
2018-08-02 15:26:49,560  INFO: CTP	交易服务器登录完成
2018-08-02 15:26:49,822  INFO: CTP	结算信息确认完成
2018-08-02 15:26:50,339  INFO: CTP	交易合约信息获取完成
2018-08-02 15:30:27,633  INFO: CTP	行情服务器连接成功
2018-08-02 15:30:27,650  INFO: MAIN_ENGINE	MongoDB连接成功
2018-08-02 15:30:27,736  INFO: CTP	行情服务器登录完成
2018-08-02 15:30:30,862  INFO: CTP	交易服务器连接成功
2018-08-02 15:30:31,155  INFO: CTP	交易服务器登录完成
2018-08-02 15:30:31,223  INFO: CTP	结算信息确认完成
2018-08-02 15:30:31,445  INFO: CTP	交易合约信息获取完成
2018-08-02 15:55:12,648  INFO: CTP	交易服务器连接成功
2018-08-02 15:55:12,649  INFO: CTP	行情服务器连接成功
2018-08-02 15:55:12,667  INFO: MAIN_ENGINE	MongoDB连接成功
2018-08-02 15:55:12,708  INFO: CTP	交易服务器登录完成
2018-08-02 15:55:12,710  INFO: CTP	行情服务器登录完成
2018-08-02 15:55:12,761  INFO: CTP	结算信息确认完成
2018-08-02 15:55:12,915  INFO: CTP	交易合约信息获取完成
2018-08-02 15:58:54,851  INFO: CTP	交易服务器连接成功
2018-08-02 15:58:54,867  INFO: MAIN_ENGINE	MongoDB连接成功
2018-08-02 15:58:54,870  INFO: CTP	行情服务器连接成功
2018-08-02 15:58:54,902  INFO: CTP	行情服务器登录完成
2018-08-02 15:58:54,911  INFO: CTP	交易服务器登录完成
2018-08-02 15:58:55,025  INFO: CTP	结算信息确认完成
2018-08-02 15:58:55,578  INFO: CTP	交易合约信息获取完成
2018-08-02 16:00:10,538  INFO: CTP	交易服务器连接成功
2018-08-02 16:00:10,555  INFO: MAIN_ENGINE	MongoDB连接成功
2018-08-02 16:00:10,595  INFO: CTP	交易服务器登录完成
2018-08-02 16:00:10,663  INFO: CTP	结算信息确认完成
2018-08-02 16:00:10,830  INFO: CTP	交易合约信息获取完成
2018-08-02 16:00:11,580  INFO: CTP	行情服务器连接成功
2018-08-02 16:00:11,873  INFO: CTP	行情服务器登录完成
2018-08-02 16:01:46,132  INFO: MAIN_ENGINE	MongoDB连接成功
2018-08-02 16:01:46,136  INFO: CTP	交易服务器连接成功
2018-08-02 16:01:46,144  INFO: CTP	行情服务器连接成功
2018-08-02 16:01:46,169  INFO: CTP	交易服务器登录完成
2018-08-02 16:01:46,172  INFO: CTP	行情服务器登录完成
2018-08-02 16:01:46,226  INFO: CTP	结算信息确认完成
2018-08-02 16:01:46,587  INFO: CTP	交易合约信息获取完成
2018-08-02 16:03:20,651  INFO: CTP	交易服务器连接成功
2018-08-02 16:03:20,669  INFO: MAIN_ENGINE	MongoDB连接成功
2018-08-02 16:03:20,674  INFO: CTP	行情服务器连接成功
2018-08-02 16:03:20,736  INFO: CTP	交易服务器登录完成
2018-08-02 16:03:20,740  INFO: CTP	行情服务器登录完成
2018-08-02 16:03:20,844  INFO: CTP	结算信息确认完成
2018-08-02 16:03:21,055  INFO: CTP	交易合约信息获取完成
2018-08-02 16:55:38,120  INFO: CTP	交易服务器连接成功
2018-08-02 16:55:38,135  INFO: CTP	行情服务器连接成功
2018-08-02 16:55:38,138  INFO: MAIN_ENGINE	MongoDB连接成功
2018-08-02 16:55:38,167  INFO: CTP	行情服务器登录完成
2018-08-02 16:55:38,316  INFO: CTP	交易服务器登录完成
2018-08-02 16:55:38,387  INFO: CTP	结算信息确认完成
2018-08-02 16:55:38,649  INFO: CTP	交易合约信息获取完成
2018-08-02 23:11:16,714  INFO: CTP	行情服务器连接成功
2018-08-02 23:11:16,759  INFO: CTP	交易服务器连接成功
2018-08-02 23:11:16,769  INFO: CTP	行情服务器登录完成
2018-08-02 23:11:16,869  INFO: MAIN_ENGINE	MongoDB连接成功
2018-08-02 23:11:17,548  INFO: CTP	交易服务器登录完成
2018-08-02 23:11:18,141  INFO: CTP	结算信息确认完成
2018-08-02 23:11:21,102  INFO: CTP	交易合约信息获取完成
