2018-07-30 13:33:42,307  INFO: CTP	交易服务器连接成功
2018-07-30 13:33:44,454  INFO: MAIN_ENGINE	MongoDB连接成功
2018-07-30 13:33:45,364  INFO: CTP	交易服务器登录完成
2018-07-30 13:33:45,634  INFO: CTP	结算信息确认完成
2018-07-30 13:33:45,926  INFO: CTP	交易合约信息获取完成
2018-07-30 13:37:23,136  INFO: CTP	交易服务器连接成功
2018-07-30 13:37:23,198  INFO: CTP	交易服务器登录完成
2018-07-30 13:37:23,318  INFO: CTP	结算信息确认完成
2018-07-30 13:37:23,745  INFO: CTP	交易合约信息获取完成
2018-07-30 13:37:25,335  INFO: MAIN_ENGINE	MongoDB连接成功
2018-07-30 13:42:45,546  INFO: CTP	交易服务器连接成功
2018-07-30 13:42:45,589  INFO: CTP	交易服务器登录完成
2018-07-30 13:42:45,936  INFO: CTP	结算信息确认完成
2018-07-30 13:42:47,687  INFO: MAIN_ENGINE	MongoDB连接成功
2018-07-30 13:42:47,967  INFO: CTP	交易合约信息获取完成
2018-07-30 15:49:29,281  INFO: CTP	交易服务器连接成功
2018-07-30 15:49:29,316  INFO: CTP	交易服务器登录完成
2018-07-30 15:49:29,651  INFO: CTP	结算信息确认完成
2018-07-30 15:49:30,587  INFO: CTP	交易合约信息获取完成
2018-07-30 15:49:31,524  INFO: MAIN_ENGINE	MongoDB连接成功
2018-07-30 18:04:23,994  INFO: CTP	交易服务器连接成功
2018-07-30 18:04:24,073  INFO: CTP	交易服务器登录完成
2018-07-30 18:04:26,176  INFO: MAIN_ENGINE	MongoDB连接成功
2018-07-30 18:04:28,467  INFO: CTP	结算信息确认完成
