2018-08-06 09:00:34,640  INFO: CTP	行情服务器连接成功
2018-08-06 09:00:34,698  INFO: CTP	行情服务器登录完成
2018-08-06 09:00:34,772  INFO: MAIN_ENGINE	MongoDB连接成功
2018-08-06 09:00:37,845  INFO: CTP	交易服务器连接成功
2018-08-06 09:00:37,907  INFO: CTP	交易服务器登录完成
2018-08-06 09:00:38,133  INFO: CTP	结算信息确认完成
2018-08-06 09:00:39,025  INFO: CTP	交易合约信息获取完成
2018-08-06 14:12:43,638  INFO: CTP	交易服务器连接成功
2018-08-06 14:12:43,931  INFO: CTP	交易服务器登录完成
2018-08-06 14:12:44,247  INFO: MAIN_ENGINE	MongoDB连接成功
2018-08-06 14:12:44,351  INFO: CTP	结算信息确认完成
2018-08-06 14:12:46,213  INFO: CTP	交易合约信息获取完成
2018-08-06 14:12:46,800  INFO: CTP	行情服务器连接成功
2018-08-06 14:12:47,098  INFO: CTP	行情服务器登录完成
2018-08-06 14:13:34,936  INFO: MAIN_ENGINE	MongoDB连接成功
2018-08-06 14:13:34,944  INFO: CTP	行情服务器连接成功
2018-08-06 14:13:34,949  INFO: CTP	交易服务器连接成功
2018-08-06 14:13:34,974  INFO: CTP	行情服务器登录完成
2018-08-06 14:13:34,986  INFO: CTP	交易服务器登录完成
2018-08-06 14:13:35,051  INFO: CTP	结算信息确认完成
2018-08-06 14:13:36,897  INFO: CTP	交易合约信息获取完成
2018-08-06 14:14:31,112  INFO: MAIN_ENGINE	MongoDB连接成功
2018-08-06 14:14:31,116  INFO: CTP	行情服务器连接成功
2018-08-06 14:14:31,122  INFO: CTP	交易服务器连接成功
2018-08-06 14:14:31,144  INFO: CTP	行情服务器登录完成
2018-08-06 14:14:31,159  INFO: CTP	交易服务器登录完成
2018-08-06 14:14:31,685  INFO: CTP	结算信息确认完成
2018-08-06 14:14:32,623  INFO: CTP	交易合约信息获取完成
2018-08-06 14:16:32,147  INFO: CTP	行情服务器连接断开
2018-08-06 14:16:32,180  INFO: CTP	行情服务器连接成功
2018-08-06 14:16:32,218  INFO: CTP	行情服务器登录完成
2018-08-06 14:17:46,050  INFO: MAIN_ENGINE	MongoDB连接成功
2018-08-06 14:17:46,053  INFO: CTP	行情服务器连接成功
2018-08-06 14:17:46,064  INFO: CTP	交易服务器连接成功
2018-08-06 14:17:46,082  INFO: CTP	行情服务器登录完成
2018-08-06 14:17:46,096  INFO: CTP	交易服务器登录完成
2018-08-06 14:17:46,262  INFO: CTP	结算信息确认完成
2018-08-06 14:17:46,919  INFO: CTP	交易合约信息获取完成
2018-08-06 14:19:14,101  INFO: MAIN_ENGINE	MongoDB连接成功
2018-08-06 14:19:14,105  INFO: CTP	行情服务器连接成功
2018-08-06 14:19:14,478  INFO: CTP	行情服务器登录完成
2018-08-06 14:19:17,204  INFO: CTP	交易服务器连接成功
2018-08-06 14:19:17,270  INFO: CTP	交易服务器登录完成
2018-08-06 14:19:17,404  INFO: CTP	结算信息确认完成
2018-08-06 14:19:17,687  INFO: CTP	交易合约信息获取完成
2018-08-06 14:19:45,496  INFO: MAIN_ENGINE	MongoDB连接成功
2018-08-06 14:19:45,500  INFO: CTP	行情服务器连接成功
2018-08-06 14:19:45,503  INFO: CTP	交易服务器连接成功
2018-08-06 14:19:45,528  INFO: CTP	行情服务器登录完成
2018-08-06 14:19:45,536  INFO: CTP	交易服务器登录完成
2018-08-06 14:19:46,057  INFO: CTP	结算信息确认完成
2018-08-06 14:19:47,446  INFO: CTP	交易合约信息获取完成
2018-08-06 14:37:05,449  INFO: CTP	行情服务器连接成功
2018-08-06 14:37:05,465  INFO: MAIN_ENGINE	MongoDB连接成功
2018-08-06 14:37:05,554  INFO: CTP	行情服务器登录完成
2018-08-06 14:37:06,482  INFO: CTP	交易服务器连接成功
2018-08-06 14:37:06,520  INFO: CTP	交易服务器登录完成
2018-08-06 14:37:06,617  INFO: CTP	结算信息确认完成
2018-08-06 14:37:08,785  INFO: CTP	交易合约信息获取完成
2018-08-06 14:37:34,940  INFO: CTP	行情服务器连接成功
2018-08-06 14:37:34,957  INFO: MAIN_ENGINE	MongoDB连接成功
2018-08-06 14:37:34,996  INFO: CTP	行情服务器登录完成
2018-08-06 14:37:35,981  INFO: CTP	交易服务器连接成功
2018-08-06 14:37:36,299  INFO: CTP	交易服务器登录完成
2018-08-06 14:37:36,397  INFO: CTP	结算信息确认完成
2018-08-06 14:37:42,863  INFO: CTP	交易合约信息获取完成
2018-08-06 14:38:28,041  INFO: MAIN_ENGINE	MongoDB连接成功
2018-08-06 14:38:28,045  INFO: CTP	行情服务器连接成功
2018-08-06 14:38:28,053  INFO: CTP	交易服务器连接成功
2018-08-06 14:38:28,137  INFO: CTP	交易服务器登录完成
2018-08-06 14:38:28,346  INFO: CTP	行情服务器登录完成
2018-08-06 14:38:28,527  INFO: CTP	结算信息确认完成
2018-08-06 14:49:43,675  INFO: MAIN_ENGINE	MongoDB连接成功
2018-08-06 14:49:43,679  INFO: CTP	交易服务器连接成功
2018-08-06 14:49:44,218  INFO: CTP	交易服务器登录完成
2018-08-06 14:49:46,585  INFO: CTP	结算信息确认完成
2018-08-06 14:49:46,747  INFO: CTP	行情服务器连接成功
2018-08-06 14:49:46,802  INFO: CTP	行情服务器登录完成
2018-08-06 14:50:19,701  INFO: MAIN_ENGINE	MongoDB连接成功
2018-08-06 14:50:21,685  INFO: CTP	行情服务器连接成功
2018-08-06 14:50:21,687  INFO: CTP	交易服务器连接成功
2018-08-06 14:50:21,722  INFO: CTP	交易服务器登录完成
2018-08-06 14:50:21,890  INFO: CTP	结算信息确认完成
2018-08-06 14:50:21,973  INFO: CTP	行情服务器登录完成
2018-08-06 14:51:13,846  INFO: MAIN_ENGINE	MongoDB连接成功
2018-08-06 14:51:13,848  INFO: CTP	行情服务器连接成功
2018-08-06 14:51:13,852  INFO: CTP	交易服务器连接成功
2018-08-06 14:51:13,889  INFO: CTP	交易服务器登录完成
2018-08-06 14:51:14,132  INFO: CTP	行情服务器登录完成
2018-08-06 14:51:14,164  INFO: CTP	结算信息确认完成
2018-08-06 14:51:17,043  INFO: CTP	交易合约信息获取完成
2018-08-06 14:55:12,887  INFO: CTP	交易服务器连接断开
2018-08-06 14:55:13,923  INFO: CTP	交易服务器连接成功
2018-08-06 14:55:13,960  INFO: CTP	交易服务器登录完成
2018-08-06 14:55:14,028  INFO: CTP	结算信息确认完成
2018-08-06 14:55:14,524  INFO: CTP	交易合约信息获取完成
2018-08-06 14:59:52,894  INFO: MAIN_ENGINE	MongoDB连接成功
2018-08-06 14:59:52,902  INFO: CTP	行情服务器连接成功
2018-08-06 14:59:52,913  INFO: CTP	交易服务器连接成功
2018-08-06 14:59:53,198  INFO: CTP	行情服务器登录完成
2018-08-06 14:59:54,751  INFO: CTP	交易服务器登录完成
2018-08-06 14:59:56,010  INFO: CTP	结算信息确认完成
2018-08-06 15:00:00,755  INFO: CTP	交易合约信息获取完成
2018-08-06 15:00:46,459  INFO: MAIN_ENGINE	MongoDB连接成功
2018-08-06 15:00:46,463  INFO: CTP	行情服务器连接成功
2018-08-06 15:00:46,466  INFO: CTP	交易服务器连接成功
2018-08-06 15:00:46,502  INFO: CTP	交易服务器登录完成
2018-08-06 15:00:46,537  INFO: CTP	行情服务器登录完成
2018-08-06 15:00:46,568  INFO: CTP	结算信息确认完成
2018-08-06 15:00:46,739  INFO: CTP	交易合约信息获取完成
2018-08-06 15:02:19,629  INFO: CTP	行情服务器连接成功
2018-08-06 15:02:19,646  INFO: MAIN_ENGINE	MongoDB连接成功
2018-08-06 15:02:19,752  INFO: CTP	行情服务器登录完成
2018-08-06 15:02:42,856  INFO: CTP	交易服务器连接成功
2018-08-06 15:03:43,413  INFO: CTP	行情服务器连接成功
2018-08-06 15:03:43,430  INFO: MAIN_ENGINE	MongoDB连接成功
2018-08-06 15:03:44,617  INFO: CTP	行情服务器登录完成
2018-08-06 15:07:14,212  INFO: CTP	行情服务器连接成功
2018-08-06 15:07:14,229  INFO: MAIN_ENGINE	MongoDB连接成功
2018-08-06 15:07:14,234  INFO: CTP	交易服务器连接成功
2018-08-06 15:07:14,269  INFO: CTP	交易服务器登录完成
2018-08-06 15:07:14,367  INFO: CTP	结算信息确认完成
2018-08-06 15:07:14,835  INFO: CTP	交易合约信息获取完成
2018-08-06 15:07:15,042  INFO: CTP	行情服务器登录完成
2018-08-06 21:21:08,915  INFO: CTP	行情服务器连接成功
2018-08-06 21:21:08,952  INFO: MAIN_ENGINE	MongoDB连接成功
2018-08-06 21:21:09,856  INFO: CTP	交易服务器连接成功
2018-08-06 21:21:09,968  INFO: CTP	行情服务器登录完成
2018-08-06 21:21:10,693  INFO: CTP	交易服务器登录完成
2018-08-06 21:21:11,521  INFO: CTP	结算信息确认完成
2018-08-06 21:22:03,604  INFO: MAIN_ENGINE	MongoDB连接成功
2018-08-06 21:22:04,626  INFO: CTP	行情服务器连接成功
2018-08-06 21:22:04,630  INFO: CTP	交易服务器连接成功
2018-08-06 21:22:04,661  INFO: CTP	行情服务器登录完成
2018-08-06 21:22:04,996  INFO: CTP	交易服务器登录完成
2018-08-06 21:22:05,081  INFO: CTP	结算信息确认完成
2018-08-06 21:22:31,823  INFO: CTP	交易合约信息获取完成
2018-08-06 21:28:30,736  INFO: MAIN_ENGINE	MongoDB连接成功
2018-08-06 21:28:30,748  INFO: CTP	行情服务器连接成功
2018-08-06 21:28:30,786  INFO: CTP	行情服务器登录完成
2018-08-06 21:28:31,749  INFO: CTP	交易服务器连接成功
2018-08-06 21:28:32,082  INFO: CTP	交易服务器登录完成
2018-08-06 21:28:32,384  INFO: CTP	结算信息确认完成
2018-08-06 21:29:40,091  INFO: CTP	交易合约信息获取完成
2018-08-06 21:34:47,837  INFO: CTP	行情服务器连接断开
2018-08-06 21:34:47,849  INFO: CTP	行情服务器连接成功
2018-08-06 21:34:47,989  INFO: CTP	行情服务器登录完成
2018-08-06 22:04:00,732  INFO: CTP	行情服务器连接成功
2018-08-06 22:04:00,735  INFO: CTP	交易服务器连接成功
2018-08-06 22:04:00,742  INFO: MAIN_ENGINE	MongoDB连接成功
2018-08-06 22:04:00,755  INFO: CTP	行情服务器登录完成
2018-08-06 22:04:00,978  INFO: CTP	交易服务器登录完成
2018-08-06 22:04:01,061  INFO: CTP	结算信息确认完成
2018-08-06 22:04:01,512  INFO: CTP	交易合约信息获取完成
2018-08-06 22:07:48,147  INFO: CTP	行情服务器连接成功
2018-08-06 22:07:48,149  INFO: CTP	交易服务器连接成功
2018-08-06 22:07:48,156  INFO: MAIN_ENGINE	MongoDB连接成功
2018-08-06 22:07:48,169  INFO: CTP	行情服务器登录完成
2018-08-06 22:07:48,171  INFO: CTP	交易服务器登录完成
2018-08-06 22:07:48,198  INFO: CTP	结算信息确认完成
2018-08-06 22:07:48,457  INFO: CTP	交易合约信息获取完成
2018-08-06 22:08:20,242  INFO: CTP	交易服务器连接成功
2018-08-06 22:08:20,243  INFO: MAIN_ENGINE	MongoDB连接成功
2018-08-06 22:08:20,266  INFO: CTP	交易服务器登录完成
2018-08-06 22:08:20,536  INFO: CTP	结算信息确认完成
2018-08-06 22:08:21,051  INFO: CTP	交易合约信息获取完成
2018-08-06 22:08:21,256  INFO: CTP	行情服务器连接成功
2018-08-06 22:08:21,278  INFO: CTP	行情服务器登录完成
2018-08-06 22:09:16,888  INFO: CTP	行情服务器连接成功
2018-08-06 22:09:16,890  INFO: CTP	交易服务器连接成功
2018-08-06 22:09:16,896  INFO: MAIN_ENGINE	MongoDB连接成功
2018-08-06 22:09:16,910  INFO: CTP	行情服务器登录完成
2018-08-06 22:09:16,916  INFO: CTP	交易服务器登录完成
2018-08-06 22:09:16,952  INFO: CTP	结算信息确认完成
2018-08-06 22:09:17,211  INFO: CTP	交易合约信息获取完成
2018-08-06 22:12:21,317  INFO: CTP	交易服务器连接成功
2018-08-06 22:12:21,322  INFO: CTP	行情服务器连接成功
2018-08-06 22:12:21,337  INFO: MAIN_ENGINE	MongoDB连接成功
2018-08-06 22:12:21,356  INFO: CTP	行情服务器登录完成
2018-08-06 22:12:21,362  INFO: CTP	交易服务器登录完成
2018-08-06 22:12:21,386  INFO: CTP	结算信息确认完成
2018-08-06 22:12:21,583  INFO: CTP	交易合约信息获取完成
