2018-08-17 09:11:14,092  INFO: CTP	行情服务器连接成功
2018-08-17 09:11:14,096  INFO: CTP	交易服务器连接成功
2018-08-17 09:11:14,110  INFO: CTP	行情服务器登录完成
2018-08-17 09:11:14,117  INFO: CTP	交易服务器登录完成
2018-08-17 09:11:14,165  INFO: CTP	结算信息确认完成
2018-08-17 09:11:14,357  INFO: CTP	交易合约信息获取完成
2018-08-17 09:11:16,529  INFO: MAIN_ENGINE	MongoDB连接成功
2018-08-17 09:13:27,105  INFO: CTP	行情服务器连接成功
2018-08-17 09:13:27,126  INFO: CTP	行情服务器登录完成
2018-08-17 09:13:29,357  INFO: MAIN_ENGINE	MongoDB连接成功
2018-08-17 09:13:30,234  INFO: CTP	交易服务器连接成功
2018-08-17 09:13:30,519  INFO: CTP	交易服务器登录完成
2018-08-17 09:13:30,803  INFO: CTP	结算信息确认完成
2018-08-17 09:13:31,122  INFO: CTP	交易合约信息获取完成
2018-08-17 09:13:51,118  INFO: CTA_STRATEGY	CTA引擎启动成功
2018-08-17 09:14:25,749  INFO: CTA_STRATEGY	策略加载成功
2018-08-17 09:14:35,415  INFO: CTA_STRATEGY	HorizBreakout:HorizBreakout策略初始化
2018-08-17 09:16:19,987  INFO: CTA_STRATEGY	HorizBreakout:HorizBreakout策略启动
2018-08-17 09:16:22,703  INFO: CTA_STRATEGY	HorizBreakout:HorizBreakout策略停止
2018-08-17 09:17:57,767  INFO: CTA_STRATEGY	HorizBreakout:HorizBreakout策略启动
