2018-08-11 13:41:14,227  INFO: CTP	行情服务器连接成功
2018-08-11 13:41:14,231  INFO: CTP	交易服务器连接成功
2018-08-11 13:41:14,249  INFO: CTP	行情服务器登录完成
2018-08-11 13:41:14,255  INFO: CTP	交易服务器登录完成
2018-08-11 13:41:14,295  INFO: CTP	结算信息确认完成
2018-08-11 13:41:14,555  INFO: CTP	交易合约信息获取完成
2018-08-11 13:41:16,413  INFO: MAIN_ENGINE	MongoDB连接成功
2018-08-11 13:56:39,139  INFO: CTP	交易服务器连接成功
2018-08-11 13:56:39,141  INFO: CTP	行情服务器连接成功
2018-08-11 13:56:39,159  INFO: CTP	交易服务器登录完成
2018-08-11 13:56:39,163  INFO: CTP	行情服务器登录完成
2018-08-11 13:56:39,197  INFO: CTP	结算信息确认完成
2018-08-11 13:56:39,305  INFO: CTP	交易合约信息获取完成
2018-08-11 13:56:41,286  INFO: MAIN_ENGINE	MongoDB连接成功
2018-08-11 14:12:36,443  INFO: CTP	交易服务器连接成功
2018-08-11 14:12:36,444  INFO: CTP	行情服务器连接成功
2018-08-11 14:12:36,463  INFO: CTP	交易服务器登录完成
2018-08-11 14:12:36,469  INFO: CTP	行情服务器登录完成
2018-08-11 14:12:36,494  INFO: CTP	结算信息确认完成
2018-08-11 14:12:36,606  INFO: CTP	交易合约信息获取完成
2018-08-11 14:12:38,634  INFO: MAIN_ENGINE	MongoDB连接成功
2018-08-11 14:13:24,630  INFO: CTA_STRATEGY	CTA引擎启动成功
2018-08-11 14:13:28,935  INFO: CTA_STRATEGY	策略加载成功
2018-08-11 14:15:26,854  INFO: CTP	交易服务器连接成功
2018-08-11 14:15:26,854  INFO: CTP	行情服务器连接成功
2018-08-11 14:15:26,872  INFO: CTP	行情服务器登录完成
2018-08-11 14:15:26,873  INFO: CTP	交易服务器登录完成
2018-08-11 14:15:26,909  INFO: CTP	结算信息确认完成
2018-08-11 14:15:27,034  INFO: CTP	交易合约信息获取完成
2018-08-11 14:15:28,976  INFO: MAIN_ENGINE	MongoDB连接成功
2018-08-11 14:15:39,891  INFO: CTA_STRATEGY	CTA引擎启动成功
2018-08-11 14:15:41,602  INFO: CTA_STRATEGY	策略加载成功
