2018-08-11 10:32:07,488  INFO: 服务器进程启动
2018-08-11 10:32:07,489  INFO: 事件引擎创建成功
2018-08-11 10:32:07,554  INFO: 主引擎创建成功
2018-08-11 10:32:07,555  INFO: 服务器启动成功
2018-08-11 11:20:48,344  INFO: 安全关闭进程
2018-08-11 11:21:35,449  INFO: 服务器进程启动
2018-08-11 11:21:35,450  INFO: 事件引擎创建成功
2018-08-11 11:21:35,453  INFO: 主引擎创建成功
2018-08-11 11:21:35,453  INFO: 服务器启动成功
2018-08-11 11:23:40,588  INFO: 安全关闭进程
2018-08-11 11:23:44,309  INFO: 服务器进程启动
2018-08-11 11:23:44,310  INFO: 事件引擎创建成功
2018-08-11 11:23:44,313  INFO: 主引擎创建成功
2018-08-11 11:23:44,314  INFO: 服务器启动成功
2018-08-11 11:23:56,251  INFO: 安全关闭进程
2018-08-11 11:24:21,407  INFO: 服务器进程启动
2018-08-11 11:24:21,409  INFO: 事件引擎创建成功
2018-08-11 11:24:21,418  INFO: 主引擎创建成功
2018-08-11 11:24:21,419  INFO: 服务器启动成功
2018-08-11 11:30:57,618  INFO: 安全关闭进程
2018-08-11 11:32:28,601  INFO: 服务器进程启动
2018-08-11 11:32:28,603  INFO: 事件引擎创建成功
2018-08-11 11:32:28,617  INFO: 主引擎创建成功
2018-08-11 11:32:28,618  INFO: 服务器启动成功
2018-08-11 11:44:40,122  INFO: 安全关闭进程
2018-08-11 11:46:37,412  INFO: 服务器进程启动
2018-08-11 11:46:37,413  INFO: 事件引擎创建成功
2018-08-11 11:46:37,424  INFO: 主引擎创建成功
2018-08-11 11:46:37,424  INFO: 服务器启动成功
2018-08-11 11:48:20,777  INFO: 安全关闭进程
2018-08-11 12:43:32,083  INFO: 服务器进程启动
2018-08-11 12:43:32,084  INFO: 事件引擎创建成功
2018-08-11 12:43:32,094  INFO: 主引擎创建成功
2018-08-11 12:43:32,094  INFO: 服务器启动成功
2018-08-11 12:44:05,769  INFO: 安全关闭进程
2018-08-11 12:44:09,464  INFO: 服务器进程启动
2018-08-11 12:44:09,466  INFO: 事件引擎创建成功
2018-08-11 12:44:09,475  INFO: 主引擎创建成功
2018-08-11 12:44:09,476  INFO: 服务器启动成功
2018-08-11 12:44:30,270  INFO: 安全关闭进程
2018-08-11 12:46:04,423  INFO: 服务器进程启动
2018-08-11 12:46:04,424  INFO: 事件引擎创建成功
2018-08-11 12:46:04,432  INFO: 主引擎创建成功
2018-08-11 12:46:04,433  INFO: 服务器启动成功
2018-08-11 12:51:10,120  INFO: 安全关闭进程
2018-08-11 12:51:17,404  INFO: 服务器进程启动
2018-08-11 12:51:17,405  INFO: 事件引擎创建成功
2018-08-11 12:51:17,424  INFO: 主引擎创建成功
2018-08-11 12:51:17,425  INFO: 服务器启动成功
2018-08-11 12:52:08,705  INFO: 安全关闭进程
2018-08-11 12:53:45,048  INFO: 服务器进程启动
2018-08-11 12:53:45,050  INFO: 事件引擎创建成功
2018-08-11 12:53:45,058  INFO: 主引擎创建成功
2018-08-11 12:53:45,059  INFO: 服务器启动成功
2018-08-11 12:56:58,903  INFO: 安全关闭进程
2018-08-11 12:57:16,320  INFO: 服务器进程启动
2018-08-11 12:57:16,322  INFO: 事件引擎创建成功
2018-08-11 12:57:16,331  INFO: 主引擎创建成功
2018-08-11 12:57:16,332  INFO: 服务器启动成功
2018-08-11 12:58:57,325  INFO: 安全关闭进程
2018-08-11 12:59:04,418  INFO: 服务器进程启动
2018-08-11 12:59:04,420  INFO: 事件引擎创建成功
2018-08-11 12:59:04,427  INFO: 主引擎创建成功
2018-08-11 12:59:04,428  INFO: 服务器启动成功
2018-08-11 13:27:16,325  INFO: 安全关闭进程
2018-08-11 13:31:59,934  INFO: 服务器进程启动
2018-08-11 13:31:59,935  INFO: 事件引擎创建成功
2018-08-11 13:31:59,943  INFO: 主引擎创建成功
2018-08-11 13:31:59,944  INFO: 服务器启动成功
2018-08-11 13:32:15,387  INFO: 安全关闭进程
2018-08-11 13:36:14,662  INFO: 服务器进程启动
2018-08-11 13:36:14,664  INFO: 事件引擎创建成功
2018-08-11 13:36:14,690  INFO: 主引擎创建成功
2018-08-11 13:36:14,690  INFO: 服务器启动成功
2018-08-11 13:36:32,518  INFO: 安全关闭进程
2018-08-11 13:36:57,517  INFO: 服务器进程启动
2018-08-11 13:36:57,518  INFO: 事件引擎创建成功
2018-08-11 13:36:57,527  INFO: 主引擎创建成功
2018-08-11 13:36:57,528  INFO: 服务器启动成功
2018-08-11 13:37:21,828  INFO: 安全关闭进程
2018-08-11 13:39:40,949  INFO: 服务器进程启动
2018-08-11 13:39:40,951  INFO: 事件引擎创建成功
2018-08-11 13:39:40,959  INFO: 主引擎创建成功
2018-08-11 13:39:40,960  INFO: 服务器启动成功
2018-08-11 13:42:07,994  INFO: 安全关闭进程
2018-08-11 13:42:22,761  INFO: 服务器进程启动
2018-08-11 13:42:22,763  INFO: 事件引擎创建成功
2018-08-11 13:42:22,771  INFO: 主引擎创建成功
2018-08-11 13:42:22,771  INFO: 服务器启动成功
2018-08-11 13:42:31,205  INFO: 安全关闭进程
2018-08-11 13:42:37,796  INFO: 服务器进程启动
2018-08-11 13:42:37,796  INFO: 事件引擎创建成功
2018-08-11 13:42:37,799  INFO: 主引擎创建成功
2018-08-11 13:42:37,800  INFO: 服务器启动成功
2018-08-11 13:43:30,544  INFO: 安全关闭进程
2018-08-11 13:44:54,831  INFO: 服务器进程启动
2018-08-11 13:44:54,832  INFO: 事件引擎创建成功
2018-08-11 13:44:54,853  INFO: 主引擎创建成功
2018-08-11 13:44:54,854  INFO: 服务器启动成功
2018-08-11 13:48:30,528  INFO: 安全关闭进程
