2018-08-10 21:54:05,246  INFO: 服务器进程启动
2018-08-10 21:54:05,247  INFO: 事件引擎创建成功
2018-08-10 21:54:05,260  INFO: 主引擎创建成功
2018-08-10 21:54:05,260  INFO: 服务器启动成功
2018-08-10 21:55:02,340  INFO: 安全关闭进程
2018-08-10 22:01:00,262  INFO: 服务器进程启动
2018-08-10 22:01:00,263  INFO: 事件引擎创建成功
2018-08-10 22:01:00,274  INFO: 主引擎创建成功
2018-08-10 22:01:00,275  INFO: 服务器启动成功
2018-08-10 22:02:10,312  INFO: 安全关闭进程
2018-08-10 22:02:23,900  INFO: 服务器进程启动
2018-08-10 22:02:23,902  INFO: 事件引擎创建成功
2018-08-10 22:02:23,912  INFO: 主引擎创建成功
2018-08-10 22:02:23,912  INFO: 服务器启动成功
2018-08-10 22:02:48,581  INFO: 安全关闭进程
2018-08-10 22:06:29,554  INFO: 服务器进程启动
2018-08-10 22:06:29,555  INFO: 事件引擎创建成功
2018-08-10 22:06:29,563  INFO: 主引擎创建成功
2018-08-10 22:06:29,563  INFO: 服务器启动成功
2018-08-10 22:07:33,376  INFO: 安全关闭进程
2018-08-10 22:09:01,661  INFO: 服务器进程启动
2018-08-10 22:09:01,662  INFO: 事件引擎创建成功
2018-08-10 22:09:01,670  INFO: 主引擎创建成功
2018-08-10 22:09:01,670  INFO: 服务器启动成功
2018-08-10 22:10:00,731  INFO: 安全关闭进程
2018-08-10 22:10:29,859  INFO: 服务器进程启动
2018-08-10 22:10:29,860  INFO: 事件引擎创建成功
2018-08-10 22:10:29,869  INFO: 主引擎创建成功
2018-08-10 22:10:29,870  INFO: 服务器启动成功
2018-08-10 22:10:56,741  INFO: 安全关闭进程
2018-08-10 22:12:19,079  INFO: 服务器进程启动
2018-08-10 22:12:19,081  INFO: 事件引擎创建成功
2018-08-10 22:12:19,105  INFO: 主引擎创建成功
2018-08-10 22:12:19,106  INFO: 服务器启动成功
2018-08-10 22:17:07,211  INFO: 安全关闭进程
2018-08-10 22:17:12,060  INFO: 服务器进程启动
2018-08-10 22:17:12,062  INFO: 事件引擎创建成功
2018-08-10 22:17:12,073  INFO: 主引擎创建成功
2018-08-10 22:17:12,074  INFO: 服务器启动成功
2018-08-10 22:17:27,485  INFO: 安全关闭进程
2018-08-10 22:17:42,036  INFO: 服务器进程启动
2018-08-10 22:17:42,037  INFO: 事件引擎创建成功
2018-08-10 22:17:42,058  INFO: 主引擎创建成功
2018-08-10 22:17:42,059  INFO: 服务器启动成功
2018-08-10 22:20:47,849  INFO: 安全关闭进程
2018-08-10 22:21:19,185  INFO: 服务器进程启动
2018-08-10 22:21:19,187  INFO: 事件引擎创建成功
2018-08-10 22:21:19,197  INFO: 主引擎创建成功
2018-08-10 22:21:19,198  INFO: 服务器启动成功
2018-08-10 22:22:56,639  INFO: 安全关闭进程
2018-08-10 22:25:41,527  INFO: 服务器进程启动
2018-08-10 22:25:41,528  INFO: 事件引擎创建成功
2018-08-10 22:25:41,540  INFO: 主引擎创建成功
2018-08-10 22:25:41,540  INFO: 服务器启动成功
2018-08-10 22:26:49,346  INFO: 安全关闭进程
2018-08-10 22:26:53,455  INFO: 服务器进程启动
2018-08-10 22:26:53,456  INFO: 事件引擎创建成功
2018-08-10 22:26:53,466  INFO: 主引擎创建成功
2018-08-10 22:26:53,466  INFO: 服务器启动成功
2018-08-10 22:27:12,754  INFO: 安全关闭进程
2018-08-10 22:27:28,780  INFO: 服务器进程启动
2018-08-10 22:27:28,783  INFO: 事件引擎创建成功
2018-08-10 22:27:28,818  INFO: 主引擎创建成功
2018-08-10 22:27:28,818  INFO: 服务器启动成功
2018-08-10 22:28:15,084  INFO: 安全关闭进程
2018-08-10 22:28:21,650  INFO: 服务器进程启动
2018-08-10 22:28:21,651  INFO: 事件引擎创建成功
2018-08-10 22:28:21,663  INFO: 主引擎创建成功
2018-08-10 22:28:21,663  INFO: 服务器启动成功
2018-08-10 22:29:20,012  INFO: 安全关闭进程
2018-08-10 22:29:34,466  INFO: 服务器进程启动
2018-08-10 22:29:34,468  INFO: 事件引擎创建成功
2018-08-10 22:29:34,477  INFO: 主引擎创建成功
2018-08-10 22:29:34,477  INFO: 服务器启动成功
2018-08-10 22:33:13,846  INFO: 安全关闭进程
2018-08-10 22:33:27,103  INFO: 服务器进程启动
2018-08-10 22:33:27,104  INFO: 事件引擎创建成功
2018-08-10 22:33:27,122  INFO: 主引擎创建成功
2018-08-10 22:33:27,123  INFO: 服务器启动成功
2018-08-10 22:35:32,076  INFO: 安全关闭进程
2018-08-10 22:36:31,050  INFO: 服务器进程启动
2018-08-10 22:36:31,051  INFO: 事件引擎创建成功
2018-08-10 22:36:31,060  INFO: 主引擎创建成功
2018-08-10 22:36:31,061  INFO: 服务器启动成功
2018-08-10 22:41:17,989  INFO: 安全关闭进程
