2018-08-07 09:58:55,991  INFO: 启动CTA策略运行子进程
2018-08-07 09:58:55,992  INFO: 事件引擎创建成功
2018-08-07 09:58:55,996  INFO: 主引擎创建成功
2018-08-07 09:58:55,996  INFO: 注册日志事件监听
2018-08-07 09:58:56,055  INFO: CTP	交易服务器连接成功
2018-08-07 09:58:56,057  INFO: CTP	行情服务器连接成功
2018-08-07 09:58:56,082  INFO: CTP	行情服务器登录完成
2018-08-07 09:58:56,297  INFO: CTP	交易服务器登录完成
2018-08-07 09:58:56,408  INFO: CTP	结算信息确认完成
2018-08-07 09:58:56,810  INFO: CTP	交易合约信息获取完成
2018-08-07 09:58:58,344  INFO: 连接CTP接口
2018-08-07 09:58:58,344  INFO: MAIN_ENGINE	MongoDB连接成功
2018-08-07 09:59:08,431  INFO: CTA策略载入成功
2018-08-07 09:59:08,434  INFO: CTA_STRATEGY	HorizBreakout:HorizBreakout策略初始化
2018-08-07 09:59:11,584  INFO: CTA_STRATEGY	AvgBreak:AvgBreak策略初始化
2018-08-07 09:59:12,472  INFO: CTA策略初始化成功
2018-08-07 09:59:12,473  INFO: CTA策略启动成功
2018-08-07 09:59:12,474  INFO: CTA_STRATEGY	HorizBreakout:HorizBreakout策略启动
2018-08-07 09:59:12,474  INFO: CTA_STRATEGY	AvgBreak:AvgBreak策略启动
2018-08-07 10:47:14,886  INFO: 启动CTA策略运行子进程
2018-08-07 10:47:14,887  INFO: 事件引擎创建成功
2018-08-07 10:47:14,891  INFO: 主引擎创建成功
2018-08-07 10:47:14,892  INFO: 注册日志事件监听
2018-08-07 10:47:14,948  INFO: CTP	行情服务器连接成功
2018-08-07 10:47:14,952  INFO: CTP	交易服务器连接成功
2018-08-07 10:47:14,968  INFO: CTP	行情服务器登录完成
2018-08-07 10:47:14,974  INFO: CTP	交易服务器登录完成
2018-08-07 10:47:15,017  INFO: CTP	结算信息确认完成
2018-08-07 10:47:15,289  INFO: CTP	交易合约信息获取完成
2018-08-07 10:47:17,148  INFO: 连接CTP接口
2018-08-07 10:47:17,148  INFO: MAIN_ENGINE	MongoDB连接成功
2018-08-07 10:47:27,173  INFO: CTA策略载入成功
2018-08-07 10:47:27,176  INFO: CTA_STRATEGY	HorizBreakout:HorizBreakout策略初始化
2018-08-07 10:47:30,743  INFO: CTA_STRATEGY	AvgBreak:AvgBreak策略初始化
2018-08-07 10:47:31,583  INFO: CTA策略初始化成功
2018-08-07 10:47:31,584  INFO: CTA策略启动成功
2018-08-07 10:47:31,585  INFO: CTA_STRATEGY	HorizBreakout:HorizBreakout策略启动
2018-08-07 10:47:31,585  INFO: CTA_STRATEGY	AvgBreak:AvgBreak策略启动
2018-08-07 11:21:38,013  INFO: 启动CTA策略运行子进程
2018-08-07 11:21:38,015  INFO: 事件引擎创建成功
2018-08-07 11:21:38,020  INFO: 主引擎创建成功
2018-08-07 11:21:38,020  INFO: 注册日志事件监听
2018-08-07 11:21:38,027  INFO: 启动CTA策略运行子进程
2018-08-07 11:21:38,028  INFO: 事件引擎创建成功
2018-08-07 11:21:38,032  INFO: 主引擎创建成功
2018-08-07 11:21:38,032  INFO: 注册日志事件监听
2018-08-07 11:21:38,083  INFO: CTP	行情服务器连接成功
2018-08-07 11:21:38,084  INFO: CTP	交易服务器连接成功
2018-08-07 11:21:38,090  INFO: CTP	行情服务器连接成功
2018-08-07 11:21:38,091  INFO: CTP	交易服务器连接成功
2018-08-07 11:21:38,105  INFO: CTP	行情服务器登录完成
2018-08-07 11:21:38,109  INFO: CTP	交易服务器登录完成
2018-08-07 11:21:38,112  INFO: CTP	行情服务器登录完成
2018-08-07 11:21:38,114  INFO: CTP	交易服务器登录完成
2018-08-07 11:21:38,196  INFO: CTP	结算信息确认完成
2018-08-07 11:21:38,220  INFO: CTP	结算信息确认完成
2018-08-07 11:21:38,515  INFO: CTP	交易合约信息获取完成
2018-08-07 11:21:38,528  INFO: CTP	交易合约信息获取完成
2018-08-07 11:21:40,307  INFO: 连接CTP接口
2018-08-07 11:21:40,307  INFO: MAIN_ENGINE	MongoDB连接成功
2018-08-07 11:21:40,366  INFO: 连接CTP接口
2018-08-07 11:21:40,366  INFO: MAIN_ENGINE	MongoDB连接成功
2018-08-07 11:21:50,335  INFO: CTA策略载入成功
2018-08-07 11:21:50,338  INFO: CTA_STRATEGY	AvgBreak:AvgBreak策略初始化
2018-08-07 11:21:50,394  INFO: CTA策略载入成功
2018-08-07 11:21:50,396  INFO: CTA_STRATEGY	AvgBreak:AvgBreak策略初始化
2018-08-07 11:21:51,470  INFO: CTA_STRATEGY	HorizBreakout:HorizBreakout策略初始化
2018-08-07 11:21:51,575  INFO: CTA_STRATEGY	HorizBreakout:HorizBreakout策略初始化
2018-08-07 11:21:53,877  INFO: CTA_STRATEGY	策略HorizBreakout触发异常已停止
Traceback (most recent call last):
  File "/home/linlin/cyvn/app/ctaStrategy/ctaEngine.py", line 576, in callStrategyFunc
    func()
  File "/home/linlin/cyvn/app/ctaStrategy/strategy/strategyHorizBreakout.py", line 88, in onInit
    self.onBar(bar)
  File "/home/linlin/cyvn/app/ctaStrategy/strategy/strategyHorizBreakout.py", line 112, in onBar
    self.bg.updateBar(bar)
  File "/home/linlin/cyvn/app/ctaStrategy/ctaTemplate.py", line 525, in updateBar
    self.onXminBar(self.xminBar)
  File "/home/linlin/cyvn/app/ctaStrategy/strategy/strategyHorizBreakout.py", line 149, in onMyBar
    self.setTargetPos(-self.fixedSize)
  File "/home/linlin/cyvn/app/ctaStrategy/ctaTemplate.py", line 273, in setTargetPos
    self.trade()
  File "/home/linlin/cyvn/app/ctaStrategy/ctaTemplate.py", line 303, in trade
    shortPrice = self.lastBar.close - self.tickAdd
AttributeError: 'NoneType' object has no attribute 'close'

2018-08-07 11:21:53,998  INFO: CTA_STRATEGY	策略HorizBreakout触发异常已停止
Traceback (most recent call last):
  File "/home/linlin/cyvn/app/ctaStrategy/ctaEngine.py", line 576, in callStrategyFunc
    func()
  File "/home/linlin/cyvn/app/ctaStrategy/strategy/strategyHorizBreakout.py", line 88, in onInit
    self.onBar(bar)
  File "/home/linlin/cyvn/app/ctaStrategy/strategy/strategyHorizBreakout.py", line 112, in onBar
    self.bg.updateBar(bar)
  File "/home/linlin/cyvn/app/ctaStrategy/ctaTemplate.py", line 525, in updateBar
    self.onXminBar(self.xminBar)
  File "/home/linlin/cyvn/app/ctaStrategy/strategy/strategyHorizBreakout.py", line 149, in onMyBar
    self.setTargetPos(-self.fixedSize)
  File "/home/linlin/cyvn/app/ctaStrategy/ctaTemplate.py", line 273, in setTargetPos
    self.trade()
  File "/home/linlin/cyvn/app/ctaStrategy/ctaTemplate.py", line 303, in trade
    shortPrice = self.lastBar.close - self.tickAdd
AttributeError: 'NoneType' object has no attribute 'close'

2018-08-07 11:21:54,156  INFO: CTA策略初始化成功
2018-08-07 11:21:54,156  INFO: CTA策略启动成功
2018-08-07 11:21:54,157  INFO: CTA_STRATEGY	AvgBreak:AvgBreak策略启动
2018-08-07 11:21:54,286  INFO: CTA策略初始化成功
2018-08-07 11:21:54,287  INFO: CTA策略启动成功
2018-08-07 11:21:54,287  INFO: CTA_STRATEGY	AvgBreak:AvgBreak策略启动
2018-08-07 11:30:02,304  INFO: CTA_STRATEGY	策略HorizBreakout触发异常已停止
Traceback (most recent call last):
  File "/home/linlin/cyvn/app/ctaStrategy/ctaEngine.py", line 574, in callStrategyFunc
    func(params)
  File "/home/linlin/cyvn/app/ctaStrategy/strategy/strategyHorizBreakout.py", line 107, in onTick
    self.bg.updateTick(tick)
  File "/home/linlin/cyvn/app/ctaStrategy/ctaTemplate.py", line 459, in updateTick
    self.onBar(self.bar)
  File "/home/linlin/cyvn/app/ctaStrategy/strategy/strategyHorizBreakout.py", line 112, in onBar
    self.bg.updateBar(bar)
  File "/home/linlin/cyvn/app/ctaStrategy/ctaTemplate.py", line 525, in updateBar
    self.onXminBar(self.xminBar)
  File "/home/linlin/cyvn/app/ctaStrategy/strategy/strategyHorizBreakout.py", line 142, in onMyBar
    self.setTargetPos(self.fixedSize)
  File "/home/linlin/cyvn/app/ctaStrategy/ctaTemplate.py", line 273, in setTargetPos
    self.trade()
  File "/home/linlin/cyvn/app/ctaStrategy/ctaTemplate.py", line 301, in trade
    longPrice = self.lastBar.close + self.tickAdd
AttributeError: 'NoneType' object has no attribute 'close'

2018-08-07 11:30:02,305  INFO: CTA_STRATEGY	策略AvgBreak同步数据保存成功，当前持仓0
2018-08-07 11:30:02,334  INFO: CTA_STRATEGY	策略HorizBreakout触发异常已停止
Traceback (most recent call last):
  File "/home/linlin/cyvn/app/ctaStrategy/ctaEngine.py", line 574, in callStrategyFunc
    func(params)
  File "/home/linlin/cyvn/app/ctaStrategy/strategy/strategyHorizBreakout.py", line 107, in onTick
    self.bg.updateTick(tick)
  File "/home/linlin/cyvn/app/ctaStrategy/ctaTemplate.py", line 459, in updateTick
    self.onBar(self.bar)
  File "/home/linlin/cyvn/app/ctaStrategy/strategy/strategyHorizBreakout.py", line 112, in onBar
    self.bg.updateBar(bar)
  File "/home/linlin/cyvn/app/ctaStrategy/ctaTemplate.py", line 525, in updateBar
    self.onXminBar(self.xminBar)
  File "/home/linlin/cyvn/app/ctaStrategy/strategy/strategyHorizBreakout.py", line 142, in onMyBar
    self.setTargetPos(self.fixedSize)
  File "/home/linlin/cyvn/app/ctaStrategy/ctaTemplate.py", line 273, in setTargetPos
    self.trade()
  File "/home/linlin/cyvn/app/ctaStrategy/ctaTemplate.py", line 301, in trade
    longPrice = self.lastBar.close + self.tickAdd
AttributeError: 'NoneType' object has no attribute 'close'

2018-08-07 11:30:02,334  INFO: CTA_STRATEGY	策略AvgBreak同步数据保存成功，当前持仓0
2018-08-07 11:55:31,200  INFO: 启动CTA策略运行子进程
2018-08-07 11:55:31,201  INFO: 事件引擎创建成功
2018-08-07 11:55:31,205  INFO: 主引擎创建成功
2018-08-07 11:55:31,205  INFO: 注册日志事件监听
2018-08-07 11:55:31,265  INFO: CTP	交易服务器连接成功
2018-08-07 11:55:31,269  INFO: CTP	行情服务器连接成功
2018-08-07 11:55:31,284  INFO: CTP	交易服务器登录完成
2018-08-07 11:55:31,292  INFO: CTP	行情服务器登录完成
2018-08-07 11:55:31,316  INFO: CTP	结算信息确认完成
2018-08-07 11:55:31,438  INFO: CTP	交易合约信息获取完成
2018-08-07 11:55:33,460  INFO: 连接CTP接口
2018-08-07 11:55:33,461  INFO: MAIN_ENGINE	MongoDB连接成功
2018-08-07 11:55:43,488  INFO: CTA策略载入成功
2018-08-07 11:55:43,490  INFO: CTA_STRATEGY	AvgBreak:AvgBreak策略初始化
2018-08-07 11:55:44,605  INFO: CTA_STRATEGY	HorizBreakout:HorizBreakout策略初始化
2018-08-07 11:55:47,303  INFO: CTA策略初始化成功
2018-08-07 11:55:47,304  INFO: CTA策略启动成功
2018-08-07 11:55:47,309  INFO: CTA_STRATEGY	AvgBreak:AvgBreak策略启动
2018-08-07 11:55:47,309  INFO: CTA_STRATEGY	HorizBreakout:HorizBreakout策略启动
2018-08-07 11:58:24,948  INFO: 启动CTA策略运行子进程
2018-08-07 11:58:24,950  INFO: 事件引擎创建成功
2018-08-07 11:58:24,953  INFO: 主引擎创建成功
2018-08-07 11:58:24,954  INFO: 注册日志事件监听
2018-08-07 11:58:25,010  INFO: CTP	交易服务器连接成功
2018-08-07 11:58:25,011  INFO: CTP	行情服务器连接成功
2018-08-07 11:58:25,029  INFO: CTP	交易服务器登录完成
2018-08-07 11:58:25,034  INFO: CTP	行情服务器登录完成
2018-08-07 11:58:25,062  INFO: CTP	结算信息确认完成
2018-08-07 11:58:25,184  INFO: CTP	交易合约信息获取完成
2018-08-07 11:58:27,311  INFO: 连接CTP接口
2018-08-07 11:58:27,311  INFO: MAIN_ENGINE	MongoDB连接成功
2018-08-07 11:58:37,337  INFO: CTA策略载入成功
2018-08-07 11:58:37,339  INFO: CTA_STRATEGY	HorizBreakout:HorizBreakout策略初始化
2018-08-07 11:58:40,520  INFO: CTA_STRATEGY	AvgBreak:AvgBreak策略初始化
2018-08-07 11:58:41,412  INFO: CTA策略初始化成功
2018-08-07 11:58:41,413  INFO: CTA策略启动成功
2018-08-07 11:58:41,413  INFO: CTA_STRATEGY	HorizBreakout:HorizBreakout策略启动
2018-08-07 11:58:41,414  INFO: CTA_STRATEGY	AvgBreak:AvgBreak策略启动
2018-08-07 11:59:35,103  INFO: 启动CTA策略运行子进程
2018-08-07 11:59:35,108  INFO: 事件引擎创建成功
2018-08-07 11:59:35,113  INFO: 主引擎创建成功
2018-08-07 11:59:35,114  INFO: 注册日志事件监听
2018-08-07 11:59:35,211  INFO: CTP	交易服务器连接成功
2018-08-07 11:59:35,212  INFO: CTP	行情服务器连接成功
2018-08-07 11:59:35,231  INFO: CTP	行情服务器登录完成
2018-08-07 11:59:35,241  INFO: CTP	交易服务器登录完成
2018-08-07 11:59:35,904  INFO: CTP	结算信息确认完成
2018-08-07 11:59:36,230  INFO: CTP	交易合约信息获取完成
2018-08-07 11:59:37,529  INFO: 连接CTP接口
2018-08-07 11:59:37,530  INFO: MAIN_ENGINE	MongoDB连接成功
2018-08-07 12:24:14,420  INFO: 启动CTA策略运行子进程
2018-08-07 12:24:14,422  INFO: 事件引擎创建成功
2018-08-07 12:24:14,426  INFO: 主引擎创建成功
2018-08-07 12:24:14,426  INFO: 注册日志事件监听
2018-08-07 12:24:14,488  INFO: CTP	交易服务器连接成功
2018-08-07 12:24:14,488  INFO: CTP	行情服务器连接成功
2018-08-07 12:24:14,505  INFO: CTP	行情服务器登录完成
2018-08-07 12:24:14,507  INFO: CTP	交易服务器登录完成
2018-08-07 12:24:14,544  INFO: CTP	结算信息确认完成
2018-08-07 12:24:14,693  INFO: CTP	交易合约信息获取完成
2018-08-07 12:24:16,672  INFO: 连接CTP接口
2018-08-07 12:24:16,672  INFO: MAIN_ENGINE	MongoDB连接成功
2018-08-07 12:24:26,692  INFO: CTA策略载入成功
2018-08-07 12:24:26,694  INFO: CTA_STRATEGY	AvgBreak:AvgBreak策略初始化
2018-08-07 12:24:27,808  INFO: CTA_STRATEGY	HorizBreakout:HorizBreakout策略初始化
2018-08-07 12:24:31,478  INFO: CTA策略初始化成功
2018-08-07 12:24:31,479  INFO: CTA策略启动成功
2018-08-07 12:24:31,479  INFO: CTA_STRATEGY	AvgBreak:AvgBreak策略启动
2018-08-07 12:24:31,480  INFO: CTA_STRATEGY	HorizBreakout:HorizBreakout策略启动
2018-08-07 13:45:02,540  INFO: CTA_STRATEGY	策略AvgBreak同步数据保存成功，当前持仓0
2018-08-07 14:00:03,124  INFO: CTA_STRATEGY	策略HorizBreakout同步数据保存成功，当前持仓0
2018-08-07 14:00:03,125  INFO: CTA_STRATEGY	策略AvgBreak同步数据保存成功，当前持仓0
2018-08-07 14:15:02,339  INFO: CTA_STRATEGY	策略AvgBreak同步数据保存成功，当前持仓0
2018-08-07 14:30:02,540  INFO: CTA_STRATEGY	策略HorizBreakout同步数据保存成功，当前持仓0
2018-08-07 14:30:02,541  INFO: CTA_STRATEGY	策略AvgBreak同步数据保存成功，当前持仓0
2018-08-07 14:45:02,325  INFO: CTA_STRATEGY	策略AvgBreak同步数据保存成功，当前持仓0
2018-08-07 15:00:02,861  INFO: CTA_STRATEGY	策略HorizBreakout同步数据保存成功，当前持仓0
2018-08-07 15:00:02,862  INFO: CTA_STRATEGY	策略AvgBreak同步数据保存成功，当前持仓0
2018-08-07 20:45:01,467  INFO: 启动CTA策略运行子进程
2018-08-07 20:45:01,469  INFO: 事件引擎创建成功
2018-08-07 20:45:01,475  INFO: 主引擎创建成功
2018-08-07 20:45:01,475  INFO: 注册日志事件监听
2018-08-07 20:45:01,541  INFO: CTP	交易服务器连接成功
2018-08-07 20:45:01,542  INFO: CTP	行情服务器连接成功
2018-08-07 20:45:01,565  INFO: CTP	行情服务器登录完成
2018-08-07 20:45:01,570  INFO: CTP	交易服务器登录完成
2018-08-07 20:45:01,592  INFO: CTP	结算信息确认完成
2018-08-07 20:45:01,838  INFO: CTP	交易合约信息获取完成
2018-08-07 20:45:03,791  INFO: 连接CTP接口
2018-08-07 20:45:03,791  INFO: MAIN_ENGINE	MongoDB连接成功
2018-08-07 20:45:13,819  INFO: CTA策略载入成功
2018-08-07 20:45:13,821  INFO: CTA_STRATEGY	AvgBreak:AvgBreak策略初始化
2018-08-07 20:45:14,975  INFO: CTA_STRATEGY	HorizBreakout:HorizBreakout策略初始化
2018-08-07 20:45:17,978  INFO: CTA策略初始化成功
2018-08-07 20:45:17,980  INFO: CTA策略启动成功
2018-08-07 20:45:17,980  INFO: CTA_STRATEGY	AvgBreak:AvgBreak策略启动
2018-08-07 20:45:17,981  INFO: CTA_STRATEGY	HorizBreakout:HorizBreakout策略启动
2018-08-07 20:59:03,167  INFO: CTA_STRATEGY	策略HorizBreakout发送委托，rb1810，多，1@4238.0
2018-08-07 20:59:03,168  INFO: CTA_STRATEGY	策略HorizBreakout同步数据保存成功，当前持仓0
2018-08-07 20:59:03,168  INFO: CTA_STRATEGY	策略AvgBreak发送委托，rb1810，多，1@4242.0
2018-08-07 20:59:03,169  INFO: CTA_STRATEGY	策略AvgBreak同步数据保存成功，当前持仓0
2018-08-07 21:00:01,918  INFO: CTA_STRATEGY	策略HorizBreakout发送委托，rb1810，多，1@4239.0
2018-08-07 21:00:02,199  INFO: CTA_STRATEGY	策略HorizBreakout同步数据保存成功，当前持仓0
2018-08-07 21:00:02,199  INFO: CTA_STRATEGY	策略AvgBreak发送委托，rb1810，多，1@4242.0
2018-08-07 21:00:02,200  INFO: CTA_STRATEGY	策略AvgBreak同步数据保存成功，当前持仓0
2018-08-07 21:00:02,497  INFO: CTA_STRATEGY	策略HorizBreakout同步数据保存成功，当前持仓1
2018-08-07 21:00:02,498  INFO: CTA_STRATEGY	策略AvgBreak同步数据保存成功，当前持仓1
2018-08-07 21:15:02,004  INFO: CTA_STRATEGY	策略AvgBreak同步数据保存成功，当前持仓1
2018-08-07 21:30:02,033  INFO: CTA_STRATEGY	策略AvgBreak同步数据保存成功，当前持仓1
2018-08-07 21:33:48,274  INFO: 启动CTA策略运行子进程
2018-08-07 21:33:48,276  INFO: 事件引擎创建成功
2018-08-07 21:33:48,280  INFO: 主引擎创建成功
2018-08-07 21:33:48,281  INFO: 注册日志事件监听
2018-08-07 21:33:48,340  INFO: CTP	交易服务器连接成功
2018-08-07 21:33:48,342  INFO: CTP	行情服务器连接成功
2018-08-07 21:33:48,359  INFO: CTP	交易服务器登录完成
2018-08-07 21:33:48,370  INFO: CTP	行情服务器登录完成
2018-08-07 21:33:48,403  INFO: CTP	结算信息确认完成
2018-08-07 21:33:48,539  INFO: CTP	交易合约信息获取完成
2018-08-07 21:33:50,605  INFO: 连接CTP接口
2018-08-07 21:33:50,606  INFO: MAIN_ENGINE	MongoDB连接成功
2018-08-07 21:34:00,633  INFO: CTA策略载入成功
2018-08-07 21:34:00,635  INFO: CTA_STRATEGY	AvgBreak:AvgBreak策略初始化
2018-08-07 21:34:01,776  INFO: CTA_STRATEGY	HorizBreakout:HorizBreakout策略初始化
2018-08-07 21:34:06,413  INFO: CTA策略初始化成功
2018-08-07 21:34:06,414  INFO: CTA策略启动成功
2018-08-07 21:34:06,415  INFO: CTA_STRATEGY	AvgBreak:AvgBreak策略启动
2018-08-07 21:34:06,415  INFO: CTA_STRATEGY	HorizBreakout:HorizBreakout策略启动
2018-08-07 21:34:06,957  INFO: CTA_STRATEGY	策略HorizBreakout发送委托，rb1810，多，1@4244.0
2018-08-07 21:34:07,231  INFO: CTA_STRATEGY	策略HorizBreakout同步数据保存成功，当前持仓0
2018-08-07 21:34:07,232  INFO: CTA_STRATEGY	策略HorizBreakout同步数据保存成功，当前持仓1
2018-08-07 21:40:31,055  INFO: 启动CTA策略运行子进程
2018-08-07 21:40:31,056  INFO: 事件引擎创建成功
2018-08-07 21:40:31,060  INFO: 主引擎创建成功
2018-08-07 21:40:31,061  INFO: 注册日志事件监听
2018-08-07 21:40:31,122  INFO: CTP	行情服务器连接成功
2018-08-07 21:40:31,123  INFO: CTP	交易服务器连接成功
2018-08-07 21:40:31,147  INFO: CTP	行情服务器登录完成
2018-08-07 21:40:31,150  INFO: CTP	交易服务器登录完成
2018-08-07 21:40:31,444  INFO: CTP	结算信息确认完成
2018-08-07 21:40:31,809  INFO: CTP	交易合约信息获取完成
2018-08-07 21:40:33,394  INFO: 连接CTP接口
2018-08-07 21:40:33,394  INFO: MAIN_ENGINE	MongoDB连接成功
2018-08-07 21:40:43,422  INFO: CTA策略载入成功
2018-08-07 21:40:43,424  INFO: CTA_STRATEGY	AvgBreak:AvgBreak策略初始化
2018-08-07 21:40:44,571  INFO: CTA_STRATEGY	HorizBreakout:HorizBreakout策略初始化
2018-08-07 21:40:47,366  INFO: CTA策略初始化成功
2018-08-07 21:40:47,367  INFO: CTA策略启动成功
2018-08-07 21:40:47,368  INFO: CTA_STRATEGY	AvgBreak:AvgBreak策略启动
2018-08-07 21:40:47,369  INFO: CTA_STRATEGY	HorizBreakout:HorizBreakout策略启动
2018-08-07 22:31:47,982  INFO: 启动CTA策略运行子进程
2018-08-07 22:31:48,002  INFO: 事件引擎创建成功
2018-08-07 22:31:48,032  INFO: 主引擎创建成功
2018-08-07 22:31:48,032  INFO: 注册日志事件监听
2018-08-07 22:31:48,107  INFO: CTP	交易服务器连接成功
2018-08-07 22:31:48,107  INFO: CTP	行情服务器连接成功
2018-08-07 22:31:48,134  INFO: CTP	交易服务器登录完成
2018-08-07 22:31:48,135  INFO: CTP	行情服务器登录完成
2018-08-07 22:31:48,179  INFO: CTP	结算信息确认完成
2018-08-07 22:31:48,475  INFO: CTP	交易合约信息获取完成
2018-08-07 22:31:50,464  INFO: 连接CTP接口
2018-08-07 22:31:50,464  INFO: MAIN_ENGINE	MongoDB连接成功
2018-08-07 22:32:00,567  INFO: CTA策略载入成功
2018-08-07 22:32:00,569  INFO: CTA_STRATEGY	AvgBreak:AvgBreak策略初始化
2018-08-07 22:32:01,794  INFO: CTA_STRATEGY	HorizBreakout:HorizBreakout策略初始化
2018-08-07 22:32:04,722  INFO: CTA策略初始化成功
2018-08-07 22:32:04,723  INFO: CTA策略启动成功
2018-08-07 22:32:04,724  INFO: CTA_STRATEGY	AvgBreak:AvgBreak策略启动
2018-08-07 22:32:04,724  INFO: CTA_STRATEGY	HorizBreakout:HorizBreakout策略启动
2018-08-07 22:32:05,266  INFO: CTA_STRATEGY	策略HorizBreakout发送委托，rb1810，多，1@4226.0
2018-08-07 22:32:05,580  INFO: CTA_STRATEGY	策略HorizBreakout同步数据保存成功，当前持仓0
2018-08-07 22:32:05,580  INFO: CTA_STRATEGY	策略HorizBreakout同步数据保存成功，当前持仓1
2018-08-07 22:38:43,153  INFO: 启动CTA策略运行子进程
2018-08-07 22:38:43,154  INFO: 事件引擎创建成功
2018-08-07 22:38:43,158  INFO: 主引擎创建成功
2018-08-07 22:38:43,158  INFO: 注册日志事件监听
2018-08-07 22:38:43,215  INFO: CTP	交易服务器连接成功
2018-08-07 22:38:43,219  INFO: CTP	行情服务器连接成功
2018-08-07 22:38:43,234  INFO: CTP	交易服务器登录完成
2018-08-07 22:38:43,465  INFO: CTP	行情服务器登录完成
2018-08-07 22:38:43,503  INFO: CTP	结算信息确认完成
2018-08-07 22:38:43,722  INFO: CTP	交易合约信息获取完成
2018-08-07 22:38:45,427  INFO: 连接CTP接口
2018-08-07 22:38:45,427  INFO: MAIN_ENGINE	MongoDB连接成功
2018-08-07 22:38:55,451  INFO: CTA策略载入成功
2018-08-07 22:38:55,453  INFO: CTA_STRATEGY	HorizBreakout:HorizBreakout策略初始化
2018-08-07 22:39:04,417  INFO: CTA_STRATEGY	AvgBreak:AvgBreak策略初始化
2018-08-07 22:39:05,269  INFO: CTA策略初始化成功
2018-08-07 22:39:05,270  INFO: CTA策略启动成功
2018-08-07 22:39:05,271  INFO: CTA_STRATEGY	HorizBreakout:HorizBreakout策略启动
2018-08-07 22:39:05,271  INFO: CTA_STRATEGY	AvgBreak:AvgBreak策略启动
2018-08-07 22:41:01,847  INFO: 启动CTA策略运行子进程
2018-08-07 22:41:01,849  INFO: 事件引擎创建成功
2018-08-07 22:41:01,853  INFO: 主引擎创建成功
2018-08-07 22:41:01,853  INFO: 注册日志事件监听
2018-08-07 22:41:01,919  INFO: CTP	行情服务器连接成功
2018-08-07 22:41:01,920  INFO: CTP	交易服务器连接成功
2018-08-07 22:41:01,942  INFO: CTP	交易服务器登录完成
2018-08-07 22:41:01,945  INFO: CTP	行情服务器登录完成
2018-08-07 22:41:01,991  INFO: CTP	结算信息确认完成
2018-08-07 22:41:02,136  INFO: CTP	交易合约信息获取完成
2018-08-07 22:41:04,121  INFO: 连接CTP接口
2018-08-07 22:41:04,122  INFO: MAIN_ENGINE	MongoDB连接成功
2018-08-07 22:41:14,175  INFO: CTA策略载入成功
2018-08-07 22:41:14,181  INFO: CTA_STRATEGY	AvgBreak:AvgBreak策略初始化
2018-08-07 22:41:15,308  INFO: CTA_STRATEGY	HorizBreakout:HorizBreakout策略初始化
2018-08-07 22:41:19,099  INFO: CTA策略初始化成功
2018-08-07 22:41:19,100  INFO: CTA策略启动成功
2018-08-07 22:41:19,100  INFO: CTA_STRATEGY	AvgBreak:AvgBreak策略启动
2018-08-07 22:41:19,101  INFO: CTA_STRATEGY	HorizBreakout:HorizBreakout策略启动
