2018-07-14 14:11:32,262  INFO: 启动CTA策略运行子进程
2018-07-14 14:11:32,263  INFO: 事件引擎创建成功
2018-07-14 14:11:32,368  INFO: 主引擎创建成功
2018-07-14 14:11:32,369  INFO: 注册日志事件监听
2018-07-14 14:11:32,503  INFO: CTP	行情服务器连接成功
2018-07-14 14:11:32,572  INFO: CTP	交易服务器连接成功
2018-07-14 14:11:32,576  INFO: CTP	行情服务器连接断开
2018-07-14 14:11:32,592  INFO: CTP	行情服务器连接成功
2018-07-14 14:11:32,657  INFO: CTP	行情服务器连接断开
2018-07-14 14:11:32,657  INFO: CTP	交易服务器登录完成
2018-07-14 14:11:32,722  INFO: CTP	行情服务器连接成功
2018-07-14 14:11:32,839  INFO: CTP	行情服务器连接断开
2018-07-14 14:11:32,840  INFO: CTP	行情服务器连接成功
2018-07-14 14:11:32,840  INFO: CTP	结算信息确认完成
2018-07-14 14:11:32,872  INFO: CTP	行情服务器连接断开
2018-07-14 14:11:32,873  INFO: CTP	行情服务器连接成功
2018-07-14 14:11:32,906  INFO: CTP	行情服务器连接断开
2018-07-14 14:11:32,910  INFO: CTP	行情服务器连接成功
2018-07-14 14:11:32,978  INFO: CTP	行情服务器连接断开
2018-07-14 14:11:32,978  INFO: CTP	行情服务器连接成功
2018-07-14 14:11:33,051  INFO: CTP	行情服务器连接断开
2018-07-14 14:11:33,059  INFO: CTP	行情服务器连接成功
2018-07-14 14:11:33,124  INFO: CTP	行情服务器连接断开
2018-07-14 14:11:33,125  INFO: CTP	行情服务器连接成功
2018-07-14 14:11:33,137  INFO: CTP	行情服务器连接断开
2018-07-14 14:11:33,145  INFO: CTP	行情服务器连接成功
2018-07-14 14:11:33,210  INFO: CTP	行情服务器连接断开
2018-07-14 14:11:33,210  INFO: CTP	行情服务器连接成功
2018-07-14 14:11:33,242  INFO: CTP	行情服务器连接断开
2018-07-14 14:11:33,435  INFO: CTP	交易合约信息获取完成
2018-07-14 14:11:34,684  INFO: 连接CTP接口
2018-07-14 14:11:34,719  INFO: MAIN_ENGINE	MongoDB连接成功
2018-07-14 14:11:43,470  INFO: CTP	行情服务器连接成功
2018-07-14 14:11:43,743  INFO: CTP	行情服务器连接断开
2018-07-14 14:11:44,737  INFO: CTA策略载入成功
2018-07-14 14:11:44,784  INFO: CTA_STRATEGY	ADXR:ADXR策略初始化
2018-07-14 14:11:48,715  INFO: CTA_STRATEGY	PonderDNCore:PonderDNCore策略初始化
2018-07-14 14:11:50,978  WARNING: The `skip_connections` argument will be deprecated. Please use snt.SkipConnectionCore instead.
2018-07-14 14:11:53,677  INFO: CTP	行情服务器连接成功
2018-07-14 14:11:53,955  INFO: CTP	行情服务器连接断开
2018-07-14 14:11:59,262  INFO: Restoring parameters from /QuantPython/RqAlphaMod/Model_Saver/ResidualPonderDNC_4.ckpt
2018-07-14 14:12:04,016  INFO: CTP	行情服务器连接成功
2018-07-14 14:12:04,288  INFO: CTP	行情服务器连接断开
2018-07-14 14:12:09,118  INFO: CTP	行情服务器连接成功
2018-07-14 14:12:09,390  INFO: CTP	行情服务器连接断开
2018-07-14 14:12:09,661  INFO: CTP	行情服务器连接成功
2018-07-14 14:12:09,933  INFO: CTP	行情服务器连接断开
2018-07-14 14:12:14,289  INFO: CTP	行情服务器连接成功
2018-07-14 14:12:14,565  INFO: CTP	行情服务器连接断开
2018-07-14 14:12:14,836  INFO: CTP	行情服务器连接成功
2018-07-14 14:12:15,108  INFO: CTP	行情服务器连接断开
2018-07-14 14:12:15,380  INFO: CTP	行情服务器连接成功
2018-07-14 14:12:15,652  INFO: CTP	行情服务器连接断开
2018-07-14 14:12:15,924  INFO: CTP	行情服务器连接成功
2018-07-14 14:12:16,195  INFO: CTP	行情服务器连接断开
2018-07-14 14:12:19,600  INFO: CTP	行情服务器连接成功
2018-07-14 14:12:19,874  INFO: CTP	行情服务器连接断开
2018-07-14 14:12:20,145  INFO: CTP	行情服务器连接成功
2018-07-14 14:12:20,421  INFO: CTP	行情服务器连接断开
2018-07-14 14:12:24,853  INFO: CTP	行情服务器连接成功
2018-07-14 14:12:25,125  INFO: CTP	行情服务器连接断开
2018-07-14 14:12:36,139  INFO: CTP	行情服务器连接成功
2018-07-14 14:12:36,413  INFO: CTP	行情服务器连接断开
2018-07-14 14:12:56,540  INFO: CTP	行情服务器连接成功
2018-07-14 14:12:56,815  INFO: CTP	行情服务器连接断开
2018-07-14 14:13:01,701  INFO: CTP	行情服务器连接成功
2018-07-14 14:13:01,973  INFO: CTP	行情服务器连接断开
2018-07-14 14:13:02,247  INFO: CTP	行情服务器连接成功
2018-07-14 14:13:02,525  INFO: CTP	行情服务器连接断开
2018-07-14 14:13:02,796  INFO: CTP	行情服务器连接成功
2018-07-14 14:13:03,070  INFO: CTP	行情服务器连接断开
2018-07-14 14:13:03,341  INFO: CTP	行情服务器连接成功
2018-07-14 14:13:03,613  INFO: CTP	行情服务器连接断开
2018-07-14 14:13:05,437  INFO: CTA_STRATEGY	HorizBreakout:HorizBreakout策略初始化
2018-07-14 14:13:10,138  INFO: CTA_STRATEGY	AvgBreak:AvgBreak策略初始化
2018-07-14 14:13:10,146  INFO: CTA_STRATEGY	策略AvgBreak触发异常已停止
Traceback (most recent call last):
  File "/home/linlin/vnpy-master/vnpy/trader/app/ctaStrategy/ctaEngine.py", line 576, in callStrategyFunc
    func()
  File "/home/linlin/vnpy-master/vnpy/trader/app/ctaStrategy/strategy/strategyAvgBreak.py", line 84, in onInit
    initData = self.loadBar(self.initDays)
  File "/home/linlin/vnpy-master/vnpy/trader/app/ctaStrategy/ctaTemplate.py", line 175, in loadBar
    return self.ctaEngine.loadBar(self.barDbName, self.vtSymbol, days)
  File "/home/linlin/vnpy-master/vnpy/trader/app/ctaStrategy/ctaEngine.py", line 338, in loadBar
    barData = self.mainEngine.dbQuery(dbName, collectionName, d, 'datetime')
  File "/home/linlin/vnpy-master/vnpy/trader/vtEngine.py", line 235, in dbQuery
    collection = db[collectionName]
  File "/home/linlin/anaconda2/lib/python2.7/site-packages/pymongo/database.py", line 258, in __getitem__
    return Collection(self, name)
  File "/home/linlin/anaconda2/lib/python2.7/site-packages/pymongo/collection.py", line 164, in __init__
    raise InvalidName("collection names cannot be empty")
InvalidName: collection names cannot be empty

2018-07-14 14:13:10,411  INFO: CTA策略初始化成功
2018-07-14 14:13:10,412  INFO: CTA策略启动成功
2018-07-14 14:13:10,461  INFO: CTA_STRATEGY	AvgBreak的交易合约无法找到
2018-07-14 14:13:10,461  INFO: CTA_STRATEGY	ADXR:ADXR策略启动
2018-07-14 14:13:10,462  INFO: CTA_STRATEGY	PonderDNCore:PonderDNCore策略启动
2018-07-14 14:13:10,462  INFO: CTA_STRATEGY	HorizBreakout:HorizBreakout策略启动
2018-07-14 14:13:22,329  INFO: CTP	行情服务器连接成功
2018-07-14 14:13:22,602  INFO: CTP	行情服务器连接断开
2018-07-14 14:13:22,874  INFO: CTP	行情服务器连接成功
2018-07-14 14:13:23,147  INFO: CTP	行情服务器连接断开
2018-07-14 14:13:27,569  INFO: CTP	行情服务器连接成功
2018-07-14 14:13:27,845  INFO: CTP	行情服务器连接断开
2018-07-14 14:13:37,847  INFO: CTP	行情服务器连接成功
2018-07-14 14:13:38,119  INFO: CTP	行情服务器连接断开
2018-07-14 14:13:38,392  INFO: CTP	行情服务器连接成功
2018-07-14 14:13:38,664  INFO: CTP	行情服务器连接断开
2018-07-14 14:13:38,938  INFO: CTP	行情服务器连接成功
2018-07-14 14:13:39,210  INFO: CTP	行情服务器连接断开
2018-07-14 14:13:39,486  INFO: CTP	行情服务器连接成功
2018-07-14 14:13:39,758  INFO: CTP	行情服务器连接断开
2018-07-14 14:13:43,108  INFO: CTP	行情服务器连接成功
2018-07-14 14:13:43,380  INFO: CTP	行情服务器连接断开
2018-07-14 14:13:43,653  INFO: CTP	行情服务器连接成功
2018-07-14 14:13:43,925  INFO: CTP	行情服务器连接断开
2018-07-14 14:13:44,198  INFO: CTP	行情服务器连接成功
2018-07-14 14:13:44,470  INFO: CTP	行情服务器连接断开
2018-07-14 14:13:48,422  INFO: CTP	行情服务器连接成功
2018-07-14 14:13:48,695  INFO: CTP	行情服务器连接断开
2018-07-14 14:13:48,969  INFO: CTP	行情服务器连接成功
2018-07-14 14:13:49,243  INFO: CTP	行情服务器连接断开
2018-07-14 14:13:49,516  INFO: CTP	行情服务器连接成功
2018-07-14 14:13:49,788  INFO: CTP	行情服务器连接断开
2018-07-14 14:13:53,675  INFO: CTP	行情服务器连接成功
2018-07-14 14:13:54,111  INFO: CTP	行情服务器连接断开
2018-07-14 14:13:54,390  INFO: CTP	行情服务器连接成功
2018-07-14 14:13:54,662  INFO: CTP	行情服务器连接断开
2018-07-14 14:13:59,267  INFO: CTP	行情服务器连接成功
2018-07-14 14:13:59,540  INFO: CTP	行情服务器连接断开
2018-07-14 14:13:59,816  INFO: CTP	行情服务器连接成功
2018-07-14 14:14:00,088  INFO: CTP	行情服务器连接断开
2018-07-14 14:14:00,365  INFO: CTP	行情服务器连接成功
2018-07-14 14:14:00,637  INFO: CTP	行情服务器连接断开
2018-07-14 14:14:04,556  INFO: CTP	行情服务器连接成功
2018-07-14 14:14:04,830  INFO: CTP	行情服务器连接断开
2018-07-14 14:14:05,103  INFO: CTP	行情服务器连接成功
2018-07-14 14:14:05,376  INFO: CTP	行情服务器连接断开
2018-07-14 14:14:05,653  INFO: CTP	行情服务器连接成功
2018-07-14 14:14:05,925  INFO: CTP	行情服务器连接断开
2018-07-14 14:14:10,131  INFO: CTP	行情服务器连接成功
2018-07-14 14:14:10,402  INFO: CTP	行情服务器连接断开
2018-07-14 14:14:15,255  INFO: CTP	行情服务器连接成功
2018-07-14 14:14:15,529  INFO: CTP	行情服务器连接断开
2018-07-14 14:14:45,337  INFO: 启动CTA策略运行子进程
2018-07-14 14:14:45,338  INFO: 事件引擎创建成功
2018-07-14 14:14:45,357  INFO: 主引擎创建成功
2018-07-14 14:14:45,357  INFO: 注册日志事件监听
2018-07-14 14:14:45,469  INFO: CTP	交易服务器连接成功
2018-07-14 14:14:45,585  INFO: CTP	交易服务器登录完成
2018-07-14 14:14:45,750  INFO: CTP	结算信息确认完成
2018-07-14 14:14:46,152  INFO: CTP	交易合约信息获取完成
2018-07-14 14:14:47,600  INFO: 连接CTP接口
2018-07-14 14:14:47,633  INFO: MAIN_ENGINE	MongoDB连接成功
2018-07-14 14:14:55,599  INFO: CTP	行情服务器连接成功
2018-07-14 14:14:55,875  INFO: CTP	行情服务器连接断开
2018-07-14 14:14:56,151  INFO: CTP	行情服务器连接成功
2018-07-14 14:14:56,427  INFO: CTP	行情服务器连接断开
2018-07-14 14:14:56,703  INFO: CTP	行情服务器连接成功
2018-07-14 14:14:56,979  INFO: CTP	行情服务器连接断开
2018-07-14 14:14:57,254  INFO: CTP	行情服务器连接成功
2018-07-14 14:14:57,643  INFO: CTA策略载入成功
2018-07-14 14:14:57,647  INFO: CTA_STRATEGY	AvgBreak:AvgBreak策略初始化
2018-07-14 14:14:57,654  INFO: CTA_STRATEGY	策略AvgBreak触发异常已停止
Traceback (most recent call last):
  File "/home/linlin/vnpy-master/vnpy/trader/app/ctaStrategy/ctaEngine.py", line 576, in callStrategyFunc
    func()
  File "/home/linlin/vnpy-master/vnpy/trader/app/ctaStrategy/strategy/strategyAvgBreak.py", line 84, in onInit
    initData = self.loadBar(self.initDays)
  File "/home/linlin/vnpy-master/vnpy/trader/app/ctaStrategy/ctaTemplate.py", line 175, in loadBar
    return self.ctaEngine.loadBar(self.barDbName, self.vtSymbol, days)
  File "/home/linlin/vnpy-master/vnpy/trader/app/ctaStrategy/ctaEngine.py", line 338, in loadBar
    barData = self.mainEngine.dbQuery(dbName, collectionName, d, 'datetime')
  File "/home/linlin/vnpy-master/vnpy/trader/vtEngine.py", line 235, in dbQuery
    collection = db[collectionName]
  File "/home/linlin/anaconda2/lib/python2.7/site-packages/pymongo/database.py", line 258, in __getitem__
    return Collection(self, name)
  File "/home/linlin/anaconda2/lib/python2.7/site-packages/pymongo/collection.py", line 164, in __init__
    raise InvalidName("collection names cannot be empty")
InvalidName: collection names cannot be empty

2018-07-14 14:14:57,925  INFO: CTA策略初始化成功
2018-07-14 14:14:57,926  INFO: CTA策略启动成功
2018-07-14 14:14:57,969  INFO: CTA_STRATEGY	AvgBreak的交易合约无法找到
2018-07-14 14:14:58,385  INFO: CTP	行情服务器连接断开
2018-07-14 14:15:03,475  INFO: CTP	行情服务器连接成功
2018-07-14 14:15:03,751  INFO: CTP	行情服务器连接断开
2018-07-14 14:15:08,603  INFO: CTP	行情服务器连接成功
2018-07-14 14:15:08,878  INFO: CTP	行情服务器连接断开
2018-07-14 14:15:18,921  INFO: CTP	行情服务器连接成功
2018-07-14 14:15:19,197  INFO: CTP	行情服务器连接断开
2018-07-14 14:15:29,136  INFO: CTP	行情服务器连接成功
2018-07-14 14:15:29,413  INFO: CTP	行情服务器连接断开
2018-07-14 14:15:39,386  INFO: CTP	行情服务器连接成功
2018-07-14 14:15:39,664  INFO: CTP	行情服务器连接断开
2018-07-14 14:15:39,941  INFO: CTP	行情服务器连接成功
2018-07-14 14:15:40,224  INFO: CTP	行情服务器连接断开
2018-07-14 14:15:40,500  INFO: CTP	行情服务器连接成功
2018-07-14 14:15:40,776  INFO: CTP	行情服务器连接断开
2018-07-14 14:15:45,366  INFO: CTP	行情服务器连接成功
2018-07-14 14:15:45,646  INFO: CTP	行情服务器连接断开
2018-07-14 14:15:45,921  INFO: CTP	行情服务器连接成功
2018-07-14 14:15:46,197  INFO: CTP	行情服务器连接断开
2018-07-14 14:15:46,473  INFO: CTP	行情服务器连接成功
2018-07-14 14:15:46,749  INFO: CTP	行情服务器连接断开
2018-07-14 14:15:51,171  INFO: CTP	行情服务器连接成功
2018-07-14 14:15:51,446  INFO: CTP	行情服务器连接断开
2018-07-14 14:15:51,722  INFO: CTP	行情服务器连接成功
2018-07-14 14:15:51,998  INFO: CTP	行情服务器连接断开
2018-07-14 14:15:52,274  INFO: CTP	行情服务器连接成功
2018-07-14 14:15:52,566  INFO: CTP	行情服务器连接断开
2018-07-14 14:15:52,844  INFO: CTP	行情服务器连接成功
2018-07-14 14:15:53,120  INFO: CTP	行情服务器连接断开
2018-07-14 14:15:57,830  INFO: CTP	行情服务器连接成功
2018-07-14 14:15:58,220  INFO: CTP	行情服务器连接断开
2018-07-14 14:15:58,505  INFO: CTP	行情服务器连接成功
2018-07-14 14:15:58,783  INFO: CTP	行情服务器连接断开
2018-07-14 14:16:03,329  INFO: CTP	行情服务器连接成功
2018-07-14 14:16:03,604  INFO: CTP	行情服务器连接断开
2018-07-14 14:16:13,670  INFO: CTP	行情服务器连接成功
2018-07-14 14:16:13,946  INFO: CTP	行情服务器连接断开
2018-07-14 14:16:18,899  INFO: CTP	行情服务器连接成功
2018-07-14 14:16:19,176  INFO: CTP	行情服务器连接断开
2018-07-14 14:16:29,320  INFO: CTP	行情服务器连接成功
2018-07-14 14:16:29,595  INFO: CTP	行情服务器连接断开
2018-07-14 14:16:34,468  INFO: CTP	行情服务器连接成功
2018-07-14 14:16:34,745  INFO: CTP	行情服务器连接断开
2018-07-14 14:16:35,020  INFO: CTP	行情服务器连接成功
2018-07-14 14:16:35,298  INFO: CTP	行情服务器连接断开
2018-07-14 14:16:35,574  INFO: CTP	行情服务器连接成功
2018-07-14 14:16:35,852  INFO: CTP	行情服务器连接断开
2018-07-14 14:16:45,006  INFO: CTP	行情服务器连接成功
2018-07-14 14:16:45,282  INFO: CTP	行情服务器连接断开
2018-07-14 14:16:45,558  INFO: CTP	行情服务器连接成功
2018-07-14 14:16:45,833  INFO: CTP	行情服务器连接断开
2018-07-14 14:16:50,397  INFO: CTP	行情服务器连接成功
2018-07-14 14:16:50,676  INFO: CTP	行情服务器连接断开
2018-07-14 14:17:00,628  INFO: CTP	行情服务器连接成功
2018-07-14 14:17:00,904  INFO: CTP	行情服务器连接断开
2018-07-14 14:17:01,180  INFO: CTP	行情服务器连接成功
2018-07-14 14:17:01,455  INFO: CTP	行情服务器连接断开
2018-07-14 14:17:10,937  INFO: CTP	行情服务器连接成功
2018-07-14 14:17:11,328  INFO: CTP	行情服务器连接断开
2018-07-14 14:17:21,533  INFO: CTP	行情服务器连接成功
2018-07-14 14:17:25,059  INFO: CTP	行情服务器连接断开
2018-07-14 14:17:35,319  INFO: CTP	行情服务器连接成功
2018-07-14 14:17:35,761  INFO: CTP	行情服务器连接断开
2018-07-14 14:18:46,880  INFO: 启动CTA策略运行子进程
2018-07-14 14:18:46,881  INFO: 事件引擎创建成功
2018-07-14 14:18:46,900  INFO: 主引擎创建成功
2018-07-14 14:18:46,900  INFO: 注册日志事件监听
2018-07-14 14:18:46,926  INFO: CTP	行情服务器连接成功
2018-07-14 14:18:46,958  INFO: CTP	行情服务器连接断开
2018-07-14 14:18:47,023  INFO: CTP	交易服务器连接成功
2018-07-14 14:18:47,138  INFO: CTP	交易服务器登录完成
2018-07-14 14:18:47,303  INFO: CTP	结算信息确认完成
2018-07-14 14:18:47,728  INFO: CTP	交易合约信息获取完成
2018-07-14 14:18:49,126  INFO: 连接CTP接口
2018-07-14 14:18:49,159  INFO: MAIN_ENGINE	MongoDB连接成功
2018-07-14 14:18:52,066  INFO: CTP	行情服务器连接成功
2018-07-14 14:18:52,339  INFO: CTP	行情服务器连接断开
2018-07-14 14:18:59,176  INFO: CTA策略载入成功
2018-07-14 14:18:59,191  INFO: CTA_STRATEGY	AvgBreak:AvgBreak策略初始化
2018-07-14 14:18:59,192  INFO: CTA_STRATEGY	策略AvgBreak触发异常已停止
Traceback (most recent call last):
  File "/home/linlin/vnpy-master/vnpy/trader/app/ctaStrategy/ctaEngine.py", line 576, in callStrategyFunc
    func()
  File "/home/linlin/vnpy-master/vnpy/trader/app/ctaStrategy/strategy/strategyAvgBreak.py", line 84, in onInit
    initData = self.loadBar(self.initDays)
  File "/home/linlin/vnpy-master/vnpy/trader/app/ctaStrategy/ctaTemplate.py", line 175, in loadBar
    return self.ctaEngine.loadBar(self.barDbName, self.vtSymbol, days)
  File "/home/linlin/vnpy-master/vnpy/trader/app/ctaStrategy/ctaEngine.py", line 338, in loadBar
    barData = self.mainEngine.dbQuery(dbName, collectionName, d, 'datetime')
  File "/home/linlin/vnpy-master/vnpy/trader/vtEngine.py", line 235, in dbQuery
    collection = db[collectionName]
  File "/home/linlin/anaconda2/lib/python2.7/site-packages/pymongo/database.py", line 258, in __getitem__
    return Collection(self, name)
  File "/home/linlin/anaconda2/lib/python2.7/site-packages/pymongo/collection.py", line 164, in __init__
    raise InvalidName("collection names cannot be empty")
InvalidName: collection names cannot be empty

2018-07-14 14:18:59,455  INFO: CTA策略初始化成功
2018-07-14 14:18:59,456  INFO: CTA策略启动成功
2018-07-14 14:18:59,457  INFO: CTA_STRATEGY	AvgBreak的交易合约无法找到
2018-07-14 14:19:02,358  INFO: CTP	行情服务器连接成功
2018-07-14 14:19:02,747  INFO: CTP	行情服务器连接断开
2018-07-14 14:19:12,942  INFO: CTP	行情服务器连接成功
2018-07-14 14:19:15,781  INFO: CTP	行情服务器连接断开
2018-07-14 14:19:16,055  INFO: CTP	行情服务器连接成功
2018-07-14 14:19:16,328  INFO: CTP	行情服务器连接断开
2018-07-14 14:19:16,603  INFO: CTP	行情服务器连接成功
2018-07-14 14:19:16,876  INFO: CTP	行情服务器连接断开
2018-07-14 14:19:26,208  INFO: CTP	行情服务器连接成功
2018-07-14 14:19:26,485  INFO: CTP	行情服务器连接断开
2018-07-14 14:19:31,354  INFO: CTP	行情服务器连接成功
2018-07-14 14:19:31,629  INFO: CTP	行情服务器连接断开
2018-07-14 14:19:31,906  INFO: CTP	行情服务器连接成功
2018-07-14 14:19:32,180  INFO: CTP	行情服务器连接断开
2018-07-14 14:19:32,453  INFO: CTP	行情服务器连接成功
2018-07-14 14:19:32,727  INFO: CTP	行情服务器连接断开
2018-07-14 14:19:36,833  INFO: CTP	行情服务器连接成功
2018-07-14 14:19:37,108  INFO: CTP	行情服务器连接断开
2018-07-14 14:19:37,381  INFO: CTP	行情服务器连接成功
2018-07-14 14:19:37,655  INFO: CTP	行情服务器连接断开
2018-07-14 14:19:37,928  INFO: CTP	行情服务器连接成功
2018-07-14 14:19:38,202  INFO: CTP	行情服务器连接断开
2018-07-14 14:19:38,475  INFO: CTP	行情服务器连接成功
2018-07-14 14:19:38,748  INFO: CTP	行情服务器连接断开
2018-07-14 14:19:42,402  INFO: CTP	行情服务器连接成功
2018-07-14 14:19:42,840  INFO: CTP	行情服务器连接断开
2018-07-14 14:19:53,059  INFO: CTP	行情服务器连接成功
2018-07-14 14:19:53,333  INFO: CTP	行情服务器连接断开
2018-07-14 14:20:19,618  INFO: 启动CTA策略运行子进程
2018-07-14 14:20:19,620  INFO: 事件引擎创建成功
2018-07-14 14:20:19,648  INFO: 主引擎创建成功
2018-07-14 14:20:19,649  INFO: 注册日志事件监听
2018-07-14 14:20:19,671  INFO: CTP	行情服务器连接成功
2018-07-14 14:20:19,735  INFO: CTP	行情服务器连接断开
2018-07-14 14:20:19,751  INFO: CTP	交易服务器连接成功
2018-07-14 14:20:19,877  INFO: CTP	交易服务器登录完成
2018-07-14 14:20:20,043  INFO: CTP	结算信息确认完成
2018-07-14 14:20:20,480  INFO: CTP	交易合约信息获取完成
2018-07-14 14:20:21,882  INFO: 连接CTP接口
2018-07-14 14:20:21,911  INFO: MAIN_ENGINE	MongoDB连接成功
2018-07-14 14:20:29,935  INFO: CTP	行情服务器连接成功
2018-07-14 14:20:30,210  INFO: CTP	行情服务器连接断开
2018-07-14 14:20:30,486  INFO: CTP	行情服务器连接成功
2018-07-14 14:20:30,760  INFO: CTP	行情服务器连接断开
2018-07-14 14:20:31,035  INFO: CTP	行情服务器连接成功
2018-07-14 14:20:31,310  INFO: CTP	行情服务器连接断开
2018-07-14 14:20:32,196  INFO: CTA策略载入成功
2018-07-14 14:20:32,240  INFO: CTA_STRATEGY	AvgBreak:AvgBreak策略初始化
2018-07-14 14:20:35,190  INFO: CTP	行情服务器连接成功
2018-07-14 14:20:35,467  INFO: CTP	行情服务器连接断开
2018-07-14 14:20:35,742  INFO: CTP	行情服务器连接成功
2018-07-14 14:20:36,017  INFO: CTP	行情服务器连接断开
2018-07-14 14:20:36,292  INFO: CTP	行情服务器连接成功
2018-07-14 14:20:36,572  INFO: CTP	行情服务器连接断开
2018-07-14 14:20:36,845  INFO: CTP	行情服务器连接成功
2018-07-14 14:20:37,119  INFO: CTP	行情服务器连接断开
2018-07-14 14:20:40,609  INFO: CTP	行情服务器连接成功
2018-07-14 14:20:40,884  INFO: CTP	行情服务器连接断开
2018-07-14 14:20:45,740  INFO: CTP	行情服务器连接成功
2018-07-14 14:20:46,016  INFO: CTP	行情服务器连接断开
2018-07-14 14:25:51,794  INFO: 启动CTA策略运行子进程
2018-07-14 14:25:51,796  INFO: 事件引擎创建成功
2018-07-14 14:25:51,827  INFO: 主引擎创建成功
2018-07-14 14:25:51,828  INFO: 注册日志事件监听
2018-07-14 14:25:51,847  INFO: CTP	行情服务器连接成功
2018-07-14 14:25:51,962  INFO: CTP	交易服务器连接成功
2018-07-14 14:25:52,027  INFO: CTP	交易服务器登录完成
2018-07-14 14:25:52,245  INFO: CTP	结算信息确认完成
2018-07-14 14:25:52,247  INFO: CTP	行情服务器连接断开
2018-07-14 14:25:52,264  INFO: CTP	行情服务器连接成功
2018-07-14 14:25:52,297  INFO: CTP	行情服务器连接断开
2018-07-14 14:25:52,299  INFO: CTP	行情服务器连接成功
2018-07-14 14:25:52,338  INFO: CTP	行情服务器连接断开
2018-07-14 14:25:52,347  INFO: CTP	行情服务器连接成功
2018-07-14 14:25:52,412  INFO: CTP	行情服务器连接断开
2018-07-14 14:25:52,417  INFO: CTP	行情服务器连接成功
2018-07-14 14:25:52,606  INFO: CTP	行情服务器连接断开
2018-07-14 14:25:52,619  INFO: CTP	行情服务器连接成功
2018-07-14 14:25:52,652  INFO: CTP	行情服务器连接断开
2018-07-14 14:25:52,660  INFO: CTP	行情服务器连接成功
2018-07-14 14:25:52,770  INFO: CTP	交易合约信息获取完成
2018-07-14 14:25:53,069  INFO: CTP	行情服务器连接断开
2018-07-14 14:25:53,134  INFO: CTP	行情服务器连接成功
2018-07-14 14:25:53,249  INFO: CTP	行情服务器连接断开
2018-07-14 14:25:53,250  INFO: CTP	行情服务器连接成功
2018-07-14 14:25:53,316  INFO: CTP	行情服务器连接断开
2018-07-14 14:25:54,102  INFO: 连接CTP接口
2018-07-14 14:25:54,148  INFO: MAIN_ENGINE	MongoDB连接成功
2018-07-14 14:25:58,406  INFO: CTP	行情服务器连接成功
2018-07-14 14:25:58,683  INFO: CTP	行情服务器连接断开
2018-07-14 14:26:08,631  INFO: CTP	行情服务器连接成功
2018-07-14 14:26:08,911  INFO: CTP	行情服务器连接断开
2018-07-14 14:26:13,818  INFO: CTP	行情服务器连接成功
2018-07-14 14:26:14,095  INFO: CTP	行情服务器连接断开
2018-07-14 14:26:39,359  INFO: CTP	行情服务器连接成功
2018-07-14 14:26:39,646  INFO: CTP	行情服务器连接断开
2018-07-14 14:26:44,605  INFO: CTP	行情服务器连接成功
2018-07-14 14:26:44,881  INFO: CTP	行情服务器连接断开
2018-07-14 14:27:49,055  INFO: 启动CTA策略运行子进程
2018-07-14 14:27:49,057  INFO: 事件引擎创建成功
2018-07-14 14:27:49,084  INFO: 主引擎创建成功
2018-07-14 14:27:49,085  INFO: 注册日志事件监听
2018-07-14 14:27:49,188  INFO: CTP	交易服务器连接成功
2018-07-14 14:27:49,303  INFO: CTP	交易服务器登录完成
2018-07-14 14:27:49,469  INFO: CTP	结算信息确认完成
2018-07-14 14:27:49,896  INFO: CTP	交易合约信息获取完成
2018-07-14 14:27:51,322  INFO: 连接CTP接口
2018-07-14 14:27:51,327  INFO: MAIN_ENGINE	MongoDB连接成功
2018-07-14 14:28:09,495  INFO: CTP	行情服务器连接成功
2018-07-14 14:28:09,779  INFO: CTP	行情服务器连接断开
2018-07-14 14:28:14,635  INFO: CTP	行情服务器连接成功
2018-07-14 14:28:14,911  INFO: CTP	行情服务器连接断开
2018-07-14 14:28:19,786  INFO: CTP	行情服务器连接成功
2018-07-14 14:28:20,062  INFO: CTP	行情服务器连接断开
2018-07-14 14:28:24,922  INFO: CTP	行情服务器连接成功
2018-07-14 14:28:25,199  INFO: CTP	行情服务器连接断开
2018-07-14 14:28:25,477  INFO: CTP	行情服务器连接成功
2018-07-14 14:28:25,754  INFO: CTP	行情服务器连接断开
2018-07-14 14:28:26,030  INFO: CTP	行情服务器连接成功
2018-07-14 14:28:26,307  INFO: CTP	行情服务器连接断开
2018-07-14 14:28:30,114  INFO: CTP	行情服务器连接成功
2018-07-14 14:28:30,399  INFO: CTP	行情服务器连接断开
2018-07-14 14:28:35,271  INFO: CTP	行情服务器连接成功
2018-07-14 14:28:35,549  INFO: CTP	行情服务器连接断开
2018-07-14 14:28:40,470  INFO: CTP	行情服务器连接成功
2018-07-14 14:28:40,748  INFO: CTP	行情服务器连接断开
2018-07-14 14:28:41,024  INFO: CTP	行情服务器连接成功
2018-07-14 14:28:41,300  INFO: CTP	行情服务器连接断开
2018-07-14 14:28:41,577  INFO: CTP	行情服务器连接成功
2018-07-14 14:28:41,853  INFO: CTP	行情服务器连接断开
2018-07-14 14:28:42,130  INFO: CTP	行情服务器连接成功
2018-07-14 14:28:42,409  INFO: CTP	行情服务器连接断开
2018-07-14 14:29:01,102  INFO: CTP	行情服务器连接成功
2018-07-14 14:29:01,379  INFO: CTP	行情服务器连接断开
2018-07-14 14:29:06,253  INFO: CTP	行情服务器连接成功
2018-07-14 14:29:06,530  INFO: CTP	行情服务器连接断开
2018-07-14 14:29:06,806  INFO: CTP	行情服务器连接成功
2018-07-14 14:29:07,083  INFO: CTP	行情服务器连接断开
2018-07-14 14:29:26,753  INFO: CTP	行情服务器连接成功
2018-07-14 14:29:27,030  INFO: CTP	行情服务器连接断开
2018-07-14 14:29:27,113  INFO: CTA策略载入成功
2018-07-14 14:29:27,305  INFO: CTP	行情服务器连接成功
2018-07-14 14:29:27,581  INFO: CTP	行情服务器连接断开
2018-07-14 14:29:27,856  INFO: CTP	行情服务器连接成功
2018-07-14 14:29:28,132  INFO: CTP	行情服务器连接断开
2018-07-14 14:29:28,408  INFO: CTP	行情服务器连接成功
2018-07-14 14:29:28,683  INFO: CTA_STRATEGY	AvgBreak:AvgBreak策略初始化
2018-07-14 14:29:28,685  INFO: CTA_STRATEGY	策略AvgBreak触发异常已停止
Traceback (most recent call last):
  File "/home/linlin/vnpy-master/vnpy/trader/app/ctaStrategy/ctaEngine.py", line 576, in callStrategyFunc
    func()
  File "/home/linlin/vnpy-master/vnpy/trader/app/ctaStrategy/strategy/strategyAvgBreak.py", line 84, in onInit
    initData = self.loadBar(self.initDays)
  File "/home/linlin/vnpy-master/vnpy/trader/app/ctaStrategy/ctaTemplate.py", line 175, in loadBar
    return self.ctaEngine.loadBar(self.barDbName, self.vtSymbol, days)
  File "/home/linlin/vnpy-master/vnpy/trader/app/ctaStrategy/ctaEngine.py", line 338, in loadBar
    barData = self.mainEngine.dbQuery(dbName, collectionName, d, 'datetime')
  File "/home/linlin/vnpy-master/vnpy/trader/vtEngine.py", line 235, in dbQuery
    collection = db[collectionName]
  File "/home/linlin/anaconda2/lib/python2.7/site-packages/pymongo/database.py", line 258, in __getitem__
    return Collection(self, name)
  File "/home/linlin/anaconda2/lib/python2.7/site-packages/pymongo/collection.py", line 164, in __init__
    raise InvalidName("collection names cannot be empty")
InvalidName: collection names cannot be empty

2018-07-14 14:29:28,686  INFO: CTP	行情服务器连接断开
2018-07-14 14:29:28,797  INFO: CTA策略初始化成功
2018-07-14 14:29:28,798  INFO: CTA策略启动成功
2018-07-14 14:29:28,962  INFO: CTA_STRATEGY	AvgBreak的交易合约无法找到
2018-07-14 14:30:29,559  INFO: 启动CTA策略运行子进程
2018-07-14 14:30:29,561  INFO: 事件引擎创建成功
2018-07-14 14:30:29,590  INFO: 主引擎创建成功
2018-07-14 14:30:29,590  INFO: 注册日志事件监听
2018-07-14 14:30:29,703  INFO: CTP	交易服务器连接成功
2018-07-14 14:30:29,819  INFO: CTP	交易服务器登录完成
2018-07-14 14:30:29,984  INFO: CTP	结算信息确认完成
2018-07-14 14:30:30,412  INFO: CTP	交易合约信息获取完成
2018-07-14 14:30:31,838  INFO: 连接CTP接口
2018-07-14 14:30:31,843  INFO: MAIN_ENGINE	MongoDB连接成功
2018-07-14 14:30:55,186  INFO: CTP	行情服务器连接成功
2018-07-14 14:30:55,465  INFO: CTP	行情服务器连接断开
2018-07-14 14:31:00,373  INFO: CTP	行情服务器连接成功
2018-07-14 14:31:00,651  INFO: CTP	行情服务器连接断开
2018-07-14 14:31:00,931  INFO: CTP	行情服务器连接成功
2018-07-14 14:31:01,208  INFO: CTP	行情服务器连接断开
2018-07-14 14:31:51,799  INFO: 启动CTA策略运行子进程
2018-07-14 14:31:51,801  INFO: 事件引擎创建成功
2018-07-14 14:31:51,829  INFO: 主引擎创建成功
2018-07-14 14:31:51,830  INFO: 注册日志事件监听
2018-07-14 14:31:51,934  INFO: CTP	交易服务器连接成功
2018-07-14 14:31:52,050  INFO: CTP	交易服务器登录完成
2018-07-14 14:31:52,215  INFO: CTP	结算信息确认完成
2018-07-14 14:31:52,825  INFO: CTP	交易合约信息获取完成
2018-07-14 14:31:54,094  INFO: 连接CTP接口
2018-07-14 14:31:54,095  INFO: MAIN_ENGINE	MongoDB连接成功
2018-07-14 14:32:12,241  INFO: CTP	行情服务器连接成功
2018-07-14 14:32:12,516  INFO: CTP	行情服务器连接断开
2018-07-14 14:32:12,796  INFO: CTP	行情服务器连接成功
2018-07-14 14:32:13,076  INFO: CTP	行情服务器连接断开
2018-07-14 14:32:17,442  INFO: CTP	行情服务器连接成功
2018-07-14 14:32:17,725  INFO: CTP	行情服务器连接断开
2018-07-14 14:32:18,005  INFO: CTP	行情服务器连接成功
2018-07-14 14:32:18,285  INFO: CTP	行情服务器连接断开
2018-07-14 14:32:18,565  INFO: CTP	行情服务器连接成功
2018-07-14 14:32:18,846  INFO: CTP	行情服务器连接断开
2018-07-14 14:32:19,125  INFO: CTP	行情服务器连接成功
2018-07-14 14:32:19,405  INFO: CTP	行情服务器连接断开
2018-07-14 14:32:19,685  INFO: CTP	行情服务器连接成功
2018-07-14 14:32:19,965  INFO: CTP	行情服务器连接断开
2018-07-14 14:32:22,775  INFO: CTP	行情服务器连接成功
2018-07-14 14:32:23,056  INFO: CTP	行情服务器连接断开
2018-07-14 14:32:27,917  INFO: CTP	行情服务器连接成功
2018-07-14 14:32:28,197  INFO: CTP	行情服务器连接断开
2018-07-14 14:32:38,171  INFO: CTP	行情服务器连接成功
2018-07-14 14:32:38,452  INFO: CTP	行情服务器连接断开
2018-07-14 14:32:43,485  INFO: CTP	行情服务器连接成功
2018-07-14 14:32:43,766  INFO: CTP	行情服务器连接断开
2018-07-14 14:32:53,711  INFO: CTP	行情服务器连接成功
2018-07-14 14:32:53,993  INFO: CTP	行情服务器连接断开
2018-07-14 14:32:58,861  INFO: CTP	行情服务器连接成功
2018-07-14 14:32:59,143  INFO: CTP	行情服务器连接断开
2018-07-14 14:33:09,118  INFO: CTP	行情服务器连接成功
2018-07-14 14:33:09,404  INFO: CTP	行情服务器连接断开
2018-07-14 14:33:14,228  INFO: CTP	行情服务器连接成功
2018-07-14 14:33:14,508  INFO: CTP	行情服务器连接断开
2018-07-14 14:33:14,787  INFO: CTP	行情服务器连接成功
2018-07-14 14:33:15,067  INFO: CTP	行情服务器连接断开
2018-07-14 14:33:18,604  INFO: CTA策略载入成功
2018-07-14 14:33:18,611  INFO: CTA_STRATEGY	ADXR:ADXR策略初始化
2018-07-14 14:33:19,511  INFO: CTP	行情服务器连接成功
2018-07-14 14:33:21,265  INFO: CTP	行情服务器连接断开
2018-07-14 14:33:21,545  INFO: CTP	行情服务器连接成功
2018-07-14 14:33:21,823  INFO: CTP	行情服务器连接断开
2018-07-14 14:33:22,101  INFO: CTP	行情服务器连接成功
2018-07-14 14:33:22,380  INFO: CTP	行情服务器连接断开
2018-07-14 14:33:22,672  INFO: CTP	行情服务器连接成功
2018-07-14 14:33:32,087  INFO: 启动CTA策略运行子进程
2018-07-14 14:33:32,089  INFO: 事件引擎创建成功
2018-07-14 14:33:32,118  INFO: 主引擎创建成功
2018-07-14 14:33:32,119  INFO: 注册日志事件监听
2018-07-14 14:33:32,224  INFO: CTP	交易服务器连接成功
2018-07-14 14:33:32,339  INFO: CTP	交易服务器登录完成
2018-07-14 14:33:32,555  INFO: CTP	结算信息确认完成
2018-07-14 14:33:33,339  INFO: CTP	交易合约信息获取完成
2018-07-14 14:33:34,346  INFO: 连接CTP接口
2018-07-14 14:33:34,372  INFO: MAIN_ENGINE	MongoDB连接成功
2018-07-14 14:33:47,433  INFO: CTP	行情服务器连接成功
2018-07-14 14:33:47,717  INFO: CTP	行情服务器连接断开
2018-07-14 14:33:57,923  INFO: CTP	行情服务器连接成功
2018-07-14 14:33:58,200  INFO: CTP	行情服务器连接断开
2018-07-14 14:34:08,219  INFO: CTP	行情服务器连接成功
2018-07-14 14:34:08,495  INFO: CTP	行情服务器连接断开
2018-07-14 14:34:08,769  INFO: CTP	行情服务器连接成功
2018-07-14 14:34:09,044  INFO: CTP	行情服务器连接断开
2018-07-14 14:34:23,980  INFO: CTP	行情服务器连接成功
2018-07-14 14:34:24,255  INFO: CTP	行情服务器连接断开
2018-07-14 14:34:54,670  INFO: CTP	行情服务器连接成功
2018-07-14 14:34:54,946  INFO: CTP	行情服务器连接断开
2018-07-14 14:34:59,818  INFO: CTP	行情服务器连接成功
2018-07-14 14:35:00,092  INFO: CTP	行情服务器连接断开
2018-07-14 14:35:00,368  INFO: CTP	行情服务器连接成功
2018-07-14 14:35:00,642  INFO: CTP	行情服务器连接断开
2018-07-14 14:35:05,184  INFO: CTP	行情服务器连接成功
2018-07-14 14:35:05,460  INFO: CTP	行情服务器连接断开
2018-07-14 14:35:10,348  INFO: CTP	行情服务器连接成功
2018-07-14 14:35:10,624  INFO: CTP	行情服务器连接断开
2018-07-14 14:35:10,899  INFO: CTP	行情服务器连接成功
2018-07-14 14:35:11,174  INFO: CTP	行情服务器连接断开
2018-07-14 14:35:11,448  INFO: CTP	行情服务器连接成功
2018-07-14 14:35:11,735  INFO: CTP	行情服务器连接断开
2018-07-14 14:35:55,932  INFO: 启动CTA策略运行子进程
2018-07-14 14:35:55,933  INFO: 事件引擎创建成功
2018-07-14 14:35:55,955  INFO: 主引擎创建成功
2018-07-14 14:35:55,955  INFO: 注册日志事件监听
2018-07-14 14:35:56,067  INFO: CTP	行情服务器连接成功
2018-07-14 14:35:56,067  INFO: CTP	交易服务器连接成功
2018-07-14 14:35:56,182  INFO: CTP	行情服务器连接断开
2018-07-14 14:35:56,183  INFO: CTP	行情服务器连接成功
2018-07-14 14:35:56,183  INFO: CTP	交易服务器登录完成
2018-07-14 14:35:56,349  INFO: CTP	行情服务器连接断开
2018-07-14 14:35:56,350  INFO: CTP	结算信息确认完成
2018-07-14 14:35:56,350  INFO: CTP	行情服务器连接成功
2018-07-14 14:35:56,382  INFO: CTP	行情服务器连接断开
2018-07-14 14:35:56,766  INFO: CTP	交易合约信息获取完成
2018-07-14 14:35:58,223  INFO: 连接CTP接口
2018-07-14 14:35:58,265  INFO: MAIN_ENGINE	MongoDB连接成功
2018-07-14 14:36:01,510  INFO: CTP	行情服务器连接成功
2018-07-14 14:36:01,790  INFO: CTP	行情服务器连接断开
2018-07-14 14:36:02,073  INFO: CTP	行情服务器连接成功
2018-07-14 14:36:02,352  INFO: CTP	行情服务器连接断开
2018-07-14 14:36:06,715  INFO: CTP	行情服务器连接成功
2018-07-14 14:36:06,995  INFO: CTP	行情服务器连接断开
2018-07-14 14:36:08,275  INFO: CTA策略载入成功
2018-07-14 14:36:08,322  INFO: CTA_STRATEGY	ADXR:ADXR策略初始化
2018-07-14 14:36:10,965  INFO: CTA_STRATEGY	HorizBreakout:HorizBreakout策略初始化
2018-07-14 14:36:12,645  INFO: CTA_STRATEGY	AvgBreak:AvgBreak策略初始化
2018-07-14 14:36:12,646  INFO: CTA_STRATEGY	策略AvgBreak触发异常已停止
Traceback (most recent call last):
  File "/home/linlin/vnpy-master/vnpy/trader/app/ctaStrategy/ctaEngine.py", line 576, in callStrategyFunc
    func()
  File "/home/linlin/vnpy-master/vnpy/trader/app/ctaStrategy/strategy/strategyAvgBreak.py", line 84, in onInit
    initData = self.loadBar(self.initDays)
  File "/home/linlin/vnpy-master/vnpy/trader/app/ctaStrategy/ctaTemplate.py", line 175, in loadBar
    return self.ctaEngine.loadBar(self.barDbName, self.vtSymbol, days)
  File "/home/linlin/vnpy-master/vnpy/trader/app/ctaStrategy/ctaEngine.py", line 338, in loadBar
    barData = self.mainEngine.dbQuery(dbName, collectionName, d, 'datetime')
  File "/home/linlin/vnpy-master/vnpy/trader/vtEngine.py", line 235, in dbQuery
    collection = db[collectionName]
  File "/home/linlin/anaconda2/lib/python2.7/site-packages/pymongo/database.py", line 258, in __getitem__
    return Collection(self, name)
  File "/home/linlin/anaconda2/lib/python2.7/site-packages/pymongo/collection.py", line 164, in __init__
    raise InvalidName("collection names cannot be empty")
InvalidName: collection names cannot be empty

2018-07-14 14:36:12,893  INFO: CTA策略初始化成功
2018-07-14 14:36:12,894  INFO: CTA策略启动成功
2018-07-14 14:36:12,911  INFO: CTA_STRATEGY	AvgBreak的交易合约无法找到
2018-07-14 14:36:12,911  INFO: CTA_STRATEGY	ADXR:ADXR策略启动
2018-07-14 14:36:12,912  INFO: CTA_STRATEGY	HorizBreakout:HorizBreakout策略启动
2018-07-14 14:36:22,150  INFO: CTP	行情服务器连接成功
2018-07-14 14:36:22,430  INFO: CTP	行情服务器连接断开
2018-07-14 14:36:22,710  INFO: CTP	行情服务器连接成功
2018-07-14 14:36:22,989  INFO: CTP	行情服务器连接断开
2018-07-14 14:36:23,269  INFO: CTP	行情服务器连接成功
2018-07-14 14:36:23,554  INFO: CTP	行情服务器连接断开
2018-07-14 14:36:23,834  INFO: CTP	行情服务器连接成功
2018-07-14 14:36:24,116  INFO: CTP	行情服务器连接断开
2018-07-14 14:37:27,876  INFO: 启动CTA策略运行子进程
2018-07-14 14:37:27,878  INFO: 事件引擎创建成功
2018-07-14 14:37:27,908  INFO: 主引擎创建成功
2018-07-14 14:37:27,908  INFO: 注册日志事件监听
2018-07-14 14:37:28,050  INFO: CTP	交易服务器连接成功
2018-07-14 14:37:28,166  INFO: CTP	交易服务器登录完成
2018-07-14 14:37:28,332  INFO: CTP	结算信息确认完成
2018-07-14 14:37:29,281  INFO: CTP	交易合约信息获取完成
2018-07-14 14:37:30,962  INFO: 连接CTP接口
2018-07-14 14:37:30,963  INFO: MAIN_ENGINE	MongoDB连接成功
2018-07-14 14:37:43,255  INFO: CTP	行情服务器连接成功
2018-07-14 14:37:43,532  INFO: CTP	行情服务器连接断开
2018-07-14 14:37:43,809  INFO: CTP	行情服务器连接成功
2018-07-14 14:37:44,086  INFO: CTP	行情服务器连接断开
2018-07-14 14:37:48,426  INFO: CTP	行情服务器连接成功
2018-07-14 14:37:48,705  INFO: CTP	行情服务器连接断开
2018-07-14 14:37:48,981  INFO: CTP	行情服务器连接成功
2018-07-14 14:37:49,256  INFO: CTP	行情服务器连接断开
2018-07-14 14:37:49,536  INFO: CTP	行情服务器连接成功
2018-07-14 14:37:49,815  INFO: CTP	行情服务器连接断开
2018-07-14 14:37:50,091  INFO: CTP	行情服务器连接成功
2018-07-14 14:37:50,368  INFO: CTP	行情服务器连接断开
2018-07-14 14:37:58,819  INFO: CTP	行情服务器连接成功
2018-07-14 14:37:59,097  INFO: CTP	行情服务器连接断开
2018-07-14 14:38:09,042  INFO: CTP	行情服务器连接成功
2018-07-14 14:38:09,320  INFO: CTP	行情服务器连接断开
2018-07-14 14:38:19,366  INFO: CTP	行情服务器连接成功
2018-07-14 14:38:19,718  INFO: CTP	行情服务器连接断开
2018-07-14 14:38:24,864  INFO: CTP	行情服务器连接成功
2018-07-14 14:38:25,138  INFO: CTP	行情服务器连接断开
2018-07-14 14:38:25,415  INFO: CTP	行情服务器连接成功
2018-07-14 14:38:25,691  INFO: CTP	行情服务器连接断开
2018-07-14 14:38:30,014  INFO: CTP	行情服务器连接成功
2018-07-14 14:38:30,295  INFO: CTP	行情服务器连接断开
2018-07-14 14:38:30,572  INFO: CTP	行情服务器连接成功
2018-07-14 14:38:30,847  INFO: CTP	行情服务器连接断开
2018-07-14 14:38:31,123  INFO: CTP	行情服务器连接成功
2018-07-14 14:38:31,399  INFO: CTP	行情服务器连接断开
2018-07-14 14:38:31,677  INFO: CTP	行情服务器连接成功
2018-07-14 14:38:31,953  INFO: CTP	行情服务器连接断开
2018-07-14 14:38:35,913  INFO: CTP	行情服务器连接成功
2018-07-14 14:38:36,188  INFO: CTP	行情服务器连接断开
2018-07-14 14:39:01,458  INFO: CTP	行情服务器连接成功
2018-07-14 14:39:01,735  INFO: CTP	行情服务器连接断开
2018-07-14 14:39:11,734  INFO: CTP	行情服务器连接成功
2018-07-14 14:39:12,225  INFO: CTP	行情服务器连接断开
2018-07-14 14:39:12,501  INFO: CTP	行情服务器连接成功
2018-07-14 14:39:12,777  INFO: CTP	行情服务器连接断开
2018-07-14 14:39:13,054  INFO: CTP	行情服务器连接成功
2018-07-14 14:39:13,333  INFO: CTP	行情服务器连接断开
2018-07-14 14:39:17,554  INFO: CTP	行情服务器连接成功
2018-07-14 14:39:17,829  INFO: CTP	行情服务器连接断开
2018-07-14 14:39:18,107  INFO: CTP	行情服务器连接成功
2018-07-14 14:39:18,386  INFO: CTP	行情服务器连接断开
2018-07-14 14:39:18,662  INFO: CTP	行情服务器连接成功
2018-07-14 14:39:18,938  INFO: CTP	行情服务器连接断开
2018-07-14 14:39:23,160  INFO: CTP	行情服务器连接成功
2018-07-14 14:39:23,436  INFO: CTP	行情服务器连接断开
2018-07-14 14:39:23,712  INFO: CTP	行情服务器连接成功
2018-07-14 14:39:23,987  INFO: CTP	行情服务器连接断开
2018-07-14 14:39:24,263  INFO: CTP	行情服务器连接成功
2018-07-14 14:39:24,540  INFO: CTP	行情服务器连接断开
2018-07-14 14:39:28,392  INFO: CTP	行情服务器连接成功
2018-07-14 14:39:28,782  INFO: CTP	行情服务器连接断开
2018-07-14 14:39:29,058  INFO: CTP	行情服务器连接成功
2018-07-14 14:39:29,338  INFO: CTP	行情服务器连接断开
2018-07-14 14:39:29,614  INFO: CTP	行情服务器连接成功
2018-07-14 14:39:29,890  INFO: CTP	行情服务器连接断开
2018-07-14 14:39:30,169  INFO: CTP	行情服务器连接成功
2018-07-14 14:39:30,447  INFO: CTP	行情服务器连接断开
2018-07-14 14:39:34,350  INFO: CTP	行情服务器连接成功
2018-07-14 14:39:34,626  INFO: CTP	行情服务器连接断开
2018-07-14 14:39:34,904  INFO: CTP	行情服务器连接成功
2018-07-14 14:39:35,180  INFO: CTP	行情服务器连接断开
2018-07-14 14:39:35,457  INFO: CTP	行情服务器连接成功
2018-07-14 14:39:35,732  INFO: CTP	行情服务器连接断开
2018-07-14 14:39:39,566  INFO: CTP	行情服务器连接成功
2018-07-14 14:39:39,865  INFO: CTP	行情服务器连接断开
2018-07-14 14:39:40,141  INFO: CTP	行情服务器连接成功
2018-07-14 14:39:40,417  INFO: CTP	行情服务器连接断开
2018-07-14 14:39:40,694  INFO: CTP	行情服务器连接成功
2018-07-14 14:39:40,971  INFO: CTP	行情服务器连接断开
2018-07-14 14:39:44,878  INFO: CTP	行情服务器连接成功
2018-07-14 14:39:45,155  INFO: CTP	行情服务器连接断开
2018-07-14 14:39:50,243  INFO: CTP	行情服务器连接成功
2018-07-14 14:39:50,520  INFO: CTP	行情服务器连接断开
2018-07-14 14:40:30,604  INFO: 启动CTA策略运行子进程
2018-07-14 14:40:30,605  INFO: 事件引擎创建成功
2018-07-14 14:40:30,633  INFO: 主引擎创建成功
2018-07-14 14:40:30,634  INFO: 注册日志事件监听
2018-07-14 14:40:30,746  INFO: CTP	交易服务器连接成功
2018-07-14 14:40:30,861  INFO: CTP	交易服务器登录完成
2018-07-14 14:40:31,027  INFO: CTP	结算信息确认完成
2018-07-14 14:40:31,465  INFO: CTP	交易合约信息获取完成
2018-07-14 14:40:32,844  INFO: 连接CTP接口
2018-07-14 14:40:32,845  INFO: MAIN_ENGINE	MongoDB连接成功
2018-07-14 14:40:40,866  INFO: CTP	行情服务器连接成功
2018-07-14 14:40:41,145  INFO: CTP	行情服务器连接断开
2018-07-14 14:40:41,417  INFO: CTP	行情服务器连接成功
2018-07-14 14:40:41,688  INFO: CTP	行情服务器连接断开
2018-07-14 14:40:41,958  INFO: CTP	行情服务器连接成功
2018-07-14 14:40:42,231  INFO: CTP	行情服务器连接断开
2018-07-14 14:40:46,121  INFO: CTP	行情服务器连接成功
2018-07-14 14:40:46,393  INFO: CTP	行情服务器连接断开
2018-07-14 14:40:51,404  INFO: CTP	行情服务器连接成功
2018-07-14 14:40:51,681  INFO: CTP	行情服务器连接断开
2018-07-14 14:40:56,588  INFO: CTP	行情服务器连接成功
2018-07-14 14:40:56,860  INFO: CTP	行情服务器连接断开
2018-07-14 14:40:57,130  INFO: CTP	行情服务器连接成功
2018-07-14 14:40:57,401  INFO: CTP	行情服务器连接断开
2018-07-14 14:41:06,949  INFO: CTP	行情服务器连接成功
2018-07-14 14:41:07,223  INFO: CTP	行情服务器连接断开
2018-07-14 14:41:07,857  INFO: CTA策略载入成功
2018-07-14 14:41:07,875  INFO: CTA_STRATEGY	ADXR:ADXR策略初始化
2018-07-14 14:41:15,670  INFO: CTA_STRATEGY	HorizBreakout:HorizBreakout策略初始化
2018-07-14 14:41:17,219  INFO: CTP	行情服务器连接成功
2018-07-14 14:41:18,978  INFO: CTP	行情服务器连接断开
2018-07-14 14:41:19,258  INFO: CTP	行情服务器连接成功
2018-07-14 14:41:19,529  INFO: CTP	行情服务器连接断开
2018-07-14 14:41:22,389  INFO: CTP	行情服务器连接成功
2018-07-14 14:41:22,660  INFO: CTP	行情服务器连接断开
2018-07-14 14:41:22,941  INFO: CTP	行情服务器连接成功
2018-07-14 14:41:23,212  INFO: CTP	行情服务器连接断开
2018-07-14 14:41:23,492  INFO: CTP	行情服务器连接成功
2018-07-14 14:41:23,764  INFO: CTP	行情服务器连接断开
2018-07-14 14:41:27,583  INFO: CTP	行情服务器连接成功
2018-07-14 14:41:27,855  INFO: CTP	行情服务器连接断开
2018-07-14 14:41:28,136  INFO: CTP	行情服务器连接成功
2018-07-14 14:41:28,410  INFO: CTP	行情服务器连接断开
2018-07-14 14:41:28,691  INFO: CTP	行情服务器连接成功
2018-07-14 14:41:28,962  INFO: CTP	行情服务器连接断开
2018-07-14 14:41:29,242  INFO: CTP	行情服务器连接成功
2018-07-14 14:41:29,513  INFO: CTP	行情服务器连接断开
2018-07-14 14:41:32,958  INFO: CTP	行情服务器连接成功
2018-07-14 14:41:33,232  INFO: CTP	行情服务器连接断开
2018-07-14 14:41:33,904  INFO: CTA_STRATEGY	AvgBreak:AvgBreak策略初始化
2018-07-14 14:41:35,029  INFO: CTA策略初始化成功
2018-07-14 14:41:35,031  INFO: CTA策略启动成功
2018-07-14 14:41:35,052  INFO: CTA_STRATEGY	ADXR:ADXR策略启动
2018-07-14 14:41:35,054  INFO: CTA_STRATEGY	HorizBreakout:HorizBreakout策略启动
2018-07-14 14:41:35,055  INFO: CTA_STRATEGY	AvgBreak:AvgBreak策略启动
2018-07-14 15:29:08,930  INFO: 启动CTA策略运行子进程
2018-07-14 15:29:08,943  INFO: 事件引擎创建成功
2018-07-14 15:29:09,035  INFO: 主引擎创建成功
2018-07-14 15:29:09,035  INFO: 注册日志事件监听
2018-07-14 15:29:09,203  INFO: CTP	行情服务器连接成功
2018-07-14 15:29:09,204  INFO: CTP	交易服务器连接成功
2018-07-14 15:29:09,318  INFO: CTP	行情服务器连接断开
2018-07-14 15:29:09,318  INFO: CTP	交易服务器登录完成
