2018-06-30 12:19:32,386  INFO: 启动CTA策略运行子进程
2018-06-30 12:19:32,387  INFO: 事件引擎创建成功
2018-06-30 12:19:32,455  INFO: 主引擎创建成功
2018-06-30 12:19:32,455  INFO: 注册日志事件监听
2018-06-30 12:19:32,633  INFO: CTP	交易服务器连接成功
2018-06-30 12:19:32,749  INFO: CTP	交易服务器登录完成
2018-06-30 12:19:32,913  INFO: CTP	结算信息确认完成
2018-06-30 12:19:33,425  INFO: CTP	交易合约信息获取完成
2018-06-30 12:19:34,731  INFO: 连接CTP接口
2018-06-30 12:19:34,758  INFO: MAIN_ENGINE	MongoDB连接成功
2018-06-30 12:19:37,611  INFO: CTP	行情服务器连接成功
2018-06-30 12:19:37,886  INFO: CTP	行情服务器连接断开
2018-06-30 12:19:42,857  INFO: CTP	行情服务器连接成功
2018-06-30 12:19:43,246  INFO: CTP	行情服务器连接断开
2018-06-30 12:19:44,795  INFO: CTA策略载入成功
2018-06-30 12:19:44,826  INFO: CTA_STRATEGY	ADXR:ADXR策略初始化
2018-06-30 12:19:47,951  INFO: CTA_STRATEGY	HorizBreakout:HorizBreakout策略初始化
2018-06-30 12:19:50,783  INFO: CTA策略初始化成功
2018-06-30 12:19:50,784  INFO: CTA策略启动成功
2018-06-30 12:19:50,804  INFO: CTA_STRATEGY	ADXR:ADXR策略启动
2018-06-30 12:19:50,805  INFO: CTA_STRATEGY	HorizBreakout:HorizBreakout策略启动
