2018-07-31 20:37:26,900  INFO: 启动CTA策略运行子进程
2018-07-31 20:37:26,901  INFO: 事件引擎创建成功
2018-07-31 20:37:26,917  INFO: 主引擎创建成功
2018-07-31 20:37:26,917  INFO: 注册日志事件监听
2018-07-31 20:37:26,959  INFO: CTP	交易服务器连接成功
2018-07-31 20:37:26,995  INFO: CTP	交易服务器登录完成
2018-07-31 20:37:26,998  INFO: CTP	行情服务器连接成功
2018-07-31 20:37:27,068  INFO: CTP	行情服务器登录完成
2018-07-31 20:37:27,747  INFO: CTP	结算信息确认完成
2018-07-31 20:37:28,988  INFO: CTP	交易合约信息获取完成
2018-07-31 20:37:29,194  INFO: 连接CTP接口
2018-07-31 20:37:29,194  INFO: MAIN_ENGINE	MongoDB连接成功
2018-07-31 20:37:39,273  INFO: CTA策略载入成功
2018-07-31 20:37:39,276  INFO: CTA_STRATEGY	AvgBreak:AvgBreak策略初始化
2018-07-31 20:37:40,427  INFO: CTA_STRATEGY	HorizBreakout:HorizBreakout策略初始化
2018-07-31 20:37:43,227  INFO: CTA策略初始化成功
2018-07-31 20:37:43,228  INFO: CTA策略启动成功
2018-07-31 20:37:43,229  INFO: CTA_STRATEGY	AvgBreak:AvgBreak策略启动
2018-07-31 20:37:43,229  INFO: CTA_STRATEGY	HorizBreakout:HorizBreakout策略启动
2018-07-31 20:40:55,744  INFO: 启动CTA策略运行子进程
2018-07-31 20:40:55,745  INFO: 事件引擎创建成功
2018-07-31 20:40:55,747  INFO: 主引擎创建成功
2018-07-31 20:40:55,748  INFO: 注册日志事件监听
2018-07-31 20:40:56,801  INFO: CTP	交易服务器连接成功
2018-07-31 20:40:56,844  INFO: CTP	交易服务器登录完成
2018-07-31 20:40:57,223  INFO: CTP	结算信息确认完成
2018-07-31 20:40:57,950  INFO: 连接CTP接口
2018-07-31 20:40:57,950  INFO: MAIN_ENGINE	MongoDB连接成功
2018-07-31 20:40:58,879  INFO: CTP	行情服务器连接成功
2018-07-31 20:40:59,155  INFO: CTP	交易合约信息获取完成
2018-07-31 20:40:59,433  INFO: CTP	行情服务器登录完成
2018-07-31 20:45:04,488  INFO: 启动CTA策略运行子进程
2018-07-31 20:45:04,490  INFO: 事件引擎创建成功
2018-07-31 20:45:04,495  INFO: 主引擎创建成功
2018-07-31 20:45:04,495  INFO: 注册日志事件监听
2018-07-31 20:45:04,534  INFO: CTP	交易服务器连接成功
2018-07-31 20:45:04,568  INFO: CTP	行情服务器连接成功
2018-07-31 20:45:04,641  INFO: CTP	行情服务器登录完成
2018-07-31 20:45:04,878  INFO: CTP	交易服务器登录完成
2018-07-31 20:45:05,203  INFO: CTP	结算信息确认完成
2018-07-31 20:45:06,704  INFO: 连接CTP接口
2018-07-31 20:45:06,705  INFO: MAIN_ENGINE	MongoDB连接成功
2018-07-31 20:45:09,145  INFO: CTP	交易合约信息获取完成
2018-07-31 20:45:16,725  INFO: CTA策略载入成功
2018-07-31 20:45:16,727  INFO: CTA_STRATEGY	HorizBreakout:HorizBreakout策略初始化
2018-07-31 20:45:19,716  INFO: CTA_STRATEGY	AvgBreak:AvgBreak策略初始化
2018-07-31 20:45:20,537  INFO: CTA策略初始化成功
2018-07-31 20:45:20,538  INFO: CTA策略启动成功
2018-07-31 20:45:20,538  INFO: CTA_STRATEGY	HorizBreakout:HorizBreakout策略启动
2018-07-31 20:45:20,539  INFO: CTA_STRATEGY	AvgBreak:AvgBreak策略启动
2018-07-31 20:54:35,610  INFO: CTP	交易服务器连接断开
2018-07-31 20:54:37,221  INFO: CTP	交易服务器连接成功
2018-07-31 20:54:37,487  INFO: CTP	交易服务器登录完成
2018-07-31 20:54:37,752  INFO: CTP	结算信息确认完成
2018-07-31 20:54:38,040  INFO: CTP	交易合约信息获取完成
2018-07-31 20:56:43,036  INFO: 启动CTA策略运行子进程
2018-07-31 20:56:43,037  INFO: 事件引擎创建成功
2018-07-31 20:56:43,041  INFO: 主引擎创建成功
2018-07-31 20:56:43,041  INFO: 注册日志事件监听
2018-07-31 20:56:43,078  INFO: CTP	交易服务器连接成功
2018-07-31 20:56:43,111  INFO: CTP	交易服务器登录完成
2018-07-31 20:56:43,115  INFO: CTP	行情服务器连接成功
2018-07-31 20:56:43,182  INFO: CTP	行情服务器登录完成
2018-07-31 20:56:43,412  INFO: CTP	结算信息确认完成
2018-07-31 20:56:43,834  INFO: CTP	交易合约信息获取完成
2018-07-31 20:56:45,221  INFO: 连接CTP接口
2018-07-31 20:56:45,222  INFO: MAIN_ENGINE	MongoDB连接成功
2018-07-31 20:56:55,247  INFO: CTA策略载入成功
2018-07-31 20:56:55,249  INFO: CTA_STRATEGY	AvgBreak:AvgBreak策略初始化
2018-07-31 20:56:56,341  INFO: CTA_STRATEGY	HorizBreakout:HorizBreakout策略初始化
2018-07-31 20:56:59,526  INFO: CTA策略初始化成功
2018-07-31 20:56:59,527  INFO: CTA策略启动成功
2018-07-31 20:56:59,528  INFO: CTA_STRATEGY	AvgBreak:AvgBreak策略启动
2018-07-31 20:56:59,528  INFO: CTA_STRATEGY	HorizBreakout:HorizBreakout策略启动
