2018-08-11 14:04:47,449  INFO: 启动CTA策略运行子进程
2018-08-11 14:04:47,449  INFO: 事件引擎创建成功
2018-08-11 14:04:47,452  INFO: 主引擎创建成功
2018-08-11 14:04:47,453  INFO: 注册日志事件监听
2018-08-11 14:10:52,119  INFO: 启动CTA策略运行子进程
2018-08-11 14:10:52,119  INFO: 事件引擎创建成功
2018-08-11 14:10:52,121  INFO: 主引擎创建成功
2018-08-11 14:10:52,122  INFO: 注册日志事件监听
2018-08-11 14:10:52,178  INFO: CTP	行情服务器连接成功
2018-08-11 14:10:52,180  INFO: CTP	交易服务器连接成功
2018-08-11 14:10:52,196  INFO: CTP	行情服务器登录完成
2018-08-11 14:10:52,208  INFO: CTP	交易服务器登录完成
2018-08-11 14:10:52,250  INFO: CTP	结算信息确认完成
2018-08-11 14:10:52,378  INFO: CTP	交易合约信息获取完成
2018-08-11 14:10:54,355  INFO: 连接CTP接口
2018-08-11 14:10:54,356  INFO: MAIN_ENGINE	MongoDB连接成功
2018-08-11 14:11:04,447  INFO: CTA策略载入成功
2018-08-11 14:11:04,449  INFO: CTA_STRATEGY	HorizBreakout:HorizBreakout策略初始化
2018-08-11 14:33:06,273  INFO: 启动CTA策略运行子进程
2018-08-11 14:33:06,274  INFO: 事件引擎创建成功
2018-08-11 14:33:06,276  INFO: 主引擎创建成功
2018-08-11 14:33:06,277  INFO: 注册日志事件监听
2018-08-11 14:33:06,334  INFO: CTP	行情服务器连接成功
2018-08-11 14:33:06,344  INFO: CTP	交易服务器连接成功
2018-08-11 14:33:06,352  INFO: CTP	行情服务器登录完成
2018-08-11 14:33:06,368  INFO: CTP	交易服务器登录完成
2018-08-11 14:33:06,411  INFO: CTP	结算信息确认完成
2018-08-11 14:33:06,542  INFO: CTP	交易合约信息获取完成
2018-08-11 14:33:08,489  INFO: 连接CTP接口
2018-08-11 14:33:08,490  INFO: MAIN_ENGINE	MongoDB连接成功
2018-08-11 14:33:18,538  INFO: CTA策略载入成功
2018-08-11 14:33:18,540  INFO: CTA_STRATEGY	HorizBreakout:HorizBreakout策略初始化
2018-08-11 14:33:41,849  INFO: CTA_STRATEGY	AvgBreak:AvgBreak策略初始化
2018-08-11 14:33:42,952  INFO: CTA策略初始化成功
2018-08-11 14:33:42,953  INFO: CTA策略启动成功
2018-08-11 14:33:42,954  INFO: CTA_STRATEGY	HorizBreakout:HorizBreakout策略启动
2018-08-11 14:33:42,954  INFO: CTA_STRATEGY	AvgBreak:AvgBreak策略启动
