2018-08-10 14:41:30,381  INFO: 启动CTA策略运行子进程
2018-08-10 14:41:30,382  INFO: 事件引擎创建成功
2018-08-10 14:41:30,387  INFO: 主引擎创建成功
2018-08-10 14:41:30,387  INFO: 注册日志事件监听
2018-08-10 14:41:30,456  INFO: CTP	交易服务器连接成功
2018-08-10 14:41:30,462  INFO: CTP	行情服务器连接成功
2018-08-10 14:41:30,485  INFO: CTP	交易服务器登录完成
2018-08-10 14:41:30,485  INFO: CTP	行情服务器登录完成
2018-08-10 14:41:30,541  INFO: CTP	结算信息确认完成
2018-08-10 14:41:31,106  INFO: CTP	交易合约信息获取完成
2018-08-10 14:41:32,620  INFO: 连接CTP接口
2018-08-10 14:41:32,620  INFO: MAIN_ENGINE	MongoDB连接成功
2018-08-10 14:41:42,716  INFO: CTA_STRATEGY	找不到策略类：HorizBreakoutStrategy
2018-08-10 14:41:42,717  INFO: CTA_STRATEGY	找不到策略类：AvgBreakStrategy
2018-08-10 14:41:42,717  INFO: CTA策略载入成功
2018-08-10 14:41:42,717  INFO: CTA策略初始化成功
2018-08-10 14:41:42,717  INFO: CTA策略启动成功
2018-08-10 14:42:46,328  INFO: 启动CTA策略运行子进程
2018-08-10 14:42:46,330  INFO: 事件引擎创建成功
2018-08-10 14:42:46,334  INFO: 主引擎创建成功
2018-08-10 14:42:46,334  INFO: 注册日志事件监听
2018-08-10 14:42:46,389  INFO: CTP	交易服务器连接成功
2018-08-10 14:42:46,390  INFO: CTP	行情服务器连接成功
2018-08-10 14:42:46,408  INFO: CTP	交易服务器登录完成
2018-08-10 14:42:46,414  INFO: CTP	行情服务器登录完成
2018-08-10 14:42:46,443  INFO: CTP	结算信息确认完成
2018-08-10 14:42:46,632  INFO: CTP	交易合约信息获取完成
2018-08-10 14:42:48,559  INFO: 连接CTP接口
2018-08-10 14:42:48,560  INFO: MAIN_ENGINE	MongoDB连接成功
2018-08-10 14:42:58,586  INFO: CTA策略载入成功
2018-08-10 14:42:58,589  INFO: CTA_STRATEGY	HorizBreakout:HorizBreakout策略初始化
