2018-07-30 13:43:46,775  INFO: 启动CTA策略运行子进程
2018-07-30 13:43:46,776  INFO: 事件引擎创建成功
2018-07-30 13:43:46,779  INFO: 主引擎创建成功
2018-07-30 13:43:46,779  INFO: 主引擎创建成功
2018-07-30 13:43:46,779  INFO: 注册日志事件监听
2018-07-30 13:43:46,779  INFO: 注册日志事件监听
2018-07-30 13:43:46,791  INFO: CTP	交易服务器连接成功
2018-07-30 13:43:46,791  INFO: CTP	交易服务器连接成功
2018-07-30 13:43:46,791  INFO: CTP	交易服务器连接成功
2018-07-30 13:43:46,791  INFO: CTP	交易服务器连接成功
2018-07-30 13:43:46,848  INFO: CTP	交易服务器登录完成
2018-07-30 13:43:46,848  INFO: CTP	交易服务器登录完成
2018-07-30 13:43:46,849  INFO: CTP	交易服务器登录完成
2018-07-30 13:43:46,849  INFO: CTP	交易服务器登录完成
2018-07-30 13:43:46,919  INFO: CTP	结算信息确认完成
2018-07-30 13:43:46,919  INFO: CTP	结算信息确认完成
2018-07-30 13:43:46,920  INFO: CTP	结算信息确认完成
2018-07-30 13:43:46,920  INFO: CTP	结算信息确认完成
2018-07-30 13:43:47,293  INFO: CTP	交易合约信息获取完成
2018-07-30 13:43:47,293  INFO: CTP	交易合约信息获取完成
2018-07-30 13:43:47,293  INFO: CTP	交易合约信息获取完成
2018-07-30 13:43:47,293  INFO: CTP	交易合约信息获取完成
2018-07-30 13:43:48,981  INFO: 连接CTP接口
2018-07-30 13:43:48,981  INFO: 连接CTP接口
2018-07-30 13:43:48,981  INFO: MAIN_ENGINE	MongoDB连接成功
2018-07-30 13:43:48,981  INFO: MAIN_ENGINE	MongoDB连接成功
2018-07-30 13:43:48,982  INFO: MAIN_ENGINE	MongoDB连接成功
2018-07-30 13:43:48,982  INFO: MAIN_ENGINE	MongoDB连接成功
2018-07-30 13:43:59,043  INFO: CTA_STRATEGY	找不到策略类：PonderDNCoreStrategy
2018-07-30 13:43:59,043  INFO: CTA_STRATEGY	找不到策略类：PonderDNCoreStrategy
2018-07-30 13:43:59,044  INFO: CTA_STRATEGY	找不到策略类：PonderDNCoreStrategy
2018-07-30 13:43:59,044  INFO: CTA_STRATEGY	找不到策略类：PonderDNCoreStrategy
2018-07-30 13:43:59,044  INFO: CTA策略载入成功
2018-07-30 13:43:59,044  INFO: CTA策略载入成功
2018-07-30 13:43:59,047  INFO: CTA_STRATEGY	HorizBreakout:HorizBreakout策略初始化
2018-07-30 13:43:59,047  INFO: CTA_STRATEGY	HorizBreakout:HorizBreakout策略初始化
2018-07-30 13:43:59,047  INFO: CTA_STRATEGY	HorizBreakout:HorizBreakout策略初始化
2018-07-30 13:43:59,047  INFO: CTA_STRATEGY	HorizBreakout:HorizBreakout策略初始化
2018-07-30 13:44:01,731  INFO: CTA_STRATEGY	策略HorizBreakout触发异常已停止
Traceback (most recent call last):
  File "/home/linlin/cyvn/app/ctaStrategy/ctaEngine.py", line 576, in callStrategyFunc
    func()
  File "/home/linlin/cyvn/app/ctaStrategy/strategy/strategyHorizBreakout.py", line 88, in onInit
    self.onBar(bar)
  File "/home/linlin/cyvn/app/ctaStrategy/strategy/strategyHorizBreakout.py", line 112, in onBar
    self.bg.updateBar(bar)
  File "/home/linlin/cyvn/app/ctaStrategy/ctaTemplate.py", line 525, in updateBar
    self.onXminBar(self.xminBar)
  File "/home/linlin/cyvn/app/ctaStrategy/strategy/strategyHorizBreakout.py", line 124, in onMyBar
    am.updateBar(bar)
  File "/home/linlin/cyvn/app/ctaStrategy/ctaTemplate.py", line 559, in updateBar
    self.datetimeArray[0:self.size-1] = self.datetimeArray[1:self.size]
TypeError: 'range' object does not support item assignment

2018-07-30 13:44:01,731  INFO: CTA_STRATEGY	策略HorizBreakout触发异常已停止
Traceback (most recent call last):
  File "/home/linlin/cyvn/app/ctaStrategy/ctaEngine.py", line 576, in callStrategyFunc
    func()
  File "/home/linlin/cyvn/app/ctaStrategy/strategy/strategyHorizBreakout.py", line 88, in onInit
    self.onBar(bar)
  File "/home/linlin/cyvn/app/ctaStrategy/strategy/strategyHorizBreakout.py", line 112, in onBar
    self.bg.updateBar(bar)
  File "/home/linlin/cyvn/app/ctaStrategy/ctaTemplate.py", line 525, in updateBar
    self.onXminBar(self.xminBar)
  File "/home/linlin/cyvn/app/ctaStrategy/strategy/strategyHorizBreakout.py", line 124, in onMyBar
    am.updateBar(bar)
  File "/home/linlin/cyvn/app/ctaStrategy/ctaTemplate.py", line 559, in updateBar
    self.datetimeArray[0:self.size-1] = self.datetimeArray[1:self.size]
TypeError: 'range' object does not support item assignment

2018-07-30 13:44:01,734  INFO: CTA_STRATEGY	策略HorizBreakout触发异常已停止
Traceback (most recent call last):
  File "/home/linlin/cyvn/app/ctaStrategy/ctaEngine.py", line 576, in callStrategyFunc
    func()
  File "/home/linlin/cyvn/app/ctaStrategy/strategy/strategyHorizBreakout.py", line 88, in onInit
    self.onBar(bar)
  File "/home/linlin/cyvn/app/ctaStrategy/strategy/strategyHorizBreakout.py", line 112, in onBar
    self.bg.updateBar(bar)
  File "/home/linlin/cyvn/app/ctaStrategy/ctaTemplate.py", line 525, in updateBar
    self.onXminBar(self.xminBar)
  File "/home/linlin/cyvn/app/ctaStrategy/strategy/strategyHorizBreakout.py", line 124, in onMyBar
    am.updateBar(bar)
  File "/home/linlin/cyvn/app/ctaStrategy/ctaTemplate.py", line 559, in updateBar
    self.datetimeArray[0:self.size-1] = self.datetimeArray[1:self.size]
TypeError: 'range' object does not support item assignment

2018-07-30 13:44:01,734  INFO: CTA_STRATEGY	策略HorizBreakout触发异常已停止
Traceback (most recent call last):
  File "/home/linlin/cyvn/app/ctaStrategy/ctaEngine.py", line 576, in callStrategyFunc
    func()
  File "/home/linlin/cyvn/app/ctaStrategy/strategy/strategyHorizBreakout.py", line 88, in onInit
    self.onBar(bar)
  File "/home/linlin/cyvn/app/ctaStrategy/strategy/strategyHorizBreakout.py", line 112, in onBar
    self.bg.updateBar(bar)
  File "/home/linlin/cyvn/app/ctaStrategy/ctaTemplate.py", line 525, in updateBar
    self.onXminBar(self.xminBar)
  File "/home/linlin/cyvn/app/ctaStrategy/strategy/strategyHorizBreakout.py", line 124, in onMyBar
    am.updateBar(bar)
  File "/home/linlin/cyvn/app/ctaStrategy/ctaTemplate.py", line 559, in updateBar
    self.datetimeArray[0:self.size-1] = self.datetimeArray[1:self.size]
TypeError: 'range' object does not support item assignment

2018-07-30 13:44:02,012  INFO: CTA_STRATEGY	AvgBreak:AvgBreak策略初始化
2018-07-30 13:44:02,012  INFO: CTA_STRATEGY	AvgBreak:AvgBreak策略初始化
2018-07-30 13:44:02,012  INFO: CTA_STRATEGY	AvgBreak:AvgBreak策略初始化
2018-07-30 13:44:02,012  INFO: CTA_STRATEGY	AvgBreak:AvgBreak策略初始化
2018-07-30 13:44:02,582  INFO: CTA_STRATEGY	策略AvgBreak触发异常已停止
Traceback (most recent call last):
  File "/home/linlin/cyvn/app/ctaStrategy/ctaEngine.py", line 576, in callStrategyFunc
    func()
  File "/home/linlin/cyvn/app/ctaStrategy/strategy/strategyAvgBreak.py", line 86, in onInit
    self.onMyBar(bar)
  File "/home/linlin/cyvn/app/ctaStrategy/strategy/strategyAvgBreak.py", line 157, in onMyBar
    am.updateBar(bar)
  File "/home/linlin/cyvn/app/ctaStrategy/ctaTemplate.py", line 559, in updateBar
    self.datetimeArray[0:self.size-1] = self.datetimeArray[1:self.size]
TypeError: 'range' object does not support item assignment

2018-07-30 13:44:02,582  INFO: CTA_STRATEGY	策略AvgBreak触发异常已停止
Traceback (most recent call last):
  File "/home/linlin/cyvn/app/ctaStrategy/ctaEngine.py", line 576, in callStrategyFunc
    func()
  File "/home/linlin/cyvn/app/ctaStrategy/strategy/strategyAvgBreak.py", line 86, in onInit
    self.onMyBar(bar)
  File "/home/linlin/cyvn/app/ctaStrategy/strategy/strategyAvgBreak.py", line 157, in onMyBar
    am.updateBar(bar)
  File "/home/linlin/cyvn/app/ctaStrategy/ctaTemplate.py", line 559, in updateBar
    self.datetimeArray[0:self.size-1] = self.datetimeArray[1:self.size]
TypeError: 'range' object does not support item assignment

2018-07-30 13:44:02,583  INFO: CTA_STRATEGY	策略AvgBreak触发异常已停止
Traceback (most recent call last):
  File "/home/linlin/cyvn/app/ctaStrategy/ctaEngine.py", line 576, in callStrategyFunc
    func()
  File "/home/linlin/cyvn/app/ctaStrategy/strategy/strategyAvgBreak.py", line 86, in onInit
    self.onMyBar(bar)
  File "/home/linlin/cyvn/app/ctaStrategy/strategy/strategyAvgBreak.py", line 157, in onMyBar
    am.updateBar(bar)
  File "/home/linlin/cyvn/app/ctaStrategy/ctaTemplate.py", line 559, in updateBar
    self.datetimeArray[0:self.size-1] = self.datetimeArray[1:self.size]
TypeError: 'range' object does not support item assignment

2018-07-30 13:44:02,583  INFO: CTA_STRATEGY	策略AvgBreak触发异常已停止
Traceback (most recent call last):
  File "/home/linlin/cyvn/app/ctaStrategy/ctaEngine.py", line 576, in callStrategyFunc
    func()
  File "/home/linlin/cyvn/app/ctaStrategy/strategy/strategyAvgBreak.py", line 86, in onInit
    self.onMyBar(bar)
  File "/home/linlin/cyvn/app/ctaStrategy/strategy/strategyAvgBreak.py", line 157, in onMyBar
    am.updateBar(bar)
  File "/home/linlin/cyvn/app/ctaStrategy/ctaTemplate.py", line 559, in updateBar
    self.datetimeArray[0:self.size-1] = self.datetimeArray[1:self.size]
TypeError: 'range' object does not support item assignment

2018-07-30 13:44:02,858  INFO: CTA策略初始化成功
2018-07-30 13:44:02,858  INFO: CTA策略初始化成功
2018-07-30 13:44:02,859  INFO: CTA策略启动成功
2018-07-30 13:44:02,859  INFO: CTA策略启动成功
2018-07-30 13:57:08,648  INFO: 启动CTA策略运行子进程
2018-07-30 13:57:08,650  INFO: 事件引擎创建成功
2018-07-30 13:57:08,656  INFO: 主引擎创建成功
2018-07-30 13:57:08,656  INFO: 主引擎创建成功
2018-07-30 13:57:08,657  INFO: 注册日志事件监听
2018-07-30 13:57:08,657  INFO: 注册日志事件监听
2018-07-30 13:57:08,672  INFO: CTP	交易服务器连接成功
2018-07-30 13:57:08,672  INFO: CTP	交易服务器连接成功
2018-07-30 13:57:08,673  INFO: CTP	交易服务器连接成功
2018-07-30 13:57:08,673  INFO: CTP	交易服务器连接成功
2018-07-30 13:57:08,783  INFO: CTP	交易服务器登录完成
2018-07-30 13:57:08,783  INFO: CTP	交易服务器登录完成
2018-07-30 13:57:08,784  INFO: CTP	交易服务器登录完成
2018-07-30 13:57:08,784  INFO: CTP	交易服务器登录完成
2018-07-30 13:57:08,948  INFO: CTP	结算信息确认完成
2018-07-30 13:57:08,948  INFO: CTP	结算信息确认完成
2018-07-30 13:57:08,950  INFO: CTP	结算信息确认完成
2018-07-30 13:57:08,950  INFO: CTP	结算信息确认完成
2018-07-30 13:57:09,714  INFO: CTP	交易合约信息获取完成
2018-07-30 13:57:09,714  INFO: CTP	交易合约信息获取完成
2018-07-30 13:57:09,716  INFO: CTP	交易合约信息获取完成
2018-07-30 13:57:09,716  INFO: CTP	交易合约信息获取完成
2018-07-30 13:57:10,847  INFO: 连接CTP接口
2018-07-30 13:57:10,847  INFO: 连接CTP接口
2018-07-30 13:57:10,848  INFO: MAIN_ENGINE	MongoDB连接成功
2018-07-30 13:57:10,848  INFO: MAIN_ENGINE	MongoDB连接成功
2018-07-30 13:57:10,851  INFO: MAIN_ENGINE	MongoDB连接成功
2018-07-30 13:57:10,851  INFO: MAIN_ENGINE	MongoDB连接成功
2018-07-30 13:58:40,123  INFO: 启动CTA策略运行子进程
2018-07-30 13:58:40,124  INFO: 事件引擎创建成功
2018-07-30 13:58:40,135  INFO: 主引擎创建成功
2018-07-30 13:58:40,135  INFO: 主引擎创建成功
2018-07-30 13:58:40,136  INFO: 注册日志事件监听
2018-07-30 13:58:40,136  INFO: 注册日志事件监听
2018-07-30 13:58:40,171  INFO: CTP	交易服务器连接成功
2018-07-30 13:58:40,171  INFO: CTP	交易服务器连接成功
2018-07-30 13:58:40,172  INFO: CTP	交易服务器连接成功
2018-07-30 13:58:40,172  INFO: CTP	交易服务器连接成功
2018-07-30 13:58:40,295  INFO: CTP	交易服务器登录完成
2018-07-30 13:58:40,295  INFO: CTP	交易服务器登录完成
2018-07-30 13:58:40,297  INFO: CTP	交易服务器登录完成
2018-07-30 13:58:40,297  INFO: CTP	交易服务器登录完成
2018-07-30 13:58:40,891  INFO: CTP	结算信息确认完成
2018-07-30 13:58:40,891  INFO: CTP	结算信息确认完成
2018-07-30 13:58:40,893  INFO: CTP	结算信息确认完成
2018-07-30 13:58:40,893  INFO: CTP	结算信息确认完成
2018-07-30 13:58:42,302  INFO: 连接CTP接口
2018-07-30 13:58:42,302  INFO: 连接CTP接口
2018-07-30 13:58:42,303  INFO: MAIN_ENGINE	MongoDB连接成功
2018-07-30 13:58:42,303  INFO: MAIN_ENGINE	MongoDB连接成功
2018-07-30 13:58:42,306  INFO: MAIN_ENGINE	MongoDB连接成功
2018-07-30 13:58:42,306  INFO: MAIN_ENGINE	MongoDB连接成功
2018-07-30 13:58:42,588  INFO: CTP	交易合约信息获取完成
2018-07-30 13:58:42,588  INFO: CTP	交易合约信息获取完成
2018-07-30 13:58:42,589  INFO: CTP	交易合约信息获取完成
2018-07-30 13:58:42,589  INFO: CTP	交易合约信息获取完成
2018-07-30 13:59:06,394  INFO: 启动CTA策略运行子进程
2018-07-30 13:59:06,394  INFO: 事件引擎创建成功
2018-07-30 13:59:06,397  INFO: 主引擎创建成功
2018-07-30 13:59:06,397  INFO: 主引擎创建成功
2018-07-30 13:59:06,397  INFO: 注册日志事件监听
2018-07-30 13:59:06,397  INFO: 注册日志事件监听
2018-07-30 13:59:06,408  INFO: CTP	交易服务器连接成功
2018-07-30 13:59:06,408  INFO: CTP	交易服务器连接成功
2018-07-30 13:59:06,409  INFO: CTP	交易服务器连接成功
2018-07-30 13:59:06,409  INFO: CTP	交易服务器连接成功
2018-07-30 13:59:06,465  INFO: CTP	交易服务器登录完成
2018-07-30 13:59:06,465  INFO: CTP	交易服务器登录完成
2018-07-30 13:59:06,466  INFO: CTP	交易服务器登录完成
2018-07-30 13:59:06,466  INFO: CTP	交易服务器登录完成
2018-07-30 13:59:06,560  INFO: CTP	结算信息确认完成
2018-07-30 13:59:06,560  INFO: CTP	结算信息确认完成
2018-07-30 13:59:06,560  INFO: CTP	结算信息确认完成
2018-07-30 13:59:06,560  INFO: CTP	结算信息确认完成
2018-07-30 13:59:07,154  INFO: CTP	交易合约信息获取完成
2018-07-30 13:59:07,154  INFO: CTP	交易合约信息获取完成
2018-07-30 13:59:07,155  INFO: CTP	交易合约信息获取完成
2018-07-30 13:59:07,155  INFO: CTP	交易合约信息获取完成
2018-07-30 13:59:26,653  INFO: 启动CTA策略运行子进程
2018-07-30 13:59:28,443  INFO: 事件引擎创建成功
2018-07-30 13:59:29,904  INFO: 主引擎创建成功
2018-07-30 13:59:29,904  INFO: 主引擎创建成功
2018-07-30 13:59:31,030  INFO: 注册日志事件监听
2018-07-30 13:59:31,030  INFO: 注册日志事件监听
2018-07-30 13:59:32,361  INFO: CTP	交易服务器连接成功
2018-07-30 13:59:32,361  INFO: CTP	交易服务器连接成功
2018-07-30 13:59:33,179  INFO: CTP	交易服务器连接成功
2018-07-30 13:59:33,179  INFO: CTP	交易服务器连接成功
2018-07-30 13:59:34,148  INFO: CTP	交易服务器登录完成
2018-07-30 13:59:34,148  INFO: CTP	交易服务器登录完成
2018-07-30 13:59:34,149  INFO: 连接CTP接口
2018-07-30 13:59:34,149  INFO: 连接CTP接口
2018-07-30 13:59:35,018  INFO: CTP	交易服务器登录完成
2018-07-30 13:59:35,018  INFO: CTP	交易服务器登录完成
2018-07-30 13:59:36,711  INFO: CTP	结算信息确认完成
2018-07-30 13:59:36,711  INFO: CTP	结算信息确认完成
2018-07-30 13:59:37,623  INFO: CTP	结算信息确认完成
2018-07-30 13:59:37,623  INFO: CTP	结算信息确认完成
2018-07-30 13:59:39,052  INFO: CTP	交易合约信息获取完成
2018-07-30 13:59:39,052  INFO: CTP	交易合约信息获取完成
2018-07-30 13:59:40,038  INFO: CTP	交易合约信息获取完成
2018-07-30 13:59:40,038  INFO: CTP	交易合约信息获取完成
2018-07-30 13:59:41,144  INFO: MAIN_ENGINE	MongoDB连接成功
2018-07-30 13:59:41,144  INFO: MAIN_ENGINE	MongoDB连接成功
2018-07-30 13:59:42,035  INFO: MAIN_ENGINE	MongoDB连接成功
2018-07-30 13:59:42,035  INFO: MAIN_ENGINE	MongoDB连接成功
2018-07-30 13:59:45,439  INFO: CTA策略载入成功
2018-07-30 13:59:45,439  INFO: CTA策略载入成功
2018-07-30 13:59:45,451  INFO: CTA_STRATEGY	找不到策略类：PonderDNCoreStrategy
2018-07-30 13:59:45,451  INFO: CTA_STRATEGY	找不到策略类：PonderDNCoreStrategy
2018-07-30 13:59:46,249  INFO: CTA_STRATEGY	找不到策略类：PonderDNCoreStrategy
2018-07-30 13:59:46,249  INFO: CTA_STRATEGY	找不到策略类：PonderDNCoreStrategy
2018-07-30 13:59:47,025  INFO: CTA_STRATEGY	AvgBreak:AvgBreak策略初始化
2018-07-30 13:59:47,025  INFO: CTA_STRATEGY	AvgBreak:AvgBreak策略初始化
2018-07-30 13:59:48,173  INFO: CTA_STRATEGY	AvgBreak:AvgBreak策略初始化
2018-07-30 13:59:48,173  INFO: CTA_STRATEGY	AvgBreak:AvgBreak策略初始化
2018-07-30 13:59:49,006  INFO: CTA_STRATEGY	策略AvgBreak触发异常已停止
Traceback (most recent call last):
  File "/home/linlin/cyvn/app/ctaStrategy/ctaEngine.py", line 576, in callStrategyFunc
    func()
  File "/home/linlin/cyvn/app/ctaStrategy/strategy/strategyAvgBreak.py", line 86, in onInit
    self.onMyBar(bar)
  File "/home/linlin/cyvn/app/ctaStrategy/strategy/strategyAvgBreak.py", line 157, in onMyBar
    am.updateBar(bar)
  File "/home/linlin/cyvn/app/ctaStrategy/ctaTemplate.py", line 559, in updateBar
    self.datetimeArray[0:self.size-1] = self.datetimeArray[1:self.size]
TypeError: 'range' object does not support item assignment

2018-07-30 13:59:49,006  INFO: CTA_STRATEGY	策略AvgBreak触发异常已停止
Traceback (most recent call last):
  File "/home/linlin/cyvn/app/ctaStrategy/ctaEngine.py", line 576, in callStrategyFunc
    func()
  File "/home/linlin/cyvn/app/ctaStrategy/strategy/strategyAvgBreak.py", line 86, in onInit
    self.onMyBar(bar)
  File "/home/linlin/cyvn/app/ctaStrategy/strategy/strategyAvgBreak.py", line 157, in onMyBar
    am.updateBar(bar)
  File "/home/linlin/cyvn/app/ctaStrategy/ctaTemplate.py", line 559, in updateBar
    self.datetimeArray[0:self.size-1] = self.datetimeArray[1:self.size]
TypeError: 'range' object does not support item assignment

2018-07-30 13:59:49,738  INFO: CTA_STRATEGY	策略AvgBreak触发异常已停止
Traceback (most recent call last):
  File "/home/linlin/cyvn/app/ctaStrategy/ctaEngine.py", line 576, in callStrategyFunc
    func()
  File "/home/linlin/cyvn/app/ctaStrategy/strategy/strategyAvgBreak.py", line 86, in onInit
    self.onMyBar(bar)
  File "/home/linlin/cyvn/app/ctaStrategy/strategy/strategyAvgBreak.py", line 157, in onMyBar
    am.updateBar(bar)
  File "/home/linlin/cyvn/app/ctaStrategy/ctaTemplate.py", line 559, in updateBar
    self.datetimeArray[0:self.size-1] = self.datetimeArray[1:self.size]
TypeError: 'range' object does not support item assignment

2018-07-30 13:59:49,738  INFO: CTA_STRATEGY	策略AvgBreak触发异常已停止
Traceback (most recent call last):
  File "/home/linlin/cyvn/app/ctaStrategy/ctaEngine.py", line 576, in callStrategyFunc
    func()
  File "/home/linlin/cyvn/app/ctaStrategy/strategy/strategyAvgBreak.py", line 86, in onInit
    self.onMyBar(bar)
  File "/home/linlin/cyvn/app/ctaStrategy/strategy/strategyAvgBreak.py", line 157, in onMyBar
    am.updateBar(bar)
  File "/home/linlin/cyvn/app/ctaStrategy/ctaTemplate.py", line 559, in updateBar
    self.datetimeArray[0:self.size-1] = self.datetimeArray[1:self.size]
TypeError: 'range' object does not support item assignment

2018-07-30 13:59:50,413  INFO: CTA_STRATEGY	HorizBreakout:HorizBreakout策略初始化
2018-07-30 13:59:50,413  INFO: CTA_STRATEGY	HorizBreakout:HorizBreakout策略初始化
2018-07-30 13:59:51,049  INFO: CTA策略初始化成功
2018-07-30 13:59:51,049  INFO: CTA策略初始化成功
2018-07-30 13:59:51,052  INFO: CTA_STRATEGY	HorizBreakout:HorizBreakout策略初始化
2018-07-30 13:59:51,052  INFO: CTA_STRATEGY	HorizBreakout:HorizBreakout策略初始化
2018-07-30 13:59:51,686  INFO: CTA策略启动成功
2018-07-30 13:59:51,686  INFO: CTA策略启动成功
2018-07-30 13:59:51,691  INFO: CTA_STRATEGY	策略HorizBreakout触发异常已停止
Traceback (most recent call last):
  File "/home/linlin/cyvn/app/ctaStrategy/ctaEngine.py", line 576, in callStrategyFunc
    func()
  File "/home/linlin/cyvn/app/ctaStrategy/strategy/strategyHorizBreakout.py", line 88, in onInit
    self.onBar(bar)
  File "/home/linlin/cyvn/app/ctaStrategy/strategy/strategyHorizBreakout.py", line 112, in onBar
    self.bg.updateBar(bar)
  File "/home/linlin/cyvn/app/ctaStrategy/ctaTemplate.py", line 525, in updateBar
    self.onXminBar(self.xminBar)
  File "/home/linlin/cyvn/app/ctaStrategy/strategy/strategyHorizBreakout.py", line 124, in onMyBar
    am.updateBar(bar)
  File "/home/linlin/cyvn/app/ctaStrategy/ctaTemplate.py", line 559, in updateBar
    self.datetimeArray[0:self.size-1] = self.datetimeArray[1:self.size]
TypeError: 'range' object does not support item assignment

2018-07-30 13:59:51,691  INFO: CTA_STRATEGY	策略HorizBreakout触发异常已停止
Traceback (most recent call last):
  File "/home/linlin/cyvn/app/ctaStrategy/ctaEngine.py", line 576, in callStrategyFunc
    func()
  File "/home/linlin/cyvn/app/ctaStrategy/strategy/strategyHorizBreakout.py", line 88, in onInit
    self.onBar(bar)
  File "/home/linlin/cyvn/app/ctaStrategy/strategy/strategyHorizBreakout.py", line 112, in onBar
    self.bg.updateBar(bar)
  File "/home/linlin/cyvn/app/ctaStrategy/ctaTemplate.py", line 525, in updateBar
    self.onXminBar(self.xminBar)
  File "/home/linlin/cyvn/app/ctaStrategy/strategy/strategyHorizBreakout.py", line 124, in onMyBar
    am.updateBar(bar)
  File "/home/linlin/cyvn/app/ctaStrategy/ctaTemplate.py", line 559, in updateBar
    self.datetimeArray[0:self.size-1] = self.datetimeArray[1:self.size]
TypeError: 'range' object does not support item assignment

2018-07-30 13:59:52,423  INFO: CTA_STRATEGY	策略HorizBreakout触发异常已停止
Traceback (most recent call last):
  File "/home/linlin/cyvn/app/ctaStrategy/ctaEngine.py", line 576, in callStrategyFunc
    func()
  File "/home/linlin/cyvn/app/ctaStrategy/strategy/strategyHorizBreakout.py", line 88, in onInit
    self.onBar(bar)
  File "/home/linlin/cyvn/app/ctaStrategy/strategy/strategyHorizBreakout.py", line 112, in onBar
    self.bg.updateBar(bar)
  File "/home/linlin/cyvn/app/ctaStrategy/ctaTemplate.py", line 525, in updateBar
    self.onXminBar(self.xminBar)
  File "/home/linlin/cyvn/app/ctaStrategy/strategy/strategyHorizBreakout.py", line 124, in onMyBar
    am.updateBar(bar)
  File "/home/linlin/cyvn/app/ctaStrategy/ctaTemplate.py", line 559, in updateBar
    self.datetimeArray[0:self.size-1] = self.datetimeArray[1:self.size]
TypeError: 'range' object does not support item assignment

2018-07-30 13:59:52,423  INFO: CTA_STRATEGY	策略HorizBreakout触发异常已停止
Traceback (most recent call last):
  File "/home/linlin/cyvn/app/ctaStrategy/ctaEngine.py", line 576, in callStrategyFunc
    func()
  File "/home/linlin/cyvn/app/ctaStrategy/strategy/strategyHorizBreakout.py", line 88, in onInit
    self.onBar(bar)
  File "/home/linlin/cyvn/app/ctaStrategy/strategy/strategyHorizBreakout.py", line 112, in onBar
    self.bg.updateBar(bar)
  File "/home/linlin/cyvn/app/ctaStrategy/ctaTemplate.py", line 525, in updateBar
    self.onXminBar(self.xminBar)
  File "/home/linlin/cyvn/app/ctaStrategy/strategy/strategyHorizBreakout.py", line 124, in onMyBar
    am.updateBar(bar)
  File "/home/linlin/cyvn/app/ctaStrategy/ctaTemplate.py", line 559, in updateBar
    self.datetimeArray[0:self.size-1] = self.datetimeArray[1:self.size]
TypeError: 'range' object does not support item assignment

2018-07-30 14:00:24,241  INFO: 启动CTA策略运行子进程
2018-07-30 14:00:29,821  INFO: 事件引擎创建成功
2018-07-30 14:00:32,012  INFO: 主引擎创建成功
2018-07-30 14:00:32,012  INFO: 主引擎创建成功
2018-07-30 14:00:34,583  INFO: 注册日志事件监听
2018-07-30 14:00:34,583  INFO: 注册日志事件监听
2018-07-30 14:00:37,301  INFO: CTP	交易服务器连接成功
2018-07-30 14:00:37,301  INFO: CTP	交易服务器连接成功
2018-07-30 14:00:37,311  INFO: 连接CTP接口
2018-07-30 14:00:37,311  INFO: 连接CTP接口
2018-07-30 14:00:44,367  INFO: CTP	交易服务器连接成功
2018-07-30 14:00:44,367  INFO: CTP	交易服务器连接成功
2018-07-30 14:00:47,223  INFO: MAIN_ENGINE	MongoDB连接成功
2018-07-30 14:00:47,223  INFO: MAIN_ENGINE	MongoDB连接成功
2018-07-30 14:00:49,509  INFO: MAIN_ENGINE	MongoDB连接成功
2018-07-30 14:00:49,509  INFO: MAIN_ENGINE	MongoDB连接成功
2018-07-30 14:00:49,515  INFO: CTA策略载入成功
2018-07-30 14:00:49,515  INFO: CTA策略载入成功
2018-07-30 14:00:50,915  INFO: CTP	交易服务器登录完成
2018-07-30 14:00:50,915  INFO: CTP	交易服务器登录完成
2018-07-30 14:00:52,226  INFO: CTP	交易服务器登录完成
2018-07-30 14:00:52,226  INFO: CTP	交易服务器登录完成
2018-07-30 14:00:53,208  INFO: CTP	结算信息确认完成
2018-07-30 14:00:53,208  INFO: CTP	结算信息确认完成
2018-07-30 14:00:54,170  INFO: CTP	结算信息确认完成
2018-07-30 14:00:54,170  INFO: CTP	结算信息确认完成
2018-07-30 14:00:56,554  INFO: CTA策略初始化成功
2018-07-30 14:00:56,554  INFO: CTA策略初始化成功
2018-07-30 14:00:56,560  INFO: CTP	交易合约信息获取完成
2018-07-30 14:00:56,560  INFO: CTP	交易合约信息获取完成
2018-07-30 14:00:57,380  INFO: CTP	交易合约信息获取完成
2018-07-30 14:00:57,380  INFO: CTP	交易合约信息获取完成
2018-07-30 14:00:57,384  INFO: CTA策略启动成功
2018-07-30 14:00:57,384  INFO: CTA策略启动成功
2018-07-30 14:01:01,266  INFO: CTA_STRATEGY	找不到策略类：PonderDNCoreStrategy
2018-07-30 14:01:01,266  INFO: CTA_STRATEGY	找不到策略类：PonderDNCoreStrategy
2018-07-30 14:01:02,563  INFO: CTA_STRATEGY	找不到策略类：PonderDNCoreStrategy
2018-07-30 14:01:02,563  INFO: CTA_STRATEGY	找不到策略类：PonderDNCoreStrategy
2018-07-30 14:01:03,864  INFO: CTA_STRATEGY	HorizBreakout:HorizBreakout策略初始化
2018-07-30 14:01:03,864  INFO: CTA_STRATEGY	HorizBreakout:HorizBreakout策略初始化
2018-07-30 14:01:06,423  INFO: CTA_STRATEGY	HorizBreakout:HorizBreakout策略初始化
2018-07-30 14:01:06,423  INFO: CTA_STRATEGY	HorizBreakout:HorizBreakout策略初始化
2018-07-30 14:01:12,933  INFO: CTA_STRATEGY	策略HorizBreakout触发异常已停止
Traceback (most recent call last):
  File "/home/linlin/cyvn/app/ctaStrategy/ctaEngine.py", line 576, in callStrategyFunc
    func()
  File "/home/linlin/cyvn/app/ctaStrategy/strategy/strategyHorizBreakout.py", line 88, in onInit
    self.onBar(bar)
  File "/home/linlin/cyvn/app/ctaStrategy/strategy/strategyHorizBreakout.py", line 112, in onBar
    self.bg.updateBar(bar)
  File "/home/linlin/cyvn/app/ctaStrategy/ctaTemplate.py", line 525, in updateBar
    self.onXminBar(self.xminBar)
  File "/home/linlin/cyvn/app/ctaStrategy/strategy/strategyHorizBreakout.py", line 124, in onMyBar
    am.updateBar(bar)
  File "/home/linlin/cyvn/app/ctaStrategy/ctaTemplate.py", line 559, in updateBar
    self.datetimeArray[0:self.size-1] = self.datetimeArray[1:self.size]
TypeError: 'range' object does not support item assignment

2018-07-30 14:01:12,933  INFO: CTA_STRATEGY	策略HorizBreakout触发异常已停止
Traceback (most recent call last):
  File "/home/linlin/cyvn/app/ctaStrategy/ctaEngine.py", line 576, in callStrategyFunc
    func()
  File "/home/linlin/cyvn/app/ctaStrategy/strategy/strategyHorizBreakout.py", line 88, in onInit
    self.onBar(bar)
  File "/home/linlin/cyvn/app/ctaStrategy/strategy/strategyHorizBreakout.py", line 112, in onBar
    self.bg.updateBar(bar)
  File "/home/linlin/cyvn/app/ctaStrategy/ctaTemplate.py", line 525, in updateBar
    self.onXminBar(self.xminBar)
  File "/home/linlin/cyvn/app/ctaStrategy/strategy/strategyHorizBreakout.py", line 124, in onMyBar
    am.updateBar(bar)
  File "/home/linlin/cyvn/app/ctaStrategy/ctaTemplate.py", line 559, in updateBar
    self.datetimeArray[0:self.size-1] = self.datetimeArray[1:self.size]
TypeError: 'range' object does not support item assignment

2018-07-30 14:01:16,825  INFO: CTA_STRATEGY	策略HorizBreakout触发异常已停止
Traceback (most recent call last):
  File "/home/linlin/cyvn/app/ctaStrategy/ctaEngine.py", line 576, in callStrategyFunc
    func()
  File "/home/linlin/cyvn/app/ctaStrategy/strategy/strategyHorizBreakout.py", line 88, in onInit
    self.onBar(bar)
  File "/home/linlin/cyvn/app/ctaStrategy/strategy/strategyHorizBreakout.py", line 112, in onBar
    self.bg.updateBar(bar)
  File "/home/linlin/cyvn/app/ctaStrategy/ctaTemplate.py", line 525, in updateBar
    self.onXminBar(self.xminBar)
  File "/home/linlin/cyvn/app/ctaStrategy/strategy/strategyHorizBreakout.py", line 124, in onMyBar
    am.updateBar(bar)
  File "/home/linlin/cyvn/app/ctaStrategy/ctaTemplate.py", line 559, in updateBar
    self.datetimeArray[0:self.size-1] = self.datetimeArray[1:self.size]
TypeError: 'range' object does not support item assignment

2018-07-30 14:01:16,825  INFO: CTA_STRATEGY	策略HorizBreakout触发异常已停止
Traceback (most recent call last):
  File "/home/linlin/cyvn/app/ctaStrategy/ctaEngine.py", line 576, in callStrategyFunc
    func()
  File "/home/linlin/cyvn/app/ctaStrategy/strategy/strategyHorizBreakout.py", line 88, in onInit
    self.onBar(bar)
  File "/home/linlin/cyvn/app/ctaStrategy/strategy/strategyHorizBreakout.py", line 112, in onBar
    self.bg.updateBar(bar)
  File "/home/linlin/cyvn/app/ctaStrategy/ctaTemplate.py", line 525, in updateBar
    self.onXminBar(self.xminBar)
  File "/home/linlin/cyvn/app/ctaStrategy/strategy/strategyHorizBreakout.py", line 124, in onMyBar
    am.updateBar(bar)
  File "/home/linlin/cyvn/app/ctaStrategy/ctaTemplate.py", line 559, in updateBar
    self.datetimeArray[0:self.size-1] = self.datetimeArray[1:self.size]
TypeError: 'range' object does not support item assignment

2018-07-30 14:01:17,939  INFO: CTA_STRATEGY	AvgBreak:AvgBreak策略初始化
2018-07-30 14:01:17,939  INFO: CTA_STRATEGY	AvgBreak:AvgBreak策略初始化
2018-07-30 14:01:19,115  INFO: CTA_STRATEGY	AvgBreak:AvgBreak策略初始化
2018-07-30 14:01:19,115  INFO: CTA_STRATEGY	AvgBreak:AvgBreak策略初始化
2018-07-30 14:01:20,987  INFO: CTA_STRATEGY	策略AvgBreak触发异常已停止
Traceback (most recent call last):
  File "/home/linlin/cyvn/app/ctaStrategy/ctaEngine.py", line 576, in callStrategyFunc
    func()
  File "/home/linlin/cyvn/app/ctaStrategy/strategy/strategyAvgBreak.py", line 86, in onInit
    self.onMyBar(bar)
  File "/home/linlin/cyvn/app/ctaStrategy/strategy/strategyAvgBreak.py", line 157, in onMyBar
    am.updateBar(bar)
  File "/home/linlin/cyvn/app/ctaStrategy/ctaTemplate.py", line 559, in updateBar
    self.datetimeArray[0:self.size-1] = self.datetimeArray[1:self.size]
TypeError: 'range' object does not support item assignment

2018-07-30 14:01:20,987  INFO: CTA_STRATEGY	策略AvgBreak触发异常已停止
Traceback (most recent call last):
  File "/home/linlin/cyvn/app/ctaStrategy/ctaEngine.py", line 576, in callStrategyFunc
    func()
  File "/home/linlin/cyvn/app/ctaStrategy/strategy/strategyAvgBreak.py", line 86, in onInit
    self.onMyBar(bar)
  File "/home/linlin/cyvn/app/ctaStrategy/strategy/strategyAvgBreak.py", line 157, in onMyBar
    am.updateBar(bar)
  File "/home/linlin/cyvn/app/ctaStrategy/ctaTemplate.py", line 559, in updateBar
    self.datetimeArray[0:self.size-1] = self.datetimeArray[1:self.size]
TypeError: 'range' object does not support item assignment

2018-07-30 14:01:21,973  INFO: CTA_STRATEGY	策略AvgBreak触发异常已停止
Traceback (most recent call last):
  File "/home/linlin/cyvn/app/ctaStrategy/ctaEngine.py", line 576, in callStrategyFunc
    func()
  File "/home/linlin/cyvn/app/ctaStrategy/strategy/strategyAvgBreak.py", line 86, in onInit
    self.onMyBar(bar)
  File "/home/linlin/cyvn/app/ctaStrategy/strategy/strategyAvgBreak.py", line 157, in onMyBar
    am.updateBar(bar)
  File "/home/linlin/cyvn/app/ctaStrategy/ctaTemplate.py", line 559, in updateBar
    self.datetimeArray[0:self.size-1] = self.datetimeArray[1:self.size]
TypeError: 'range' object does not support item assignment

2018-07-30 14:01:21,973  INFO: CTA_STRATEGY	策略AvgBreak触发异常已停止
Traceback (most recent call last):
  File "/home/linlin/cyvn/app/ctaStrategy/ctaEngine.py", line 576, in callStrategyFunc
    func()
  File "/home/linlin/cyvn/app/ctaStrategy/strategy/strategyAvgBreak.py", line 86, in onInit
    self.onMyBar(bar)
  File "/home/linlin/cyvn/app/ctaStrategy/strategy/strategyAvgBreak.py", line 157, in onMyBar
    am.updateBar(bar)
  File "/home/linlin/cyvn/app/ctaStrategy/ctaTemplate.py", line 559, in updateBar
    self.datetimeArray[0:self.size-1] = self.datetimeArray[1:self.size]
TypeError: 'range' object does not support item assignment

2018-07-30 14:01:50,986  INFO: 启动CTA策略运行子进程
2018-07-30 14:02:05,624  INFO: 事件引擎创建成功
2018-07-30 14:02:07,234  INFO: 主引擎创建成功
2018-07-30 14:02:07,234  INFO: 主引擎创建成功
2018-07-30 14:02:08,390  INFO: 注册日志事件监听
2018-07-30 14:02:08,390  INFO: 注册日志事件监听
2018-07-30 14:02:19,206  INFO: CTP	交易服务器连接成功
2018-07-30 14:02:19,206  INFO: CTP	交易服务器连接成功
2018-07-30 14:02:19,207  INFO: 连接CTP接口
2018-07-30 14:02:19,207  INFO: 连接CTP接口
2018-07-30 14:02:20,415  INFO: CTP	交易服务器连接成功
2018-07-30 14:02:20,415  INFO: CTP	交易服务器连接成功
2018-07-30 14:02:21,252  INFO: CTP	交易服务器登录完成
2018-07-30 14:02:21,252  INFO: CTP	交易服务器登录完成
2018-07-30 14:02:30,340  INFO: CTA策略载入成功
2018-07-30 14:02:30,340  INFO: CTA策略载入成功
2018-07-30 14:02:30,345  INFO: CTP	交易服务器登录完成
2018-07-30 14:02:30,345  INFO: CTP	交易服务器登录完成
2018-07-30 14:02:33,869  INFO: CTP	结算信息确认完成
2018-07-30 14:02:33,869  INFO: CTP	结算信息确认完成
2018-07-30 14:02:35,927  INFO: CTA策略初始化成功
2018-07-30 14:02:35,927  INFO: CTA策略初始化成功
2018-07-30 14:02:35,929  INFO: CTP	结算信息确认完成
2018-07-30 14:02:35,929  INFO: CTP	结算信息确认完成
2018-07-30 14:02:41,311  INFO: CTP	交易合约信息获取完成
2018-07-30 14:02:41,311  INFO: CTP	交易合约信息获取完成
2018-07-30 14:02:41,318  INFO: CTA策略启动成功
2018-07-30 14:02:41,318  INFO: CTA策略启动成功
2018-07-30 14:02:44,073  INFO: CTP	交易合约信息获取完成
2018-07-30 14:02:44,073  INFO: CTP	交易合约信息获取完成
2018-07-30 14:02:44,753  INFO: MAIN_ENGINE	MongoDB连接成功
2018-07-30 14:02:44,753  INFO: MAIN_ENGINE	MongoDB连接成功
2018-07-30 14:02:50,750  INFO: MAIN_ENGINE	MongoDB连接成功
2018-07-30 14:02:50,750  INFO: MAIN_ENGINE	MongoDB连接成功
2018-07-30 14:02:53,273  INFO: CTA_STRATEGY	找不到策略类：PonderDNCoreStrategy
2018-07-30 14:02:53,273  INFO: CTA_STRATEGY	找不到策略类：PonderDNCoreStrategy
2018-07-30 14:02:55,025  INFO: CTA_STRATEGY	找不到策略类：PonderDNCoreStrategy
2018-07-30 14:02:55,025  INFO: CTA_STRATEGY	找不到策略类：PonderDNCoreStrategy
2018-07-30 14:02:57,273  INFO: CTA_STRATEGY	HorizBreakout:HorizBreakout策略初始化
2018-07-30 14:02:57,273  INFO: CTA_STRATEGY	HorizBreakout:HorizBreakout策略初始化
2018-07-30 14:02:59,329  INFO: CTA_STRATEGY	HorizBreakout:HorizBreakout策略初始化
2018-07-30 14:02:59,329  INFO: CTA_STRATEGY	HorizBreakout:HorizBreakout策略初始化
2018-07-30 14:03:00,792  INFO: CTA_STRATEGY	策略HorizBreakout触发异常已停止
Traceback (most recent call last):
  File "/home/linlin/cyvn/app/ctaStrategy/ctaEngine.py", line 576, in callStrategyFunc
    func()
  File "/home/linlin/cyvn/app/ctaStrategy/strategy/strategyHorizBreakout.py", line 88, in onInit
    self.onBar(bar)
  File "/home/linlin/cyvn/app/ctaStrategy/strategy/strategyHorizBreakout.py", line 112, in onBar
    self.bg.updateBar(bar)
  File "/home/linlin/cyvn/app/ctaStrategy/ctaTemplate.py", line 525, in updateBar
    self.onXminBar(self.xminBar)
  File "/home/linlin/cyvn/app/ctaStrategy/strategy/strategyHorizBreakout.py", line 124, in onMyBar
    am.updateBar(bar)
  File "/home/linlin/cyvn/app/ctaStrategy/ctaTemplate.py", line 559, in updateBar
    self.datetimeArray[0:self.size-1] = self.datetimeArray[1:self.size]
TypeError: 'range' object does not support item assignment

2018-07-30 14:03:00,792  INFO: CTA_STRATEGY	策略HorizBreakout触发异常已停止
Traceback (most recent call last):
  File "/home/linlin/cyvn/app/ctaStrategy/ctaEngine.py", line 576, in callStrategyFunc
    func()
  File "/home/linlin/cyvn/app/ctaStrategy/strategy/strategyHorizBreakout.py", line 88, in onInit
    self.onBar(bar)
  File "/home/linlin/cyvn/app/ctaStrategy/strategy/strategyHorizBreakout.py", line 112, in onBar
    self.bg.updateBar(bar)
  File "/home/linlin/cyvn/app/ctaStrategy/ctaTemplate.py", line 525, in updateBar
    self.onXminBar(self.xminBar)
  File "/home/linlin/cyvn/app/ctaStrategy/strategy/strategyHorizBreakout.py", line 124, in onMyBar
    am.updateBar(bar)
  File "/home/linlin/cyvn/app/ctaStrategy/ctaTemplate.py", line 559, in updateBar
    self.datetimeArray[0:self.size-1] = self.datetimeArray[1:self.size]
TypeError: 'range' object does not support item assignment

2018-07-30 14:08:52,625  INFO: 启动CTA策略运行子进程
2018-07-30 14:08:52,626  INFO: 事件引擎创建成功
2018-07-30 14:08:52,628  INFO: 主引擎创建成功
2018-07-30 14:08:52,628  INFO: 主引擎创建成功
2018-07-30 14:08:52,629  INFO: 注册日志事件监听
2018-07-30 14:08:52,629  INFO: 注册日志事件监听
2018-07-30 14:08:52,642  INFO: CTP	交易服务器连接成功
2018-07-30 14:08:52,642  INFO: CTP	交易服务器连接成功
2018-07-30 14:08:52,643  INFO: CTP	交易服务器连接成功
2018-07-30 14:08:52,643  INFO: CTP	交易服务器连接成功
2018-07-30 14:08:52,755  INFO: CTP	交易服务器登录完成
2018-07-30 14:08:52,755  INFO: CTP	交易服务器登录完成
2018-07-30 14:08:52,755  INFO: CTP	交易服务器登录完成
2018-07-30 14:08:52,755  INFO: CTP	交易服务器登录完成
2018-07-30 14:08:52,997  INFO: CTP	结算信息确认完成
2018-07-30 14:08:52,997  INFO: CTP	结算信息确认完成
2018-07-30 14:08:52,998  INFO: CTP	结算信息确认完成
2018-07-30 14:08:52,998  INFO: CTP	结算信息确认完成
2018-07-30 14:08:53,470  INFO: CTP	交易合约信息获取完成
2018-07-30 14:08:53,470  INFO: CTP	交易合约信息获取完成
2018-07-30 14:08:53,471  INFO: CTP	交易合约信息获取完成
2018-07-30 14:08:53,471  INFO: CTP	交易合约信息获取完成
2018-07-30 14:08:54,926  INFO: 连接CTP接口
2018-07-30 14:08:54,926  INFO: 连接CTP接口
2018-07-30 14:08:54,926  INFO: MAIN_ENGINE	MongoDB连接成功
2018-07-30 14:08:54,926  INFO: MAIN_ENGINE	MongoDB连接成功
2018-07-30 14:08:54,928  INFO: MAIN_ENGINE	MongoDB连接成功
2018-07-30 14:08:54,928  INFO: MAIN_ENGINE	MongoDB连接成功
2018-07-30 14:09:04,977  INFO: CTA策略载入成功
2018-07-30 14:09:04,977  INFO: CTA策略载入成功
2018-07-30 14:09:04,977  INFO: CTA_STRATEGY	找不到策略类：PonderDNCoreStrategy
2018-07-30 14:09:04,977  INFO: CTA_STRATEGY	找不到策略类：PonderDNCoreStrategy
2018-07-30 14:09:04,984  INFO: CTA_STRATEGY	找不到策略类：PonderDNCoreStrategy
2018-07-30 14:09:04,984  INFO: CTA_STRATEGY	找不到策略类：PonderDNCoreStrategy
2018-07-30 14:09:04,984  INFO: CTA_STRATEGY	HorizBreakout:HorizBreakout策略初始化
2018-07-30 14:09:04,984  INFO: CTA_STRATEGY	HorizBreakout:HorizBreakout策略初始化
2018-07-30 14:09:04,985  INFO: CTA_STRATEGY	HorizBreakout:HorizBreakout策略初始化
2018-07-30 14:09:04,985  INFO: CTA_STRATEGY	HorizBreakout:HorizBreakout策略初始化
2018-07-30 14:09:07,662  INFO: CTA_STRATEGY	策略HorizBreakout触发异常已停止
Traceback (most recent call last):
  File "/home/linlin/cyvn/app/ctaStrategy/ctaEngine.py", line 576, in callStrategyFunc
    func()
  File "/home/linlin/cyvn/app/ctaStrategy/strategy/strategyHorizBreakout.py", line 88, in onInit
    self.onBar(bar)
  File "/home/linlin/cyvn/app/ctaStrategy/strategy/strategyHorizBreakout.py", line 112, in onBar
    self.bg.updateBar(bar)
  File "/home/linlin/cyvn/app/ctaStrategy/ctaTemplate.py", line 525, in updateBar
    self.onXminBar(self.xminBar)
  File "/home/linlin/cyvn/app/ctaStrategy/strategy/strategyHorizBreakout.py", line 124, in onMyBar
    am.updateBar(bar)
  File "/home/linlin/cyvn/app/ctaStrategy/ctaTemplate.py", line 559, in updateBar
    self.datetimeArray[0:self.size-1] = self.datetimeArray[1:self.size]
TypeError: 'range' object does not support item assignment

2018-07-30 14:09:07,662  INFO: CTA_STRATEGY	策略HorizBreakout触发异常已停止
Traceback (most recent call last):
  File "/home/linlin/cyvn/app/ctaStrategy/ctaEngine.py", line 576, in callStrategyFunc
    func()
  File "/home/linlin/cyvn/app/ctaStrategy/strategy/strategyHorizBreakout.py", line 88, in onInit
    self.onBar(bar)
  File "/home/linlin/cyvn/app/ctaStrategy/strategy/strategyHorizBreakout.py", line 112, in onBar
    self.bg.updateBar(bar)
  File "/home/linlin/cyvn/app/ctaStrategy/ctaTemplate.py", line 525, in updateBar
    self.onXminBar(self.xminBar)
  File "/home/linlin/cyvn/app/ctaStrategy/strategy/strategyHorizBreakout.py", line 124, in onMyBar
    am.updateBar(bar)
  File "/home/linlin/cyvn/app/ctaStrategy/ctaTemplate.py", line 559, in updateBar
    self.datetimeArray[0:self.size-1] = self.datetimeArray[1:self.size]
TypeError: 'range' object does not support item assignment

2018-07-30 14:09:07,663  INFO: CTA_STRATEGY	策略HorizBreakout触发异常已停止
Traceback (most recent call last):
  File "/home/linlin/cyvn/app/ctaStrategy/ctaEngine.py", line 576, in callStrategyFunc
    func()
  File "/home/linlin/cyvn/app/ctaStrategy/strategy/strategyHorizBreakout.py", line 88, in onInit
    self.onBar(bar)
  File "/home/linlin/cyvn/app/ctaStrategy/strategy/strategyHorizBreakout.py", line 112, in onBar
    self.bg.updateBar(bar)
  File "/home/linlin/cyvn/app/ctaStrategy/ctaTemplate.py", line 525, in updateBar
    self.onXminBar(self.xminBar)
  File "/home/linlin/cyvn/app/ctaStrategy/strategy/strategyHorizBreakout.py", line 124, in onMyBar
    am.updateBar(bar)
  File "/home/linlin/cyvn/app/ctaStrategy/ctaTemplate.py", line 559, in updateBar
    self.datetimeArray[0:self.size-1] = self.datetimeArray[1:self.size]
TypeError: 'range' object does not support item assignment

2018-07-30 14:09:07,663  INFO: CTA_STRATEGY	策略HorizBreakout触发异常已停止
Traceback (most recent call last):
  File "/home/linlin/cyvn/app/ctaStrategy/ctaEngine.py", line 576, in callStrategyFunc
    func()
  File "/home/linlin/cyvn/app/ctaStrategy/strategy/strategyHorizBreakout.py", line 88, in onInit
    self.onBar(bar)
  File "/home/linlin/cyvn/app/ctaStrategy/strategy/strategyHorizBreakout.py", line 112, in onBar
    self.bg.updateBar(bar)
  File "/home/linlin/cyvn/app/ctaStrategy/ctaTemplate.py", line 525, in updateBar
    self.onXminBar(self.xminBar)
  File "/home/linlin/cyvn/app/ctaStrategy/strategy/strategyHorizBreakout.py", line 124, in onMyBar
    am.updateBar(bar)
  File "/home/linlin/cyvn/app/ctaStrategy/ctaTemplate.py", line 559, in updateBar
    self.datetimeArray[0:self.size-1] = self.datetimeArray[1:self.size]
TypeError: 'range' object does not support item assignment

2018-07-30 14:09:07,950  INFO: CTA_STRATEGY	AvgBreak:AvgBreak策略初始化
2018-07-30 14:09:07,950  INFO: CTA_STRATEGY	AvgBreak:AvgBreak策略初始化
2018-07-30 14:09:07,951  INFO: CTA_STRATEGY	AvgBreak:AvgBreak策略初始化
2018-07-30 14:09:07,951  INFO: CTA_STRATEGY	AvgBreak:AvgBreak策略初始化
2018-07-30 14:09:08,529  INFO: CTA_STRATEGY	策略AvgBreak触发异常已停止
Traceback (most recent call last):
  File "/home/linlin/cyvn/app/ctaStrategy/ctaEngine.py", line 576, in callStrategyFunc
    func()
  File "/home/linlin/cyvn/app/ctaStrategy/strategy/strategyAvgBreak.py", line 86, in onInit
    self.onMyBar(bar)
  File "/home/linlin/cyvn/app/ctaStrategy/strategy/strategyAvgBreak.py", line 157, in onMyBar
    am.updateBar(bar)
  File "/home/linlin/cyvn/app/ctaStrategy/ctaTemplate.py", line 559, in updateBar
    self.datetimeArray[0:self.size-1] = self.datetimeArray[1:self.size]
TypeError: 'range' object does not support item assignment

2018-07-30 14:09:08,529  INFO: CTA_STRATEGY	策略AvgBreak触发异常已停止
Traceback (most recent call last):
  File "/home/linlin/cyvn/app/ctaStrategy/ctaEngine.py", line 576, in callStrategyFunc
    func()
  File "/home/linlin/cyvn/app/ctaStrategy/strategy/strategyAvgBreak.py", line 86, in onInit
    self.onMyBar(bar)
  File "/home/linlin/cyvn/app/ctaStrategy/strategy/strategyAvgBreak.py", line 157, in onMyBar
    am.updateBar(bar)
  File "/home/linlin/cyvn/app/ctaStrategy/ctaTemplate.py", line 559, in updateBar
    self.datetimeArray[0:self.size-1] = self.datetimeArray[1:self.size]
TypeError: 'range' object does not support item assignment

2018-07-30 14:09:08,530  INFO: CTA_STRATEGY	策略AvgBreak触发异常已停止
Traceback (most recent call last):
  File "/home/linlin/cyvn/app/ctaStrategy/ctaEngine.py", line 576, in callStrategyFunc
    func()
  File "/home/linlin/cyvn/app/ctaStrategy/strategy/strategyAvgBreak.py", line 86, in onInit
    self.onMyBar(bar)
  File "/home/linlin/cyvn/app/ctaStrategy/strategy/strategyAvgBreak.py", line 157, in onMyBar
    am.updateBar(bar)
  File "/home/linlin/cyvn/app/ctaStrategy/ctaTemplate.py", line 559, in updateBar
    self.datetimeArray[0:self.size-1] = self.datetimeArray[1:self.size]
TypeError: 'range' object does not support item assignment

2018-07-30 14:09:08,530  INFO: CTA_STRATEGY	策略AvgBreak触发异常已停止
Traceback (most recent call last):
  File "/home/linlin/cyvn/app/ctaStrategy/ctaEngine.py", line 576, in callStrategyFunc
    func()
  File "/home/linlin/cyvn/app/ctaStrategy/strategy/strategyAvgBreak.py", line 86, in onInit
    self.onMyBar(bar)
  File "/home/linlin/cyvn/app/ctaStrategy/strategy/strategyAvgBreak.py", line 157, in onMyBar
    am.updateBar(bar)
  File "/home/linlin/cyvn/app/ctaStrategy/ctaTemplate.py", line 559, in updateBar
    self.datetimeArray[0:self.size-1] = self.datetimeArray[1:self.size]
TypeError: 'range' object does not support item assignment

2018-07-30 14:09:08,814  INFO: CTA策略初始化成功
2018-07-30 14:09:08,814  INFO: CTA策略初始化成功
2018-07-30 14:09:08,815  INFO: CTA策略启动成功
2018-07-30 14:09:08,815  INFO: CTA策略启动成功
2018-07-30 15:50:33,698  INFO: 启动CTA策略运行子进程
2018-07-30 15:50:33,707  INFO: 事件引擎创建成功
2018-07-30 15:50:33,710  INFO: 主引擎创建成功
2018-07-30 15:50:33,710  INFO: 主引擎创建成功
2018-07-30 15:50:33,710  INFO: 注册日志事件监听
2018-07-30 15:50:33,710  INFO: 注册日志事件监听
2018-07-30 15:50:33,747  INFO: CTP	交易服务器连接成功
2018-07-30 15:50:33,747  INFO: CTP	交易服务器连接成功
2018-07-30 15:50:33,748  INFO: CTP	交易服务器连接成功
2018-07-30 15:50:33,748  INFO: CTP	交易服务器连接成功
2018-07-30 15:50:33,784  INFO: CTP	交易服务器登录完成
2018-07-30 15:50:33,784  INFO: CTP	交易服务器登录完成
2018-07-30 15:50:33,784  INFO: CTP	交易服务器登录完成
2018-07-30 15:50:33,784  INFO: CTP	交易服务器登录完成
2018-07-30 15:50:33,849  INFO: CTP	结算信息确认完成
2018-07-30 15:50:33,849  INFO: CTP	结算信息确认完成
2018-07-30 15:50:33,850  INFO: CTP	结算信息确认完成
2018-07-30 15:50:33,850  INFO: CTP	结算信息确认完成
2018-07-30 15:50:34,177  INFO: CTP	交易合约信息获取完成
2018-07-30 15:50:34,177  INFO: CTP	交易合约信息获取完成
2018-07-30 15:50:34,177  INFO: CTP	交易合约信息获取完成
2018-07-30 15:50:34,177  INFO: CTP	交易合约信息获取完成
2018-07-30 15:50:35,949  INFO: 连接CTP接口
2018-07-30 15:50:35,949  INFO: 连接CTP接口
2018-07-30 15:50:35,949  INFO: MAIN_ENGINE	MongoDB连接成功
2018-07-30 15:50:35,949  INFO: MAIN_ENGINE	MongoDB连接成功
2018-07-30 15:50:35,950  INFO: MAIN_ENGINE	MongoDB连接成功
2018-07-30 15:50:35,950  INFO: MAIN_ENGINE	MongoDB连接成功
2018-07-30 15:50:46,009  INFO: CTA策略载入成功
2018-07-30 15:50:46,009  INFO: CTA_STRATEGY	找不到策略类：PonderDNCoreStrategy
2018-07-30 15:50:46,009  INFO: CTA策略载入成功
2018-07-30 15:50:46,009  INFO: CTA_STRATEGY	找不到策略类：PonderDNCoreStrategy
2018-07-30 15:50:46,011  INFO: CTA_STRATEGY	找不到策略类：PonderDNCoreStrategy
2018-07-30 15:50:46,011  INFO: CTA_STRATEGY	找不到策略类：PonderDNCoreStrategy
2018-07-30 15:50:46,012  INFO: CTA_STRATEGY	AvgBreak:AvgBreak策略初始化
2018-07-30 15:50:46,012  INFO: CTA_STRATEGY	AvgBreak:AvgBreak策略初始化
2018-07-30 15:50:46,012  INFO: CTA_STRATEGY	AvgBreak:AvgBreak策略初始化
2018-07-30 15:50:46,012  INFO: CTA_STRATEGY	AvgBreak:AvgBreak策略初始化
2018-07-30 15:50:46,888  INFO: CTA_STRATEGY	策略AvgBreak触发异常已停止
Traceback (most recent call last):
  File "/home/linlin/cyvn/app/ctaStrategy/ctaEngine.py", line 576, in callStrategyFunc
    func()
  File "/home/linlin/cyvn/app/ctaStrategy/strategy/strategyAvgBreak.py", line 86, in onInit
    self.onMyBar(bar)
  File "/home/linlin/cyvn/app/ctaStrategy/strategy/strategyAvgBreak.py", line 157, in onMyBar
    am.updateBar(bar)
  File "/home/linlin/cyvn/app/ctaStrategy/ctaTemplate.py", line 559, in updateBar
    self.datetimeArray[0:self.size-1] = self.datetimeArray[1:self.size]
TypeError: 'range' object does not support item assignment

2018-07-30 15:50:46,888  INFO: CTA_STRATEGY	策略AvgBreak触发异常已停止
Traceback (most recent call last):
  File "/home/linlin/cyvn/app/ctaStrategy/ctaEngine.py", line 576, in callStrategyFunc
    func()
  File "/home/linlin/cyvn/app/ctaStrategy/strategy/strategyAvgBreak.py", line 86, in onInit
    self.onMyBar(bar)
  File "/home/linlin/cyvn/app/ctaStrategy/strategy/strategyAvgBreak.py", line 157, in onMyBar
    am.updateBar(bar)
  File "/home/linlin/cyvn/app/ctaStrategy/ctaTemplate.py", line 559, in updateBar
    self.datetimeArray[0:self.size-1] = self.datetimeArray[1:self.size]
TypeError: 'range' object does not support item assignment

2018-07-30 15:50:46,889  INFO: CTA_STRATEGY	策略AvgBreak触发异常已停止
Traceback (most recent call last):
  File "/home/linlin/cyvn/app/ctaStrategy/ctaEngine.py", line 576, in callStrategyFunc
    func()
  File "/home/linlin/cyvn/app/ctaStrategy/strategy/strategyAvgBreak.py", line 86, in onInit
    self.onMyBar(bar)
  File "/home/linlin/cyvn/app/ctaStrategy/strategy/strategyAvgBreak.py", line 157, in onMyBar
    am.updateBar(bar)
  File "/home/linlin/cyvn/app/ctaStrategy/ctaTemplate.py", line 559, in updateBar
    self.datetimeArray[0:self.size-1] = self.datetimeArray[1:self.size]
TypeError: 'range' object does not support item assignment

2018-07-30 15:50:46,889  INFO: CTA_STRATEGY	策略AvgBreak触发异常已停止
Traceback (most recent call last):
  File "/home/linlin/cyvn/app/ctaStrategy/ctaEngine.py", line 576, in callStrategyFunc
    func()
  File "/home/linlin/cyvn/app/ctaStrategy/strategy/strategyAvgBreak.py", line 86, in onInit
    self.onMyBar(bar)
  File "/home/linlin/cyvn/app/ctaStrategy/strategy/strategyAvgBreak.py", line 157, in onMyBar
    am.updateBar(bar)
  File "/home/linlin/cyvn/app/ctaStrategy/ctaTemplate.py", line 559, in updateBar
    self.datetimeArray[0:self.size-1] = self.datetimeArray[1:self.size]
TypeError: 'range' object does not support item assignment

2018-07-30 15:50:47,166  INFO: CTA_STRATEGY	HorizBreakout:HorizBreakout策略初始化
2018-07-30 15:50:47,166  INFO: CTA_STRATEGY	HorizBreakout:HorizBreakout策略初始化
2018-07-30 15:50:47,166  INFO: CTA_STRATEGY	HorizBreakout:HorizBreakout策略初始化
2018-07-30 15:50:47,166  INFO: CTA_STRATEGY	HorizBreakout:HorizBreakout策略初始化
2018-07-30 15:50:49,430  INFO: CTA_STRATEGY	策略HorizBreakout触发异常已停止
Traceback (most recent call last):
  File "/home/linlin/cyvn/app/ctaStrategy/ctaEngine.py", line 576, in callStrategyFunc
    func()
  File "/home/linlin/cyvn/app/ctaStrategy/strategy/strategyHorizBreakout.py", line 88, in onInit
    self.onBar(bar)
  File "/home/linlin/cyvn/app/ctaStrategy/strategy/strategyHorizBreakout.py", line 112, in onBar
    self.bg.updateBar(bar)
  File "/home/linlin/cyvn/app/ctaStrategy/ctaTemplate.py", line 525, in updateBar
    self.onXminBar(self.xminBar)
  File "/home/linlin/cyvn/app/ctaStrategy/strategy/strategyHorizBreakout.py", line 124, in onMyBar
    am.updateBar(bar)
  File "/home/linlin/cyvn/app/ctaStrategy/ctaTemplate.py", line 559, in updateBar
    self.datetimeArray[0:self.size-1] = self.datetimeArray[1:self.size]
TypeError: 'range' object does not support item assignment

2018-07-30 15:50:49,430  INFO: CTA_STRATEGY	策略HorizBreakout触发异常已停止
Traceback (most recent call last):
  File "/home/linlin/cyvn/app/ctaStrategy/ctaEngine.py", line 576, in callStrategyFunc
    func()
  File "/home/linlin/cyvn/app/ctaStrategy/strategy/strategyHorizBreakout.py", line 88, in onInit
    self.onBar(bar)
  File "/home/linlin/cyvn/app/ctaStrategy/strategy/strategyHorizBreakout.py", line 112, in onBar
    self.bg.updateBar(bar)
  File "/home/linlin/cyvn/app/ctaStrategy/ctaTemplate.py", line 525, in updateBar
    self.onXminBar(self.xminBar)
  File "/home/linlin/cyvn/app/ctaStrategy/strategy/strategyHorizBreakout.py", line 124, in onMyBar
    am.updateBar(bar)
  File "/home/linlin/cyvn/app/ctaStrategy/ctaTemplate.py", line 559, in updateBar
    self.datetimeArray[0:self.size-1] = self.datetimeArray[1:self.size]
TypeError: 'range' object does not support item assignment

2018-07-30 15:50:49,432  INFO: CTA_STRATEGY	策略HorizBreakout触发异常已停止
Traceback (most recent call last):
  File "/home/linlin/cyvn/app/ctaStrategy/ctaEngine.py", line 576, in callStrategyFunc
    func()
  File "/home/linlin/cyvn/app/ctaStrategy/strategy/strategyHorizBreakout.py", line 88, in onInit
    self.onBar(bar)
  File "/home/linlin/cyvn/app/ctaStrategy/strategy/strategyHorizBreakout.py", line 112, in onBar
    self.bg.updateBar(bar)
  File "/home/linlin/cyvn/app/ctaStrategy/ctaTemplate.py", line 525, in updateBar
    self.onXminBar(self.xminBar)
  File "/home/linlin/cyvn/app/ctaStrategy/strategy/strategyHorizBreakout.py", line 124, in onMyBar
    am.updateBar(bar)
  File "/home/linlin/cyvn/app/ctaStrategy/ctaTemplate.py", line 559, in updateBar
    self.datetimeArray[0:self.size-1] = self.datetimeArray[1:self.size]
TypeError: 'range' object does not support item assignment

2018-07-30 15:50:49,432  INFO: CTA_STRATEGY	策略HorizBreakout触发异常已停止
Traceback (most recent call last):
  File "/home/linlin/cyvn/app/ctaStrategy/ctaEngine.py", line 576, in callStrategyFunc
    func()
  File "/home/linlin/cyvn/app/ctaStrategy/strategy/strategyHorizBreakout.py", line 88, in onInit
    self.onBar(bar)
  File "/home/linlin/cyvn/app/ctaStrategy/strategy/strategyHorizBreakout.py", line 112, in onBar
    self.bg.updateBar(bar)
  File "/home/linlin/cyvn/app/ctaStrategy/ctaTemplate.py", line 525, in updateBar
    self.onXminBar(self.xminBar)
  File "/home/linlin/cyvn/app/ctaStrategy/strategy/strategyHorizBreakout.py", line 124, in onMyBar
    am.updateBar(bar)
  File "/home/linlin/cyvn/app/ctaStrategy/ctaTemplate.py", line 559, in updateBar
    self.datetimeArray[0:self.size-1] = self.datetimeArray[1:self.size]
TypeError: 'range' object does not support item assignment

2018-07-30 15:50:49,708  INFO: CTA策略初始化成功
2018-07-30 15:50:49,708  INFO: CTA策略初始化成功
2018-07-30 15:50:49,709  INFO: CTA策略启动成功
2018-07-30 15:50:49,709  INFO: CTA策略启动成功
2018-07-30 16:15:04,632  INFO: 启动CTA策略运行子进程
2018-07-30 16:15:04,633  INFO: 事件引擎创建成功
2018-07-30 16:15:04,635  INFO: 主引擎创建成功
2018-07-30 16:15:04,635  INFO: 注册日志事件监听
2018-07-30 16:15:04,685  INFO: CTP	交易服务器连接成功
2018-07-30 16:15:04,732  INFO: CTP	交易服务器登录完成
2018-07-30 16:15:04,858  INFO: CTP	结算信息确认完成
2018-07-30 16:15:05,356  INFO: CTP	交易合约信息获取完成
2018-07-30 16:15:06,910  INFO: 连接CTP接口
2018-07-30 16:15:06,911  INFO: MAIN_ENGINE	MongoDB连接成功
2018-07-30 16:15:16,937  INFO: CTA_STRATEGY	找不到策略类：PonderDNCoreStrategy
2018-07-30 16:15:16,937  INFO: CTA策略载入成功
2018-07-30 16:15:16,939  INFO: CTA_STRATEGY	AvgBreak:AvgBreak策略初始化
2018-07-30 17:12:46,329  INFO: 启动CTA策略运行子进程
2018-07-30 17:12:46,346  INFO: 事件引擎创建成功
2018-07-30 17:12:46,337  INFO: 启动CTA策略运行子进程
2018-07-30 17:12:46,346  INFO: 事件引擎创建成功
2018-07-30 17:12:46,367  INFO: 主引擎创建成功
2018-07-30 17:12:46,367  INFO: 注册日志事件监听
2018-07-30 17:12:46,368  INFO: 主引擎创建成功
2018-07-30 17:12:46,368  INFO: 注册日志事件监听
2018-07-30 17:12:46,436  INFO: CTP	交易服务器连接成功
2018-07-30 17:12:46,437  INFO: CTP	交易服务器连接成功
2018-07-30 17:12:46,476  INFO: CTP	交易服务器登录完成
2018-07-30 17:12:46,477  INFO: CTP	交易服务器登录完成
2018-07-30 17:12:46,604  INFO: CTP	结算信息确认完成
2018-07-30 17:12:46,898  INFO: CTP	交易合约信息获取完成
2018-07-30 17:12:48,706  INFO: 连接CTP接口
2018-07-30 17:12:48,706  INFO: MAIN_ENGINE	MongoDB连接成功
2018-07-30 17:12:48,717  INFO: 连接CTP接口
2018-07-30 17:12:48,718  INFO: MAIN_ENGINE	MongoDB连接成功
2018-07-30 17:12:49,731  INFO: CTP	结算信息确认完成
2018-07-30 17:12:58,961  INFO: 启动CTA策略运行子进程
2018-07-30 17:12:58,961  INFO: 事件引擎创建成功
2018-07-30 17:12:58,963  INFO: 主引擎创建成功
2018-07-30 17:12:58,964  INFO: 注册日志事件监听
2018-07-30 17:12:59,018  INFO: CTP	交易服务器连接成功
2018-07-30 17:12:59,225  INFO: CTP	交易服务器登录完成
2018-07-30 17:13:00,331  INFO: CTP	结算信息确认完成
2018-07-30 17:13:01,218  INFO: 连接CTP接口
2018-07-30 17:13:01,218  INFO: MAIN_ENGINE	MongoDB连接成功
2018-07-30 17:13:01,503  INFO: CTP	交易合约信息获取完成
2018-07-30 17:13:11,268  INFO: CTA策略载入成功
2018-07-30 17:13:11,269  INFO: CTA_STRATEGY	找不到策略类：PonderDNCoreStrategy
2018-07-30 17:13:11,271  INFO: CTA_STRATEGY	AvgBreak:AvgBreak策略初始化
2018-07-30 17:13:12,151  INFO: CTA_STRATEGY	策略AvgBreak触发异常已停止
Traceback (most recent call last):
  File "/home/linlin/cyvn/app/ctaStrategy/ctaEngine.py", line 576, in callStrategyFunc
    func()
  File "/home/linlin/cyvn/app/ctaStrategy/strategy/strategyAvgBreak.py", line 86, in onInit
    self.onMyBar(bar)
  File "/home/linlin/cyvn/app/ctaStrategy/strategy/strategyAvgBreak.py", line 157, in onMyBar
    am.updateBar(bar)
  File "/home/linlin/cyvn/app/ctaStrategy/ctaTemplate.py", line 559, in updateBar
    self.datetimeArray[0:self.size-1] = self.datetimeArray[1:self.size]
TypeError: 'range' object does not support item assignment

2018-07-30 17:13:12,431  INFO: CTA_STRATEGY	HorizBreakout:HorizBreakout策略初始化
2018-07-30 17:13:14,937  INFO: CTA_STRATEGY	策略HorizBreakout触发异常已停止
Traceback (most recent call last):
  File "/home/linlin/cyvn/app/ctaStrategy/ctaEngine.py", line 576, in callStrategyFunc
    func()
  File "/home/linlin/cyvn/app/ctaStrategy/strategy/strategyHorizBreakout.py", line 88, in onInit
    self.onBar(bar)
  File "/home/linlin/cyvn/app/ctaStrategy/strategy/strategyHorizBreakout.py", line 112, in onBar
    self.bg.updateBar(bar)
  File "/home/linlin/cyvn/app/ctaStrategy/ctaTemplate.py", line 525, in updateBar
    self.onXminBar(self.xminBar)
  File "/home/linlin/cyvn/app/ctaStrategy/strategy/strategyHorizBreakout.py", line 124, in onMyBar
    am.updateBar(bar)
  File "/home/linlin/cyvn/app/ctaStrategy/ctaTemplate.py", line 559, in updateBar
    self.datetimeArray[0:self.size-1] = self.datetimeArray[1:self.size]
TypeError: 'range' object does not support item assignment

2018-07-30 17:13:15,217  INFO: CTA策略初始化成功
2018-07-30 17:13:15,218  INFO: CTA策略启动成功
2018-07-30 17:29:37,935  INFO: 启动CTA策略运行子进程
2018-07-30 17:29:37,936  INFO: 事件引擎创建成功
2018-07-30 17:29:37,937  INFO: 主引擎创建成功
2018-07-30 17:29:37,938  INFO: 注册日志事件监听
2018-07-30 17:29:38,981  INFO: CTP	交易服务器连接成功
2018-07-30 17:29:39,026  INFO: CTP	交易服务器登录完成
2018-07-30 17:29:39,901  INFO: CTP	结算信息确认完成
2018-07-30 17:29:40,287  INFO: 连接CTP接口
2018-07-30 17:29:40,288  INFO: MAIN_ENGINE	MongoDB连接成功
2018-07-30 17:29:50,307  INFO: CTA策略载入成功
2018-07-30 17:29:50,307  INFO: CTA_STRATEGY	找不到策略类：PonderDNCoreStrategy
2018-07-30 17:29:50,309  INFO: CTA_STRATEGY	HorizBreakout:HorizBreakout策略初始化
2018-07-30 17:29:53,130  INFO: CTP	交易合约信息获取完成
2018-07-30 17:29:55,910  INFO: CTA_STRATEGY	策略HorizBreakout触发异常已停止
Traceback (most recent call last):
  File "/home/linlin/cyvn/app/ctaStrategy/ctaEngine.py", line 576, in callStrategyFunc
    func()
  File "/home/linlin/cyvn/app/ctaStrategy/strategy/strategyHorizBreakout.py", line 88, in onInit
    self.onBar(bar)
  File "/home/linlin/cyvn/app/ctaStrategy/strategy/strategyHorizBreakout.py", line 112, in onBar
    self.bg.updateBar(bar)
  File "/home/linlin/cyvn/app/ctaStrategy/ctaTemplate.py", line 525, in updateBar
    self.onXminBar(self.xminBar)
  File "/home/linlin/cyvn/app/ctaStrategy/strategy/strategyHorizBreakout.py", line 124, in onMyBar
    am.updateBar(bar)
  File "/home/linlin/cyvn/app/ctaStrategy/ctaTemplate.py", line 559, in updateBar
    self.datetimeArray[0:self.size-1] = self.datetimeArray[1:self.size]
TypeError: 'range' object does not support item assignment

2018-07-30 17:29:56,202  INFO: CTA_STRATEGY	AvgBreak:AvgBreak策略初始化
2018-07-30 17:29:56,801  INFO: CTA_STRATEGY	策略AvgBreak触发异常已停止
Traceback (most recent call last):
  File "/home/linlin/cyvn/app/ctaStrategy/ctaEngine.py", line 576, in callStrategyFunc
    func()
  File "/home/linlin/cyvn/app/ctaStrategy/strategy/strategyAvgBreak.py", line 86, in onInit
    self.onMyBar(bar)
  File "/home/linlin/cyvn/app/ctaStrategy/strategy/strategyAvgBreak.py", line 157, in onMyBar
    am.updateBar(bar)
  File "/home/linlin/cyvn/app/ctaStrategy/ctaTemplate.py", line 559, in updateBar
    self.datetimeArray[0:self.size-1] = self.datetimeArray[1:self.size]
TypeError: 'range' object does not support item assignment

2018-07-30 17:29:57,094  INFO: CTA策略初始化成功
2018-07-30 17:29:57,095  INFO: CTA策略启动成功
2018-07-30 17:51:34,715  INFO: 启动CTA策略运行子进程
2018-07-30 17:51:34,715  INFO: 事件引擎创建成功
2018-07-30 17:51:34,717  INFO: 主引擎创建成功
2018-07-30 17:51:34,718  INFO: 注册日志事件监听
2018-07-30 17:51:34,783  INFO: CTP	交易服务器连接成功
2018-07-30 17:51:34,841  INFO: CTP	交易服务器登录完成
2018-07-30 17:51:35,183  INFO: CTP	结算信息确认完成
2018-07-30 17:51:37,033  INFO: 连接CTP接口
2018-07-30 17:51:37,034  INFO: MAIN_ENGINE	MongoDB连接成功
2018-07-30 17:51:47,055  INFO: CTA策略载入成功
2018-07-30 17:51:47,056  INFO: CTA_STRATEGY	找不到策略类：PonderDNCoreStrategy
2018-07-30 17:51:47,058  INFO: CTA_STRATEGY	AvgBreak:AvgBreak策略初始化
2018-07-30 17:51:47,938  INFO: CTA_STRATEGY	策略AvgBreak触发异常已停止
Traceback (most recent call last):
  File "/home/linlin/cyvn/app/ctaStrategy/ctaEngine.py", line 576, in callStrategyFunc
    func()
  File "/home/linlin/cyvn/app/ctaStrategy/strategy/strategyAvgBreak.py", line 86, in onInit
    self.onMyBar(bar)
  File "/home/linlin/cyvn/app/ctaStrategy/strategy/strategyAvgBreak.py", line 157, in onMyBar
    am.updateBar(bar)
  File "/home/linlin/cyvn/app/ctaStrategy/ctaTemplate.py", line 566, in updateBar
    self.datetimeArray[-1] = bar.datetime.strftime( '%Y-%m-%d %H:%M:%S')
IndexError: list assignment index out of range

2018-07-30 17:51:48,230  INFO: CTA_STRATEGY	AvgBreak的交易合约rb1810无法找到
2018-07-30 17:51:48,230  INFO: CTA_STRATEGY	HorizBreakout:HorizBreakout策略初始化
2018-07-30 17:51:50,594  INFO: CTA_STRATEGY	策略HorizBreakout触发异常已停止
Traceback (most recent call last):
  File "/home/linlin/cyvn/app/ctaStrategy/ctaEngine.py", line 576, in callStrategyFunc
    func()
  File "/home/linlin/cyvn/app/ctaStrategy/strategy/strategyHorizBreakout.py", line 88, in onInit
    self.onBar(bar)
  File "/home/linlin/cyvn/app/ctaStrategy/strategy/strategyHorizBreakout.py", line 112, in onBar
    self.bg.updateBar(bar)
  File "/home/linlin/cyvn/app/ctaStrategy/ctaTemplate.py", line 525, in updateBar
    self.onXminBar(self.xminBar)
  File "/home/linlin/cyvn/app/ctaStrategy/strategy/strategyHorizBreakout.py", line 124, in onMyBar
    am.updateBar(bar)
  File "/home/linlin/cyvn/app/ctaStrategy/ctaTemplate.py", line 566, in updateBar
    self.datetimeArray[-1] = bar.datetime.strftime( '%Y-%m-%d %H:%M:%S')
IndexError: list assignment index out of range

2018-07-30 17:51:50,883  INFO: CTA策略初始化成功
2018-07-30 17:51:50,883  INFO: CTA_STRATEGY	HorizBreakout的交易合约rb1810无法找到
2018-07-30 17:51:50,884  INFO: CTA策略启动成功
2018-07-30 17:54:04,153  INFO: 启动CTA策略运行子进程
2018-07-30 17:54:04,153  INFO: 事件引擎创建成功
2018-07-30 17:54:04,155  INFO: 主引擎创建成功
2018-07-30 17:54:04,156  INFO: 注册日志事件监听
2018-07-30 17:54:06,389  INFO: 连接CTP接口
2018-07-30 17:54:06,390  INFO: MAIN_ENGINE	MongoDB连接成功
2018-07-30 17:54:16,410  INFO: CTA_STRATEGY	找不到策略类：PonderDNCoreStrategy
2018-07-30 17:54:16,411  INFO: CTA策略载入成功
2018-07-30 17:54:16,413  INFO: CTA_STRATEGY	HorizBreakout:HorizBreakout策略初始化
2018-07-30 17:54:19,443  INFO: CTA_STRATEGY	HorizBreakout的交易合约rb1810无法找到
2018-07-30 17:54:19,443  INFO: CTA_STRATEGY	AvgBreak:AvgBreak策略初始化
2018-07-30 17:54:20,285  INFO: CTA策略初始化成功
2018-07-30 17:54:20,286  INFO: CTA_STRATEGY	AvgBreak的交易合约rb1810无法找到
2018-07-30 17:54:20,286  INFO: CTA策略启动成功
2018-07-30 17:54:20,287  INFO: CTA_STRATEGY	HorizBreakout:HorizBreakout策略启动
2018-07-30 17:54:20,287  INFO: CTA_STRATEGY	AvgBreak:AvgBreak策略启动
2018-07-30 17:54:25,228  INFO: CTP	交易服务器连接成功
2018-07-30 17:54:25,638  INFO: CTP	交易服务器登录完成
2018-07-30 17:54:38,591  INFO: CTP	结算信息确认完成
2018-07-30 17:55:00,659  INFO: 启动CTA策略运行子进程
2018-07-30 17:55:00,667  INFO: 事件引擎创建成功
2018-07-30 17:55:00,678  INFO: 主引擎创建成功
2018-07-30 17:55:00,679  INFO: 注册日志事件监听
2018-07-30 17:55:00,720  INFO: CTP	交易服务器连接成功
2018-07-30 17:55:00,760  INFO: CTP	交易服务器登录完成
2018-07-30 17:55:00,936  INFO: CTP	结算信息确认完成
2018-07-30 17:55:01,235  INFO: CTP	交易合约信息获取完成
2018-07-30 17:55:02,956  INFO: 连接CTP接口
2018-07-30 17:55:02,957  INFO: MAIN_ENGINE	MongoDB连接成功
2018-07-30 17:55:12,979  INFO: CTA策略载入成功
2018-07-30 17:55:12,979  INFO: CTA_STRATEGY	找不到策略类：PonderDNCoreStrategy
2018-07-30 17:55:12,981  INFO: CTA_STRATEGY	HorizBreakout:HorizBreakout策略初始化
2018-07-30 17:55:16,288  INFO: CTA_STRATEGY	AvgBreak:AvgBreak策略初始化
2018-07-30 17:55:18,920  INFO: CTA策略初始化成功
2018-07-30 17:55:18,921  INFO: CTA策略启动成功
2018-07-30 17:55:18,921  INFO: CTA_STRATEGY	HorizBreakout:HorizBreakout策略启动
2018-07-30 17:55:18,922  INFO: CTA_STRATEGY	AvgBreak:AvgBreak策略启动
2018-07-30 17:56:02,463  INFO: 启动CTA策略运行子进程
2018-07-30 17:56:02,464  INFO: 事件引擎创建成功
2018-07-30 17:56:02,466  INFO: 主引擎创建成功
2018-07-30 17:56:02,467  INFO: 注册日志事件监听
2018-07-30 17:56:04,737  INFO: 连接CTP接口
2018-07-30 17:56:04,737  INFO: MAIN_ENGINE	MongoDB连接成功
2018-07-30 17:56:05,650  INFO: CTP	交易服务器连接成功
2018-07-30 17:56:06,216  INFO: CTP	交易服务器登录完成
2018-07-30 17:56:06,611  INFO: CTP	结算信息确认完成
2018-07-30 17:56:14,749  INFO: CTA策略载入成功
2018-07-30 17:56:14,751  INFO: CTA_STRATEGY	HorizBreakout:HorizBreakout策略初始化
2018-07-30 17:56:18,002  INFO: CTA_STRATEGY	HorizBreakout的交易合约rb1810无法找到
2018-07-30 17:56:18,003  INFO: CTA_STRATEGY	AvgBreak:AvgBreak策略初始化
2018-07-30 17:56:18,864  INFO: CTA策略初始化成功
2018-07-30 17:56:18,865  INFO: CTA_STRATEGY	AvgBreak的交易合约rb1810无法找到
2018-07-30 17:56:18,867  INFO: CTA策略启动成功
2018-07-30 17:56:18,868  INFO: CTA_STRATEGY	HorizBreakout:HorizBreakout策略启动
2018-07-30 17:56:18,869  INFO: CTA_STRATEGY	AvgBreak:AvgBreak策略启动
2018-07-30 17:56:35,841  INFO: 启动CTA策略运行子进程
2018-07-30 17:56:35,841  INFO: 事件引擎创建成功
2018-07-30 17:56:35,843  INFO: 主引擎创建成功
2018-07-30 17:56:35,844  INFO: 注册日志事件监听
2018-07-30 17:56:35,887  INFO: CTP	交易服务器连接成功
2018-07-30 17:56:35,931  INFO: CTP	交易服务器登录完成
2018-07-30 17:56:38,170  INFO: 连接CTP接口
2018-07-30 17:56:38,170  INFO: MAIN_ENGINE	MongoDB连接成功
2018-07-30 17:56:39,137  INFO: CTP	结算信息确认完成
2018-07-30 18:06:12,962  INFO: 启动CTA策略运行子进程
2018-07-30 18:06:12,963  INFO: 事件引擎创建成功
2018-07-30 18:06:12,965  INFO: 主引擎创建成功
2018-07-30 18:06:12,965  INFO: 注册日志事件监听
2018-07-30 18:06:13,028  INFO: CTP	交易服务器连接成功
2018-07-30 18:06:13,631  INFO: CTP	交易服务器登录完成
2018-07-30 18:06:15,231  INFO: 连接CTP接口
2018-07-30 18:06:15,232  INFO: MAIN_ENGINE	MongoDB连接成功
2018-07-30 18:06:17,140  INFO: CTP	结算信息确认完成
2018-07-30 18:06:28,402  INFO: 启动CTA策略运行子进程
2018-07-30 18:06:28,403  INFO: 事件引擎创建成功
2018-07-30 18:06:28,405  INFO: 主引擎创建成功
2018-07-30 18:06:28,405  INFO: 注册日志事件监听
2018-07-30 18:06:29,483  INFO: CTP	交易服务器连接成功
2018-07-30 18:06:29,952  INFO: CTP	交易服务器登录完成
2018-07-30 18:06:30,644  INFO: 连接CTP接口
2018-07-30 18:06:30,645  INFO: MAIN_ENGINE	MongoDB连接成功
2018-07-30 18:06:38,747  INFO: CTP	结算信息确认完成
2018-07-30 18:06:40,660  INFO: CTA策略载入成功
2018-07-30 18:06:40,663  INFO: CTA_STRATEGY	AvgBreak:AvgBreak策略初始化
2018-07-30 18:06:41,795  INFO: CTA_STRATEGY	AvgBreak的交易合约rb1810无法找到
2018-07-30 18:06:41,795  INFO: CTA_STRATEGY	HorizBreakout:HorizBreakout策略初始化
2018-07-30 18:06:44,419  INFO: CTA策略初始化成功
2018-07-30 18:06:44,421  INFO: CTA策略启动成功
2018-07-30 18:06:44,420  INFO: CTA_STRATEGY	HorizBreakout的交易合约rb1810无法找到
2018-07-30 18:06:44,423  INFO: CTA_STRATEGY	AvgBreak:AvgBreak策略启动
2018-07-30 18:06:44,424  INFO: CTA_STRATEGY	HorizBreakout:HorizBreakout策略启动
2018-07-30 18:07:11,133  INFO: 启动CTA策略运行子进程
2018-07-30 18:07:11,134  INFO: 事件引擎创建成功
2018-07-30 18:07:11,136  INFO: 主引擎创建成功
2018-07-30 18:07:11,136  INFO: 注册日志事件监听
2018-07-30 18:07:11,178  INFO: CTP	交易服务器连接成功
2018-07-30 18:07:11,221  INFO: CTP	交易服务器登录完成
2018-07-30 18:07:11,297  INFO: CTP	结算信息确认完成
2018-07-30 18:07:11,466  INFO: CTP	交易合约信息获取完成
2018-07-30 18:07:13,396  INFO: 连接CTP接口
2018-07-30 18:07:13,397  INFO: MAIN_ENGINE	MongoDB连接成功
2018-07-30 18:07:23,415  INFO: CTA策略载入成功
2018-07-30 18:07:23,417  INFO: CTA_STRATEGY	AvgBreak:AvgBreak策略初始化
2018-07-30 18:07:24,552  INFO: CTA_STRATEGY	HorizBreakout:HorizBreakout策略初始化
2018-07-30 18:07:27,235  INFO: CTA策略初始化成功
2018-07-30 18:07:27,236  INFO: CTA策略启动成功
2018-07-30 18:07:27,237  INFO: CTA_STRATEGY	AvgBreak:AvgBreak策略启动
2018-07-30 18:07:27,237  INFO: CTA_STRATEGY	HorizBreakout:HorizBreakout策略启动
2018-07-30 18:08:17,112  INFO: 启动CTA策略运行子进程
2018-07-30 18:08:17,112  INFO: 事件引擎创建成功
2018-07-30 18:08:17,114  INFO: 主引擎创建成功
2018-07-30 18:08:17,115  INFO: 注册日志事件监听
2018-07-30 18:08:19,370  INFO: 连接CTP接口
2018-07-30 18:08:19,371  INFO: MAIN_ENGINE	MongoDB连接成功
2018-07-30 18:08:20,413  INFO: CTP	交易服务器连接成功
2018-07-30 18:08:21,638  INFO: CTP	交易服务器登录完成
2018-07-30 18:08:29,389  INFO: CTA策略载入成功
2018-07-30 18:08:29,391  INFO: CTA_STRATEGY	HorizBreakout:HorizBreakout策略初始化
2018-07-30 18:08:32,338  INFO: CTA_STRATEGY	HorizBreakout的交易合约rb1810无法找到
2018-07-30 18:08:32,339  INFO: CTA_STRATEGY	AvgBreak:AvgBreak策略初始化
2018-07-30 18:08:33,200  INFO: CTA策略初始化成功
2018-07-30 18:08:33,200  INFO: CTA_STRATEGY	AvgBreak的交易合约rb1810无法找到
2018-07-30 18:08:33,202  INFO: CTA策略启动成功
2018-07-30 18:08:33,203  INFO: CTA_STRATEGY	HorizBreakout:HorizBreakout策略启动
2018-07-30 18:08:33,204  INFO: CTA_STRATEGY	AvgBreak:AvgBreak策略启动
2018-07-30 18:09:12,983  INFO: 启动CTA策略运行子进程
2018-07-30 18:09:12,983  INFO: 事件引擎创建成功
2018-07-30 18:09:12,985  INFO: 主引擎创建成功
2018-07-30 18:09:12,986  INFO: 注册日志事件监听
2018-07-30 18:09:14,056  INFO: CTP	交易服务器连接成功
2018-07-30 18:09:14,100  INFO: CTP	交易服务器登录完成
2018-07-30 18:09:14,321  INFO: CTP	结算信息确认完成
2018-07-30 18:09:16,564  INFO: 连接CTP接口
2018-07-30 18:09:16,564  INFO: MAIN_ENGINE	MongoDB连接成功
2018-07-30 18:09:26,582  INFO: CTA策略载入成功
2018-07-30 18:09:26,584  INFO: CTA_STRATEGY	HorizBreakout:HorizBreakout策略初始化
2018-07-30 18:11:10,712  INFO: 启动CTA策略运行子进程
2018-07-30 18:11:10,713  INFO: 事件引擎创建成功
2018-07-30 18:11:10,715  INFO: 主引擎创建成功
2018-07-30 18:11:10,715  INFO: 注册日志事件监听
2018-07-30 18:11:10,755  INFO: CTP	交易服务器连接成功
2018-07-30 18:11:10,859  INFO: CTP	交易服务器登录完成
2018-07-30 18:11:12,957  INFO: 连接CTP接口
2018-07-30 18:11:12,957  INFO: MAIN_ENGINE	MongoDB连接成功
2018-07-30 18:13:50,378  INFO: 启动CTA策略运行子进程
2018-07-30 18:13:50,378  INFO: 事件引擎创建成功
2018-07-30 18:13:50,380  INFO: 主引擎创建成功
2018-07-30 18:13:50,380  INFO: 注册日志事件监听
2018-07-30 18:13:50,393  INFO: CTP	行情服务器连接成功
2018-07-30 18:13:50,416  INFO: CTP	交易服务器连接成功
2018-07-30 18:13:50,425  INFO: CTP	行情服务器连接断开
2018-07-30 18:13:50,455  INFO: CTP	交易服务器登录完成
2018-07-30 18:13:50,581  INFO: CTP	结算信息确认完成
2018-07-30 18:13:52,629  INFO: 连接CTP接口
2018-07-30 18:13:52,630  INFO: MAIN_ENGINE	MongoDB连接成功
2018-07-30 18:13:55,507  INFO: CTP	行情服务器连接成功
2018-07-30 18:13:55,786  INFO: CTP	行情服务器连接断开
2018-07-30 18:13:56,065  INFO: CTP	行情服务器连接成功
2018-07-30 18:13:56,344  INFO: CTP	行情服务器连接断开
2018-07-30 18:13:56,623  INFO: CTP	行情服务器连接成功
2018-07-30 18:13:56,902  INFO: CTP	行情服务器连接断开
2018-07-30 18:13:57,182  INFO: CTP	行情服务器连接成功
2018-07-30 18:13:57,461  INFO: CTP	行情服务器连接断开
2018-07-30 18:13:57,741  INFO: CTP	行情服务器连接成功
2018-07-30 18:13:58,021  INFO: CTP	行情服务器连接断开
2018-07-30 18:13:58,301  INFO: CTP	行情服务器连接成功
2018-07-30 18:13:58,581  INFO: CTP	行情服务器连接断开
2018-07-30 20:50:54,096  INFO: 启动CTA策略运行子进程
2018-07-30 20:50:54,097  INFO: 事件引擎创建成功
2018-07-30 20:50:54,099  INFO: 主引擎创建成功
2018-07-30 20:50:54,099  INFO: 注册日志事件监听
2018-07-30 20:50:54,112  INFO: CTP	交易服务器连接成功
2018-07-30 20:50:54,176  INFO: CTP	行情服务器连接成功
2018-07-30 20:50:54,256  INFO: CTP	行情服务器登录完成
2018-07-30 20:50:54,305  INFO: CTP	交易服务器登录完成
2018-07-30 20:50:54,408  INFO: CTP	结算信息确认完成
2018-07-30 20:50:54,821  INFO: CTP	交易合约信息获取完成
2018-07-30 20:50:56,370  INFO: 连接CTP接口
2018-07-30 20:50:56,371  INFO: MAIN_ENGINE	MongoDB连接成功
2018-07-30 20:51:06,420  INFO: CTA策略载入成功
2018-07-30 20:51:06,422  INFO: CTA_STRATEGY	AvgBreak:AvgBreak策略初始化
2018-07-30 20:51:07,548  INFO: CTA_STRATEGY	HorizBreakout:HorizBreakout策略初始化
2018-07-30 20:51:10,188  INFO: CTA策略初始化成功
2018-07-30 20:51:10,189  INFO: CTA策略启动成功
2018-07-30 20:51:10,190  INFO: CTA_STRATEGY	AvgBreak:AvgBreak策略启动
2018-07-30 20:51:10,190  INFO: CTA_STRATEGY	HorizBreakout:HorizBreakout策略启动
2018-07-30 21:00:02,604  INFO: CTA_STRATEGY	策略HorizBreakout同步数据保存成功，当前持仓1
2018-07-30 21:00:02,605  INFO: CTA_STRATEGY	策略AvgBreak同步数据保存成功，当前持仓0
2018-07-30 21:11:34,136  INFO: 启动CTA策略运行子进程
2018-07-30 21:11:34,137  INFO: 事件引擎创建成功
2018-07-30 21:11:34,139  INFO: 主引擎创建成功
2018-07-30 21:11:34,139  INFO: 注册日志事件监听
2018-07-30 21:12:45,164  INFO: 启动CTA策略运行子进程
2018-07-30 21:12:45,165  INFO: 事件引擎创建成功
2018-07-30 21:12:45,168  INFO: 主引擎创建成功
2018-07-30 21:12:45,168  INFO: 注册日志事件监听
2018-07-30 21:12:45,206  INFO: CTP	交易服务器连接成功
2018-07-30 21:12:45,244  INFO: CTP	交易服务器登录完成
2018-07-30 21:12:45,313  INFO: CTP	结算信息确认完成
2018-07-30 21:12:47,390  INFO: 连接CTP接口
2018-07-30 21:12:47,390  INFO: MAIN_ENGINE	MongoDB连接成功
2018-07-30 21:12:48,346  INFO: CTP	行情服务器连接成功
2018-07-30 21:12:48,691  INFO: CTP	行情服务器登录完成
2018-07-30 21:12:57,407  INFO: CTA策略载入成功
2018-07-30 21:12:57,409  INFO: CTA_STRATEGY	HorizBreakout:HorizBreakout策略初始化
2018-07-30 21:13:00,381  INFO: CTA_STRATEGY	AvgBreak:AvgBreak策略初始化
2018-07-30 21:13:00,824  INFO: CTP	交易合约信息获取完成
2018-07-30 21:13:01,225  INFO: CTA策略初始化成功
2018-07-30 21:13:01,226  INFO: CTA策略启动成功
2018-07-30 21:13:02,480  INFO: CTA_STRATEGY	HorizBreakout:HorizBreakout策略启动
2018-07-30 21:13:02,481  INFO: CTA_STRATEGY	AvgBreak:AvgBreak策略启动
2018-07-30 21:14:13,166  INFO: 启动CTA策略运行子进程
2018-07-30 21:14:13,167  INFO: 事件引擎创建成功
2018-07-30 21:14:13,169  INFO: 主引擎创建成功
2018-07-30 21:14:13,170  INFO: 注册日志事件监听
2018-07-30 21:14:13,243  INFO: CTP	交易服务器连接成功
2018-07-30 21:14:13,318  INFO: CTP	交易服务器登录完成
2018-07-30 21:14:13,457  INFO: CTP	结算信息确认完成
2018-07-30 21:14:15,360  INFO: 连接CTP接口
2018-07-30 21:14:15,361  INFO: MAIN_ENGINE	MongoDB连接成功
2018-07-30 21:14:16,658  INFO: CTP	交易合约信息获取完成
2018-07-30 21:14:24,266  INFO: CTP	行情服务器连接成功
2018-07-30 21:14:24,537  INFO: CTP	行情服务器登录完成
2018-07-30 21:14:25,389  INFO: CTA策略载入成功
2018-07-30 21:14:25,392  INFO: CTA_STRATEGY	AvgBreak:AvgBreak策略初始化
2018-07-30 21:14:26,487  INFO: CTA_STRATEGY	HorizBreakout:HorizBreakout策略初始化
2018-07-30 21:14:29,079  INFO: CTA策略初始化成功
2018-07-30 21:14:29,080  INFO: CTA策略启动成功
2018-07-30 21:14:29,081  INFO: CTA_STRATEGY	AvgBreak:AvgBreak策略启动
2018-07-30 21:14:29,081  INFO: CTA_STRATEGY	HorizBreakout:HorizBreakout策略启动
2018-07-30 22:25:32,190  INFO: 启动CTA策略运行子进程
2018-07-30 22:25:32,206  INFO: 事件引擎创建成功
2018-07-30 22:25:32,209  INFO: 主引擎创建成功
2018-07-30 22:25:32,210  INFO: 注册日志事件监听
2018-07-30 22:25:32,255  INFO: CTP	交易服务器连接成功
2018-07-30 22:25:32,581  INFO: CTP	交易服务器登录完成
2018-07-30 22:25:32,921  INFO: CTP	结算信息确认完成
2018-07-30 22:25:33,307  INFO: CTP	行情服务器连接成功
2018-07-30 22:25:33,396  INFO: CTP	行情服务器登录完成
2018-07-30 22:25:34,359  INFO: 连接CTP接口
2018-07-30 22:25:34,359  INFO: MAIN_ENGINE	MongoDB连接成功
2018-07-30 22:25:34,626  INFO: CTP	交易合约信息获取完成
2018-07-30 22:25:44,445  INFO: CTA策略载入成功
2018-07-30 22:25:44,449  INFO: CTA_STRATEGY	AvgBreak:AvgBreak策略初始化
2018-07-30 22:25:45,530  INFO: CTA_STRATEGY	HorizBreakout:HorizBreakout策略初始化
2018-07-30 22:25:48,119  INFO: CTA策略初始化成功
2018-07-30 22:25:48,120  INFO: CTA策略启动成功
2018-07-30 22:25:48,121  INFO: CTA_STRATEGY	AvgBreak:AvgBreak策略启动
2018-07-30 22:25:48,121  INFO: CTA_STRATEGY	HorizBreakout:HorizBreakout策略启动
