2018-08-16 21:08:48,976  INFO: 启动CTA策略运行子进程
2018-08-16 21:08:48,977  INFO: 事件引擎创建成功
2018-08-16 21:08:48,981  INFO: 主引擎创建成功
2018-08-16 21:08:48,982  INFO: 注册日志事件监听
2018-08-16 21:08:50,205  INFO: CTP	行情服务器连接成功
2018-08-16 21:08:50,224  INFO: CTP	行情服务器登录完成
2018-08-16 21:08:51,222  INFO: CTP	交易服务器连接成功
2018-08-16 21:08:51,245  INFO: CTP	交易服务器登录完成
2018-08-16 21:08:51,285  INFO: CTP	结算信息确认完成
2018-08-16 21:08:51,529  INFO: CTP	交易合约信息获取完成
2018-08-16 21:08:52,404  INFO: 连接CTP接口
2018-08-16 21:08:52,404  INFO: MAIN_ENGINE	MongoDB连接成功
2018-08-16 21:09:02,476  INFO: CTA策略载入成功
2018-08-16 21:09:02,478  INFO: CTA_STRATEGY	AvgBreak:AvgBreak策略初始化
2018-08-16 21:09:05,268  INFO: CTA_STRATEGY	HorizBreakout:HorizBreakout策略初始化
2018-08-16 21:10:20,663  INFO: 启动CTA策略运行子进程
2018-08-16 21:10:20,664  INFO: 事件引擎创建成功
2018-08-16 21:10:20,667  INFO: 主引擎创建成功
2018-08-16 21:10:20,668  INFO: 注册日志事件监听
2018-08-16 21:10:21,747  INFO: CTP	行情服务器连接成功
2018-08-16 21:10:21,748  INFO: CTP	交易服务器连接成功
2018-08-16 21:10:21,766  INFO: CTP	行情服务器登录完成
2018-08-16 21:10:21,773  INFO: CTP	交易服务器登录完成
2018-08-16 21:10:21,813  INFO: CTP	结算信息确认完成
2018-08-16 21:10:21,977  INFO: CTP	交易合约信息获取完成
2018-08-16 21:10:23,935  INFO: 连接CTP接口
2018-08-16 21:10:23,935  INFO: MAIN_ENGINE	MongoDB连接成功
2018-08-16 21:10:33,962  INFO: CTA策略载入成功
2018-08-16 21:10:33,965  INFO: CTA_STRATEGY	BollChannel01:BollChannel01策略初始化
2018-08-16 21:11:17,775  INFO: CTA_STRATEGY	HorizBreakout:HorizBreakout策略初始化
2018-08-16 21:13:13,645  INFO: 启动CTA策略运行子进程
2018-08-16 21:13:13,647  INFO: 事件引擎创建成功
2018-08-16 21:13:13,651  INFO: 主引擎创建成功
2018-08-16 21:13:13,651  INFO: 注册日志事件监听
2018-08-16 21:13:14,445  INFO: CTP	行情服务器连接成功
2018-08-16 21:13:14,447  INFO: CTP	交易服务器连接成功
2018-08-16 21:13:14,460  INFO: CTP	行情服务器登录完成
2018-08-16 21:13:14,467  INFO: CTP	交易服务器登录完成
2018-08-16 21:13:14,497  INFO: CTP	结算信息确认完成
2018-08-16 21:13:14,655  INFO: CTP	交易合约信息获取完成
2018-08-16 21:13:16,668  INFO: 连接CTP接口
2018-08-16 21:13:16,669  INFO: MAIN_ENGINE	MongoDB连接成功
2018-08-16 21:13:26,699  INFO: CTA策略载入成功
2018-08-16 21:13:26,703  INFO: CTA_STRATEGY	HorizBreakout:HorizBreakout策略初始化
